30 48 72 45 90 98 35 15 37 17 58 50 36 32 78 73 14 47 67 16 87 42 4 25 86 51 91 88 85 41 2 43 38 60 63 26 57 27 52 12 84 34 81 66 65 1 7 96 49 64 77 95 71 92 68 82 89 93 75 22 74 46 69 83 56 80 6 40 29 5 53 54 13 79 62 33 31 94 61 24 70 76 10 97 59 55
30 63
48 82
72 70
45 91
90 70
90 94
90 87
98 94
98 2
98 17
35 94
15 82
15 50
37 69
37 81
37 14
58 94
50 56
36 82
36 47
32 81
32 71
32 25
78 10
73 63
73 1
73 54
14 5
67 93
16 56
87 60
87 38
42 2
4 81
86 63
51 65
91 63
91 65
88 93
85 75
85 40
41 83
43 94
63 84
63 33
63 27
63 96
63 57
63 6
26 49
27 82
27 70
27 31
52 94
12 94
34 92
81 75
81 94
66 64
66 93
7 13
96 53
49 97
64 70
77 94
95 94
92 75
68 79
82 76
82 13
82 79
89 70
75 62
75 83
75 74
22 54
46 31
69 29
80 94
79 24
33 10
94 97
94 59
94 55
61 97