0 2 5 54 56 71 78 87 89 1 30 37 63 70 94 7 10 55 62 69 3 15 84 43 20 38 50 92 6 48 65 98 8 23 52 72 9 19 27 44 76 81 11 36 40 12 34 75 83 13 51 61 97 14 22 24 41 47 96 18 60 17 28 46 53 82 42 95 73 79 80 86 25 49 26 74 31 45 32 33 39 93 35 91 57
0 56
2 62
2 55
5 38
5 20
54 55
54 18
54 75
54 37
56 32
56 26
56 27
71 78
71 57
78 30
78 47
78 61
87 72
89 91
1 94
37 24
63 11
63 53
63 49
63 6
70 72
70 91
94 79
94 42
7 92
7 3
10 81
55 98
62 80
69 31
15 96
15 65
84 91
43 98
43 73
38 13
50 48
50 73
92 76
92 33
65 39
98 40
8 23
23 19
23 25
52 57
9 27
9 76
9 19
19 96
19 95
27 22
27 74
27 41
44 60
44 51
76 75
81 25
81 31
11 36
36 45
12 75
34 42
83 49
13 61
51 14
61 25
97 82
14 41
22 79
96 82
60 91
17 28
17 46
28 74
82 35
82 86
31 45
93 91