46 21 85 39 27 87 20 81 50 65 47 64 4 3 40 48 67 30 29 41 22 86 71 57 53 45 51 91 83 63 84 59 44 92 28 78 34 61 90 52 79 43 24 95 73 75 13 31 7 54 10 8 2 94 88 0 5 80 14 36 98 33 11 16 66 18 58 32 19 12 68 26 93 6 74 15 25 9 17 82 60 37 76 69 49 23 70 55 72 38 1
46 41
46 60
46 21
46 44
46 65
85 53
39 11
39 50
39 25
27 51
87 20
87 83
20 52
20 0
81 55
81 84
47 3
47 61
47 2
47 32
47 34
64 69
4 0
3 37
3 8
40 38
40 7
48 72
48 63
67 11
67 90
30 70
30 60
30 36
29 75
29 73
41 22
22 69
86 68
86 55
71 36
57 13
53 8
45 72
51 10
91 10
91 26
83 78
83 73
63 94
84 60
84 79
84 12
59 76
92 2
92 28
61 18
90 49
43 2
24 95
24 19
95 93
75 5
75 6
75 72
75 33
13 82
13 19
31 66
7 37
54 0
10 58
2 72
2 1
94 58
88 0
5 16
5 74
80 19
14 49
98 23
16 66
16 23
16 93
16 76
93 17
93 9
74 15
25 69
37 49