0 43 21 40 18 41 35 2 1 64 70 13 57 3 45 4 25 5 31 36 6 47 32 7 20 22 8 52 65 9 72 10 71 11 28 56 30 46 14 15 17 60 24 19 39 66 42 62 26 67 27 50 69 51 29 54 68 44 49 55 59 63 61
0 2
0 18
0 21
0 41
0 43
0 40
43 68
43 6
21 66
21 31
21 39
21 22
18 4
18 3
41 52
41 72
41 15
35 10
35 20
2 13
2 57
1 64
64 28
64 57
64 61
64 26
70 63
13 46
45 49
45 68
4 25
5 31
5 36
6 47
6 32
32 19
7 20
7 22
8 65
8 52
52 55
52 27
52 29
52 14
65 71
65 63
9 72
72 24
11 56
11 28
28 69
28 51
30 69
17 24
17 60
24 62
39 54
42 67
26 67
27 50
68 44
59 63