11 28 33 44 74 85 97 70 1 5 15 42 92 80 2 23 25 34 57 66 68 76 86 91 95 38 3 20 63 83 24 54 4 7 16 90 75 99 17 6 37 60 61 93 94 19 21 59 82 96 9 13 12 22 56 62 65 78 88 50 71 14 27 46 58 72 30 48 84 18 29 31 32 79 35 39 55 67 36 81 89 77 43 49 73 41
11 65
11 83
11 7
11 14
28 42
28 49
28 76
28 84
28 58
33 17
33 57
44 93
74 13
85 21
97 43
97 16
97 25
97 70
1 80
5 17
15 32
15 34
15 4
15 79
92 4
80 68
80 23
2 38
23 88
66 20
68 14
68 4
68 17
76 72
86 75
91 12
91 9
95 13
38 4
38 75
38 82
3 24
3 54
20 94
63 48
63 49
83 36
83 61
54 96
90 32
75 37
99 31
6 19
60 43
60 93
93 14
94 19
19 79
21 72
21 46
21 89
21 50
59 41
59 73
96 73
13 72
13 18
12 72
12 62
22 67
56 73
78 77
88 84
88 35
71 35
27 84
30 48
48 77
29 43
31 77
32 81
39 36
55 81
67 77
49 73