0 14 27 1 29 9 13 81 64 10 54 2 96 50 16 3 75 52 70 69 21 57 17 59 34 6 80 56 88 53 31 49 30 4 67 46 95 32 48 42 11 71 55 8 45 93 18 7 37 86 51 97 26 33 58 25 90 5 19 28 40 77 23 82 12 15 89 85 87
0 9
0 27
14 3
27 46
1 59
1 3
1 54
1 52
29 55
29 56
9 15
9 12
13 3
81 89
64 7
10 12
2 46
2 32
2 48
2 70
2 49
2 42
2 69
2 67
96 34
96 19
96 23
50 5
16 25
3 18
75 56
70 28
69 55
21 30
57 71
17 42
34 5
6 5
6 80
80 8
88 5
53 4
31 87
31 71
30 89
4 11
4 33
46 33
95 28
48 89
11 77
45 12
93 7
93 90
18 5
7 12
7 5
37 97
86 33
51 25
97 82
26 19
58 12
25 40
25 85
82 87
12 85
85 87