55 36 88 15 20 52 4 28 64 31 97 22 16 62 63 61 24 44 96 2 50 98 38 7 89 74 13 18 43 1 82 6 79 77 49 51 65 19 69 29 76 45 72 5 23 10 95 42 86 46 83 14 92 32 94 26 9 3 21 59 39 17 99 90 81 68 25 47 11 91 40 93 54 34 85 27 0 37 53 73 71 58
55 45
55 32
36 6
88 0
88 92
15 81
20 79
52 68
52 46
52 4
4 51
4 93
4 64
4 19
4 27
28 49
28 86
31 19
97 13
22 3
22 14
16 50
62 38
62 44
63 47
63 98
63 24
61 24
24 85
24 73
24 11
96 99
96 21
2 18
2 29
50 51
98 6
98 79
38 76
38 68
38 39
7 42
89 49
89 5
89 42
74 17
13 23
18 0
18 71
43 37
43 81
1 39
82 14
82 73
82 32
6 69
6 72
6 21
79 77
79 23
65 29
65 59
19 3
69 59
45 81
5 14
5 54
5 10
23 58
10 95
95 94
42 91
86 90
46 17
83 40
92 34
26 54
9 47
9 25
21 40
27 53