0 1 2 3 5 7 13 16 17 27 39 42 46 52 56 78 85 88 92 99 28 49 73 79 94 9 22 23 31 33 57 66 72 4 25 38 45 48 65 67 76 77 86 41 55 71 75 93 6 15 19 26 32 50 10 20 37 53 97 24 54 59 69 89 29 51 81 91 43 60 95 34 30 47 58 68 80 18 98 36 40 63 64 87 83 82 74
0 92
0 13
0 88
0 7
1 28
2 22
2 9
2 5
2 17
3 76
3 67
5 75
5 28
5 15
13 80
16 36
17 68
17 40
27 28
27 58
39 80
42 25
42 65
42 87
46 92
46 97
52 15
56 78
78 9
85 91
88 23
88 49
92 33
99 50
28 19
73 64
73 75
79 23
79 41
94 15
9 38
9 31
23 82
31 86
31 63
33 86
57 26
57 48
66 32
66 20
72 45
4 76
25 24
38 76
45 65
45 43
48 55
67 83
77 34
86 98
55 74
71 20
71 10
75 43
93 15
6 10
6 53
19 47
19 37
26 69
50 97
10 69
20 36
20 37
54 98
59 63
69 30
89 64
29 87
51 43
81 34
91 64
43 60
95 34
95 18
18 64