32 29 30 31 33 34 35 26 27 28 36 37 38 23 24 25 39 40 41 20 21 22 42 43 44 17 18 19 45 46 47 14 15 16 48 49 50 11 12 13 51 52 53 8 9 10 54 55 56 5 6 7 57 58 59 2 3 4 60 61 62 0 1 98 63 64 65 96 97 95 66 67 68 93 94 92 69 70 71 90 91 89 72 73 74 87 88 86 75 76 77 84
32 29
32 30
32 31
32 33
32 34
32 35
29 26
29 27
29 28
33 36
34 37
35 38
26 23
26 24
26 25
36 39
37 40
38 41
23 20
23 21
23 22
39 42
40 43
41 44
20 17
20 18
20 19
42 45
43 46
44 47
17 14
17 15
17 16
45 48
46 49
47 50
14 11
14 12
14 13
48 51
49 52
50 53
11 8
11 9
11 10
51 54
52 55
53 56
8 5
8 6
8 7
54 57
55 58
56 59
5 2
5 3
5 4
57 60
58 61
59 62
2 0
2 1
2 98
60 63
61 64
62 65
0 96
0 97
98 95
63 66
64 67
65 68
96 93
96 94
95 92
66 69
67 70
68 71
93 90
93 91
92 89
69 72
70 73
71 74
90 87
90 88
89 86
72 75
73 76
74 77
87 84