77 4 34 45 92 22 47 62 9 40 55 71 27 37 51 6 56 59 8 11 65 86 30 64 82 28 83 5 31 42 13 26 35 70 78 19 0 15 43 88 21 48 12 89 94 24 25 72 97 75 96 98 10 3 14 18 32 67 54 33 52 2 81 74 84 66 1 60 79 76 53 29 20 87 68 57 61 69 91 99 38 41
77 4
77 34
77 45
77 92
4 22
4 47
4 62
34 9
34 40
34 55
34 71
45 27
45 37
45 51
92 6
92 56
92 59
22 8
22 11
22 65
22 86
47 30
47 64
47 82
62 28
62 83
9 5
9 31
9 42
40 13
40 26
40 35
55 70
71 78
27 19
37 0
37 15
37 43
51 88
6 21
6 48
56 12
8 89
8 94
11 24
11 25
11 72
65 97
30 75
30 96
30 98
64 10
28 3
83 14
5 18
5 32
5 67
42 54
13 33
26 52
19 2
0 81
15 74
88 84
21 66
89 1
89 60
89 79
24 76
25 53
97 29
75 20
96 87
10 68
3 57
18 61
18 69
32 91
54 99
33 38
1 41