55 10 33 52 80 4 5 19 56 57 2 53 68 9 47 76 18 77 95 37 38 39 40 41 42 15 82 83 84 26 50 27 49 31 32 63 67 14 65 54 7 96 78 17 62 75 1 8 21 24 79 81 23 45 72 58 90 61 70 71 34 46 36 43 94 99 97 12 59 73 20 69 13 86 48 91 16 28 29 51 88 22 98 87 11 93 3
55 10
55 33
55 52
55 80
10 4
10 5
10 19
10 56
10 57
33 2
33 53
33 68
52 9
52 47
52 76
80 18
80 77
80 95
4 37
4 38
4 39
5 40
5 41
5 42
19 15
19 82
19 83
19 84
56 26
56 50
57 27
57 49
2 31
2 32
53 63
53 67
68 14
68 65
9 54
47 7
47 96
47 78
76 17
76 62
76 75
18 1
18 8
18 21
18 24
18 79
18 81
95 23
37 45
38 72
38 58
41 90
42 61
15 70
15 71
82 34
84 46
26 36
27 43
49 94
49 99
31 97
63 12
63 59
67 73
14 20
14 69
65 13
65 86
7 48
78 91
75 16
1 28
1 29
8 51
21 88
24 22
24 98
72 87
58 11
58 93
34 3