71 52 9 53 49 8 51 15 72 58 11 59 37 4 39 67 14 68 60 12 61 85 16 73 20 87 2 31 79 18 80 38 5 41 75 90 0 25 86 95 23 96 19 82 40 63 94 70 7 46 99 1 29 97 24 50 6 43 88 21 47 91 22 3 35 57 10 42 48 76 17
71 15
71 38
71 61
71 50
52 9
52 73
9 53
53 70
49 8
49 97
8 51
8 50
15 72
15 70
72 94
58 11
58 63
11 59
11 60
59 25
59 40
37 4
4 39
4 38
39 29
67 14
14 68
68 42
12 61
12 63
61 85
85 20
16 73
16 75
20 87
20 86
87 31
2 31
79 18
18 80
80 95
5 41
5 40
5 42
75 90
90 21
0 25
86 82
86 35
95 23
23 96
23 94
19 82
7 46
7 47
7 48
46 99
46 57
99 24
1 29
97 24
6 43
43 88
88 21
47 91
91 22
3 35
57 10
48 76
76 17