20 17 14 77 43 52 27 24 85 49 46 60 93 6 13 59 65 72 79 15 33 78 97 39 54 44 57 75 68 64 83 80 66 0 3 21 23 25 84 92 18 19 5 16 61 35 56 1 63 47 53 10 28 62 26 45 67 40 36 55 8 38 41
20 43
20 19
17 14
17 18
17 36
14 77
14 13
14 15
77 84
43 52
43 59
52 56
27 24
27 28
24 85
24 6
85 84
49 46
46 60
46 93
46 23
46 65
60 63
6 10
6 8
65 72
72 79
33 78
33 25
33 40
33 41
78 97
78 66
39 54
54 44
44 57
44 40
57 75
68 64
64 83
64 25
80 66
66 84
0 3
0 1
3 21
23 25
23 26
84 92
18 19
18 16
5 16
16 61
16 47
61 35
1 63
63 67
47 53
28 62
26 45
36 55
8 38