53 57 61 30 35 36 56 71 74 76 91 94 98 2 3 7 34 39 40 51 54 77 78 82 87 92 69 73 75 42 46 13 12 17 55 4 79 16 19 23 88 62 28 27 59 60 47 49 24 96 99 63 64 66 48 50 32 33 84 85 86 26 21 11 10
53 57
53 50
57 61
57 56
57 54
57 62
61 60
61 66
30 35
30 34
30 27
35 36
35 40
71 74
74 76
76 79
91 94
91 86
94 98
2 3
3 7
7 12
7 4
7 11
34 39
34 33
39 42
51 54
51 49
54 55
77 78
78 82
78 75
82 87
82 79
82 86
87 92
87 88
92 96
69 73
69 66
73 75
42 46
46 48
13 12
12 17
17 21
16 19
16 11
19 23
23 26
62 63
28 27
27 24
59 60
47 49
24 21
96 99
63 64
48 50
32 33
84 85
85 86
11 10