0 2 25 24 62 63 64 65 66 67 68 69 70 71 72 73 74 75 76 77 78 79 80 81 82 83 84 85 86 87 88 89 90 91 92 93 94 95 96 97 98 99 43 9 32 35 54 41 1 4 5 6 7 8 10 12 13 14 15 16 17 19 20 21 23 27 28 31 33 36 39 42 44 45 46 48 50 51 52 58 11 37 61 38 59 55 40 26 3 47 22
0 2
0 25
0 24
0 62
0 63
0 64
0 65
0 66
0 67
0 68
0 69
0 70
0 71
0 72
0 73
0 74
0 75
0 76
0 77
0 78
0 79
0 80
0 81
0 82
0 83
0 84
0 85
0 86
0 87
0 88
0 89
0 90
0 91
0 92
0 93
0 94
0 95
0 96
0 97
0 98
0 99
2 43
25 9
24 32
24 35
24 54
24 41
62 1
64 4
65 5
66 6
67 7
68 8
69 10
70 12
71 13
72 14
73 15
74 16
75 17
76 19
77 20
78 21
79 23
81 27
82 28
84 31
86 33
88 36
89 39
91 42
93 44
94 45
95 46
96 48
97 50
98 51
99 52
9 58
9 11
41 37
13 61
14 38
14 59
16 55
16 40
20 26
33 3
39 47
42 22