44 34 43 54 45 33 24 35 42 55 64 53 46 22 23 14 25 32 41 52 65 56 63 74 47 11 12 21 13 4 15 26 31 40 51 66 75 57 72 84 73 48 37 1 10 2 20 3 5 16 27 30 50 61 77 76 85 67 58 81 71 82 94 83 49 38 0 6 17 18 29 36 60 88 87 78 86 95 68 59 91 80 70 92 93 39 28 7 8 19 98
44 34
44 43
44 54
44 45
34 33
34 24
34 35
43 42
54 55
54 64
54 53
45 46
33 22
24 23
24 14
24 25
42 32
42 41
42 52
55 65
55 56
64 63
64 74
46 47
22 11
22 12
22 21
14 13
14 4
25 15
25 26
41 31
41 40
52 51
65 66
65 75
56 57
63 72
74 84
74 73
47 48
47 37
11 1
11 10
12 2
21 20
13 3
4 5
15 16
26 27
31 30
40 50
51 61
66 77
75 76
75 85
57 67
57 58
72 81
72 71
72 82
84 94
84 83
48 49
48 38
1 0
5 6
16 17
27 18
27 29
27 36
50 60
77 88
77 87
77 78
85 86
85 95
58 68
58 59
81 91
81 80
71 70
82 92
94 93
49 39
38 28
6 7
18 8
18 19
88 98