1 0 2 99 3 98 4 97 5 96 6 95 7 94 8 93 9 92 10 91 11 90 12 89 13 88 14 87 15 86 16 85 17 84 18 83 19 82 20 81 21 80 22 79 23 78 24 77 25 76 26 75 27 74 28 73 29 72 30 71 31 70 32 69 33 68 34 67 35 66 36 65 37 64 38 63 39 62 40 61 41 60 42 59 43 58 44 57 45 56 46 55 47 54 48 53 49 52
1 0
1 2
0 99
2 3
99 98
3 4
98 97
4 5
97 96
5 6
96 95
6 7
95 94
7 8
94 93
8 9
93 92
9 10
92 91
10 11
91 90
11 12
90 89
12 13
89 88
13 14
88 87
14 15
87 86
15 16
86 85
16 17
85 84
17 18
84 83
18 19
83 82
19 20
82 81
20 21
81 80
21 22
80 79
22 23
79 78
23 24
78 77
24 25
77 76
25 26
76 75
26 27
75 74
27 28
74 73
28 29
73 72
29 30
72 71
30 31
71 70
31 32
70 69
32 33
69 68
33 34
68 67
34 35
67 66
35 36
66 65
36 37
65 64
37 38
64 63
38 39
63 62
39 40
62 61
40 41
61 60
41 42
60 59
42 43
59 58
43 44
58 57
44 45
57 56
45 46
56 55
46 47
55 54
47 48
54 53
48 49
53 52