75 12 40 54 76 80 91 94 23 34 38 55 56 83 46 52 87 98 0 4 6 18 30 37 9 41 45 92 22 51 62 68 88 60 70 84 89 93 1 24 42 43 79 81 8 19 25 17 97 5 13 2 26 27 49 53 57 72 59 78 65
75 12
75 40
75 54
75 76
75 80
75 91
75 94
12 23
12 34
12 38
12 55
12 56
12 83
40 46
40 52
40 87
40 98
54 0
54 4
54 6
54 18
54 30
54 37
76 9
76 41
76 45
76 92
80 22
80 51
80 62
80 68
80 88
91 60
91 70
91 84
91 89
91 93
94 1
94 24
94 42
94 43
94 79
94 81
23 8
23 19
23 25
34 17
34 97
38 5
38 13
55 2
56 26
56 27
83 49
52 53
52 57
87 72
0 59
0 78
6 65