49 1 4 50 53 6 7 55 56 59 8 57 5 9 12 14 17 15 16 19 21 24 22 23 26 28 31 29 30 33 35 38 36 37 40 42 45 54 58 61 63 66 64 65 68 70 73 71 72 75 77 80 78 79 82 84 87 85 86 89 91 94 92 93 96 43 98 46
49 50
49 46
1 4
4 5
50 53
53 54
6 7
6 5
7 8
55 56
55 54
56 59
56 57
8 9
57 58
9 12
12 14
14 17
14 15
15 16
16 19
19 21
21 24
21 22
22 23
23 26
26 28
28 31
28 29
29 30
30 33
33 35
35 38
35 36
36 37
37 40
40 42
42 45
42 43
58 61
61 63
63 66
63 64
64 65
65 68
68 70
70 73
70 71
71 72
72 75
75 77
77 80
77 78
78 79
79 82
82 84
84 87
84 85
85 86
86 89
89 91
91 94
91 92
92 93
93 96
96 98
43 46