21 20 22 11 41 35 27 9 6 77 63 19 43 23 42 38 74 10 12 75 40 0 1 34 36 70 26 28 33 8 45 5 7 76 68 62 64 18 44 15 24 31 37 39 25 73 69 13 50 49 2 3 56 60 29 32 52 46 4 67 55
21 20
21 22
21 11
21 41
21 35
21 27
21 9
21 6
21 77
21 63
20 19
20 43
22 23
22 42
22 38
22 74
11 10
11 12
11 75
41 40
41 0
41 1
35 34
35 36
35 70
27 26
27 28
27 33
9 8
9 45
6 5
6 7
77 76
77 68
63 62
63 64
19 18
43 44
43 15
23 24
23 31
38 37
38 39
38 25
74 73
74 69
12 13
75 50
0 49
1 2
36 3
36 56
26 60
28 29
33 32
8 52
45 46
5 4
68 67
68 55