0 36 76 98 44 80 99 62 64 87 20 27 75 54 4 88 68 24 19 12 15 39 8 2 51 86 37 5 22 89 82 21 91 14 56 52 33 30 43 16 1 69 11 46 10 49 6 81 45 48 77 78 28 65 25 50 57 42 17 26 9 23 32
0 80
36 68
76 87
76 44
76 20
76 6
98 77
98 81
98 44
98 26
44 80
44 88
44 42
80 91
99 12
99 69
99 19
62 64
64 78
64 46
87 1
20 39
27 16
75 54
75 56
54 51
54 69
4 52
88 46
68 42
68 32
24 86
24 78
12 77
12 21
15 39
8 30
2 82
51 11
86 45
37 5
37 77
22 81
22 50
89 69
89 30
82 46
21 9
91 48
91 14
56 23
52 77
33 49
33 42
43 49
16 25
69 28
69 10
81 65
48 25
78 57
25 17