0 26 61 62 63 64 65 66 67 68 69 70 71 72 73 74 75 76 77 78 79 80 81 82 83 84 85 86 87 88 89 90 91 92 93 94 95 96 97 98 99 3 53 55 2 4 6 7 9 10 11 13 14 16 17 18 20 22 27 29 30 31 35 37 42 43 44 45 48 49 51 54 1 25 23 50 8 12 60 32 52 58 34 59 24 15 56 47 41 19 57
0 26
0 61
0 62
0 63
0 64
0 65
0 66
0 67
0 68
0 69
0 70
0 71
0 72
0 73
0 74
0 75
0 76
0 77
0 78
0 79
0 80
0 81
0 82
0 83
0 84
0 85
0 86
0 87
0 88
0 89
0 90
0 91
0 92
0 93
0 94
0 95
0 96
0 97
0 98
0 99
26 3
26 53
26 55
61 2
63 4
65 6
66 7
67 9
68 10
69 11
70 13
71 14
72 16
73 17
74 18
75 20
77 22
79 27
81 29
82 30
83 31
85 35
87 37
90 42
91 43
92 44
93 45
95 48
96 49
97 51
99 54
3 1
3 25
3 23
2 50
4 8
7 12
11 60
13 32
16 52
18 58
20 34
29 59
31 24
43 15
49 56
1 47
15 41
56 19
41 57