8 9 79 54 51 40 22 89 95 57 96 67 18 75 50 72 55 25 11 70 48 88 58 90 5 17 30 86 36 53 87 52 73 20 66 4 6 10 61 84 46 94 41 93 83 26 27 21 64 65 60 39 35 47 16 2 63 43 76 33 85 37 82 1 99 34 19 31 38 78 62 24 74 92 32 13 71 69 42 56 97 44 80 59 91
8 74
9 2
79 53
54 31
54 63
51 39
51 59
40 46
40 87
40 67
22 10
89 56
95 56
57 92
96 66
96 25
96 84
96 34
67 60
18 43
18 69
75 76
75 90
50 58
50 92
50 74
72 82
72 25
55 46
11 78
70 44
70 53
48 38
88 56
58 5
58 86
90 78
5 42
17 94
30 99
86 34
86 43
36 65
36 80
53 4
87 76
52 24
73 4
73 46
20 41
20 38
66 35
6 35
10 42
10 63
61 80
61 33
84 16
94 85
41 99
93 43
93 32
83 76
26 1
27 21
21 38
64 44
65 69
35 19
47 97
47 56
2 99
76 19
85 69
37 92
1 59
1 34
34 38
62 91
24 74
74 71
13 42
42 56
59 91