78 17 32 54 56 69 72 79 3 22 19 24 76 77 2 43 96 9 31 36 55 82 70 10 14 35 15 18 28 34 91 92 93 8 83 84 97 98 99 42 53 33 6 46 23 25 74 52 29 49 7 13 57 12 67 68 59 71 5 80 81 1 89 61 50 51 27 26 62 64 30 60 39 44 45 94 95 38 47 48 65 66 63 11 75 41 88 21 86
78 17
78 32
78 54
78 56
78 69
78 72
78 79
17 3
17 22
17 19
17 24
17 76
17 77
32 2
32 43
32 96
54 9
54 31
54 36
54 55
54 82
54 70
56 10
69 14
69 35
72 15
79 18
79 28
3 34
22 91
22 92
22 93
19 8
19 83
19 84
24 97
24 98
24 99
76 42
77 53
2 33
43 6
43 46
96 23
96 25
96 74
9 52
82 29
70 49
10 7
10 13
10 57
14 12
14 67
14 68
35 59
15 71
18 5
18 80
18 81
28 1
92 89
93 61
8 50
8 51
83 27
97 26
97 62
98 64
99 30
42 60
33 39
6 44
6 45
23 94
23 95
49 38
7 47
7 48
13 65
13 66
12 63
59 11
59 75
5 41
81 88
89 21
50 86