32 2 27 42 75 0 6 24 31 33 49 93 5 36 60 16 34 1 11 25 26 43 44 45 18 97 98 99 40 67 64 63 57 73 8 35 22 39 59 15 23 41 3 78 10 74 28 65 29 30 58 80 90 77 94 9 79 81 69 14 48 52 92 95 13 68 70 12 87 91 50 51 62 4 84 71 72 96 17 89 55 56 53 66 37 47 88 21 76 54 85 46 86 83 61
32 2
32 27
32 42
32 75
2 0
2 6
2 24
2 31
2 33
27 49
27 93
42 5
42 36
42 60
75 16
75 34
0 1
0 11
0 25
0 26
6 43
6 44
6 45
24 18
24 97
24 98
24 99
31 40
31 67
33 64
33 63
33 57
33 73
49 8
49 35
93 22
93 39
93 59
5 15
5 23
5 41
36 3
60 78
16 10
16 74
34 28
34 65
1 29
1 30
11 58
26 80
26 90
44 77
44 94
18 9
18 79
18 81
97 69
67 14
67 48
67 52
67 92
67 95
64 13
64 68
64 70
63 12
63 87
73 91
8 50
8 51
35 62
39 4
59 84
15 71
15 72
23 96
78 17
78 89
10 55
10 56
74 53
29 66
29 37
80 47
80 88
90 21
90 76
9 54
79 85
95 46
95 86
70 83
12 61