0 29 55 56 57 58 59 60 61 62 63 64 65 66 67 68 69 70 71 72 73 74 75 76 77 78 79 80 81 82 83 84 85 86 87 88 89 90 91 92 93 94 95 96 9 1 2 3 5 6 8 12 13 14 16 17 18 20 22 23 24 25 26 27 28 30 34 35 36 40 41 46 47 49 50 52 53 43 97 98 99 19 54 15 10 38 7 31 51 21 48
0 29
0 55
0 56
0 57
0 58
0 59
0 60
0 61
0 62
0 63
0 64
0 65
0 66
0 67
0 68
0 69
0 70
0 71
0 72
0 73
0 74
0 75
0 76
0 77
0 78
0 79
0 80
0 81
0 82
0 83
0 84
0 85
0 86
0 87
0 88
0 89
0 90
0 91
0 92
0 93
0 94
0 95
0 96
29 9
55 1
56 2
57 3
59 5
60 6
61 8
64 12
65 13
66 14
67 16
68 17
69 18
70 20
71 22
72 23
73 24
74 25
75 26
76 27
77 28
79 30
81 34
82 35
83 36
86 40
87 41
91 46
92 47
93 49
94 50
95 52
96 53
9 43
1 97
1 98
1 99
2 19
12 54
13 15
14 10
18 38
24 7
30 31
47 51
54 21
7 48