58 59 60 0 1 3 34 35 38 76 77 93 86 17 21 29 6 7 8 47 82 81 49 73 41 40 42 53 56 57 10 15 12 11 78 87 85 45 52 94 20 27 26 66 64 88 62 71 74 79 4 13 36 68 69 90 75 84 22 28 54 63 65 18 70 97 19 23 95 72 33 37 2 9 67 48 16 43 5 32 80
58 59
58 57
58 74
59 60
60 69
60 64
60 72
0 1
0 7
1 3
3 5
34 35
34 40
35 38
35 32
38 48
38 43
76 77
76 72
77 93
77 86
77 94
17 21
17 9
21 29
21 15
6 7
7 8
8 32
47 82
47 49
47 48
82 81
81 84
49 73
41 40
41 45
40 42
40 36
53 56
56 57
56 62
57 28
10 15
10 13
15 12
15 22
12 11
11 33
78 87
78 80
87 85
87 95
45 52
52 80
20 27
20 23
20 5
27 26
66 64
64 88
71 74
71 67
74 79
4 13
13 18
68 69
69 90
90 97
75 84
22 28
54 63
63 65
65 67
70 97
19 23
33 37
37 16
2 9
16 43