15 14 16 31 32 33 34 13 35 36 37 38 17 39 40 41 42 43 44 45 46 47 48 49 50 51 52 53 54 55 56 57 58 59 60 61 62 12 63 64 65 66 71 72 73 74 75 76 77 78 79 80 81 82 83 84 85 89 86 87 88 90 18 67 68 69 70 91 92 93 94 95 96 97 98 99 11 19 10 20 9 21 8 22 7 23 6 24 5 25 4 26 3 27 2 28 1 29
15 14
15 16
15 31
15 32
15 33
15 34
14 13
14 35
14 36
14 37
14 38
16 17
16 39
16 40
16 41
16 42
31 43
31 44
31 45
31 46
31 47
32 48
32 49
32 50
32 51
32 52
33 53
33 54
33 55
33 56
33 57
34 58
34 59
34 60
34 61
34 62
13 12
13 63
13 64
13 65
13 66
35 71
35 72
35 73
35 74
35 75
36 76
36 77
36 78
36 79
36 80
37 81
37 82
37 83
37 84
37 85
37 89
38 86
38 87
38 88
38 90
17 18
17 67
17 68
17 69
17 70
39 91
39 92
39 93
39 94
39 95
40 96
40 97
40 98
40 99
12 11
18 19
11 10
19 20
10 9
20 21
9 8
21 22
8 7
22 23
7 6
23 24
6 5
24 25
5 4
25 26
4 3
26 27
3 2
27 28
2 1
28 29