1 2 3 5 6 7 9 10 12 14 15 16 18 20 21 22 23 24 26 27 28 30 31 32 33 35 40 42 43 44 46 47 48 50 53 54 55 59 60 61 62 63 64 65 67 68 69 70 74 75 77 78 79 80 81 84 85 86 90 91 93 94 95 96 98 99
1 2
2 6
3 65
5 55
6 74
6 7
7 63
7 68
9 10
9 95
12 64
14 55
15 16
15 90
18 32
20 21
20 95
20 86
21 22
22 90
23 24
23 64
24 81
26 74
27 28
27 80
30 59
30 35
31 93
32 33
33 75
40 48
42 55
43 62
43 44
46 47
47 48
48 80
50 93
53 68
54 55
54 85
59 60
60 86
60 61
62 91
62 78
62 63
63 93
64 65
64 98
67 74
69 70
70 96
74 75
77 78
77 84
78 79
79 80
80 81
84 85
91 96
94 95
95 96
98 99