39 21 29 96 4 8 99 1 2 6 15 31 37 48 63 66 78 27 82 89 35 61 7 12 25 42 45 51 11 33 70 16 73 49 52 58 3 43 20 74 85 0 56 32 54 28 41 64 14 84 79 80 40 9 10 62 65 77 92 13 91 94 47 97
39 21
39 29
39 96
21 4
21 8
21 99
29 1
29 2
29 6
29 15
29 31
29 37
29 48
29 63
29 66
29 78
96 27
96 82
96 89
8 35
8 61
99 7
99 12
99 25
99 42
99 45
99 51
1 11
1 33
1 70
31 16
31 73
37 49
37 52
37 58
63 3
63 43
66 20
66 74
27 85
82 0
82 56
89 32
89 54
35 28
35 41
7 64
25 14
42 84
45 79
11 80
70 40
16 9
58 10
58 62
58 65
58 77
3 92
43 13
85 91
85 94
32 47
32 97