0 1 36 44 45 46 47 48 49 50 51 52 53 54 55 56 57 58 59 60 61 62 63 64 65 66 67 68 69 70 71 72 73 74 75 76 78 79 80 81 82 83 84 85 86 88 89 90 91 92 93 94 95 96 97 98 3 26 2 4 6 7 8 9 10 11 13 15 16 18 19 20 21 22 23 24 25 28 29
0 1
0 36
0 44
0 45
0 46
0 47
0 48
0 49
0 50
0 51
0 52
0 53
0 54
0 55
0 56
0 57
0 58
0 59
0 60
0 61
0 62
0 63
0 64
0 65
0 66
0 67
0 68
0 69
0 70
0 71
0 72
0 73
0 74
0 75
0 76
0 78
0 79
0 80
0 81
1 82
1 83
1 84
1 85
1 86
1 88
1 89
1 90
1 91
1 92
1 93
1 94
1 95
1 96
1 97
1 98
36 3
36 26
45 2
47 4
49 6
50 7
51 8
52 9
53 10
54 11
55 13
57 15
58 16
60 18
61 19
62 20
63 21
64 22
65 23
66 24
67 25
68 28
69 29