87 4 21 8 70 54 66 56 18 50 25 39 27 64 26 49 33 92 3 31 35 80 10 34 19 82 24 51 52 16 15 63 7 57 77 43 9 59 62 90 30 6 99 0 75 13 47 1 67 20 91 2 11 81 55 28 29 38 93 65 88 85 23 95 69
87 4
87 63
21 39
8 99
8 54
70 33
70 27
54 16
66 39
66 77
66 55
56 64
56 13
18 25
18 43
18 3
50 90
50 91
25 9
64 33
64 26
26 63
49 52
92 30
92 34
92 15
92 1
31 35
31 38
35 93
35 24
80 51
10 11
10 43
34 99
19 7
82 95
82 20
24 20
24 0
51 20
52 81
52 65
16 59
16 75
63 57
7 67
57 29
77 43
62 93
62 23
90 93
30 91
6 99
13 47
47 1
67 85
67 55
20 81
91 2
55 93
28 29
38 69
88 85