10 9 70 19 0 2 5 8 51 47 86 73 56 4 46 55 1 3 6 11 12 14 15 27 75 83 53 76 40 67 84 80 17 82 29 37 16 41 66 54 36 68 43 74 22 59 52 72 38 39 61 32 64 18 30 57 79 88 85 50 7 28 44 77 48 45 63 34 60 87 13 35 26 89 71 62 49 58 42 31 20 33 81 65 21 23 24
10 9
10 70
10 19
10 0
9 2
70 5
70 8
70 51
70 47
70 86
19 73
19 56
19 4
0 46
0 55
0 1
0 3
0 6
0 11
0 12
0 14
0 15
2 27
2 75
2 83
8 53
8 76
51 40
51 67
51 84
51 80
47 17
47 82
86 29
86 37
73 16
73 41
4 66
4 54
4 36
46 68
46 43
46 74
55 22
55 59
3 52
3 72
3 38
6 39
6 61
11 32
11 64
14 18
14 30
14 57
14 79
14 88
15 85
27 50
75 7
53 28
76 44
40 77
67 48
84 45
17 63
82 34
29 60
37 87
16 13
74 35
22 26
59 89
38 71
38 62
39 49
39 58
39 42
30 31
50 20
44 33
77 81
45 65
45 21
63 23
35 24