65 89 96 10 67 29 82 49 87 68 84 63 6 81 24 22 12 4 41 38 34 35 83 92 54 26 93 21 13 86 88 11 98 91 95 71 36 62 18 47 80 44 90 64 57 28 40 55 39 61 33 69 78 8 94 74 53 75 46 76 48 23 99 17 97 2 79 66 25 77 0 56 9 37 72 85 42 1 73 60 32 20 3 52 15 5 43 70
65 78
65 38
65 52
89 71
89 25
89 6
96 94
96 11
10 67
67 6
67 54
29 87
82 49
82 44
49 95
87 99
87 28
87 26
87 56
87 55
68 48
84 93
84 63
6 75
6 42
81 48
24 5
24 62
22 72
22 86
12 95
12 69
12 70
12 0
4 33
41 90
41 1
41 38
38 34
35 48
83 97
83 92
92 20
26 93
26 17
93 97
93 2
21 95
13 25
13 11
86 88
86 66
88 8
88 73
11 74
98 91
91 23
91 39
91 61
95 60
71 36
71 33
71 85
62 99
18 77
18 47
80 56
64 97
64 57
57 79
40 37
33 97
33 53
78 94
53 23
75 48
75 46
76 48
99 72
77 0
56 9
9 32
9 60
9 37
9 15
3 52
15 43