29 68 14 69 58 11 60 4 38 77 17 28 1 30 82 19 83 73 16 75 44 6 45 59 67 13 64 94 23 22 92 5 42 53 9 54 37 88 21 66 7 46 18 79 89 84 8 50 10 57 35 24 99 63 49 70 15 86 20 74 3 0 27 36 95
29 1
29 59
29 38
68 14
14 69
14 67
69 66
58 11
58 42
58 86
11 60
11 59
4 38
4 37
38 77
77 17
77 64
28 1
1 30
30 74
82 19
82 92
19 83
19 84
83 50
73 16
16 75
16 74
75 99
44 6
44 37
6 45
45 84
45 95
67 46
67 63
13 64
13 66
94 23
23 95
22 92
5 42
42 88
53 9
53 63
9 54
54 35
88 21
21 89
7 46
18 79
79 89
8 50
8 49
10 57
57 35
35 3
24 99
49 70
70 15
86 20
3 36
0 27
27 36