23 8 11 28 64 70 90 91 96 2 9 68 1 15 46 60 61 75 95 14 19 36 53 57 3 6 17 34 48 76 97 5 24 32 0 87 92 18 20 49 83 93 78 22 40 54 4 56 82 86 16 77 38 44 69 25 79 12 45 99 30 73 43 88 51 55 72 84 42 67 85 41
23 8
23 11
23 28
23 64
23 70
23 90
23 91
23 96
8 2
8 9
8 68
11 1
11 15
11 46
11 60
11 61
11 75
11 95
28 14
28 19
28 36
28 53
28 57
64 3
64 6
64 17
64 34
64 48
64 76
64 97
70 5
70 24
70 32
91 0
91 87
91 92
96 18
96 20
96 49
96 83
96 93
2 78
9 22
68 40
68 54
1 4
1 56
1 82
1 86
15 16
15 77
46 38
60 44
60 69
61 25
95 79
14 12
14 45
19 99
36 30
36 73
53 43
53 88
6 51
17 55
17 72
17 84
34 42
34 67
34 85
48 41