53 36 40 37 0 4 6 85 89 90 24 26 27 66 71 72 84 86 87 74 75 12 17 18 50 48 68 69 76 73 55 59 60 30 32 33 25 29 19 23 41 42 35 92 93 1 16 13 78 80 81 77 83 34 31 54 56 94 91 82 79 61 65 64 2 3 67 70 38 39 62 63 22 44 45 43 47 20 21 58 14 15 8 9 7 11
53 48
53 54
36 40
36 35
36 38
40 37
37 41
0 4
0 2
4 6
4 1
6 8
6 11
85 89
89 90
89 84
90 92
90 94
24 26
24 23
24 29
26 27
66 71
66 68
66 65
71 72
72 74
72 76
72 77
84 86
84 83
86 87
74 75
12 17
12 16
12 14
12 11
17 18
18 22
18 20
50 48
48 47
68 69
68 70
76 73
55 59
55 58
59 60
60 64
60 62
30 32
30 29
30 35
30 34
32 33
25 29
19 23
19 22
41 42
42 44
42 47
92 93
16 13
78 80
78 77
78 83
78 82
80 81
34 31
54 56
56 58
94 91
82 79
61 65
61 64
2 3
67 70
38 39
62 63
44 45
43 47
20 21
14 15
8 9
7 11