3 0 1 4 6 10 37 47 26 2 27 49 5 7 8 9 12 13 11 36 62 55 30 31 32 33 50 28 53 14 38 15 59 65 29 35 39 64 74 23 25 34 16 17 18 19 58 73 20 21 22 24 71 56 57 44 66 40 41 68 54 48 61 45 70 42 43 75 46 60 52 77
3 0
3 1
3 4
3 6
3 10
3 37
3 47
0 26
1 2
1 27
1 49
4 5
6 7
6 8
6 9
6 12
6 13
10 11
37 36
37 62
47 55
26 30
26 31
26 32
26 33
2 50
27 28
49 53
5 14
5 38
7 15
8 59
9 65
11 29
36 35
36 39
62 64
55 74
31 23
33 25
33 34
14 16
14 17
14 18
14 19
38 58
38 73
15 20
15 21
15 22
15 24
59 71
29 56
29 57
39 44
39 66
25 40
25 41
58 68
20 54
21 48
56 61
44 45
66 70
41 42
41 43
61 75
45 46
45 60
43 52
75 77