45 37 4 38 39 19 84 74 16 65 13 66 6 0 27 3 34 89 28 1 29 30 2 32 11 59 9 54 64 94 23 17 76 12 62 14 68 33 52 5 40 77 22 93 18 81 31 49 8 7 48 51 53 92 26 55 10 58 99 24
45 6
45 62
45 92
37 4
37 54
4 38
4 39
38 40
19 84
84 33
74 16
74 27
74 77
65 13
65 59
13 66
13 64
66 40
66 77
0 27
0 26
3 34
34 89
89 64
89 32
28 1
28 32
1 29
1 30
29 68
30 81
2 32
2 33
2 31
11 59
11 58
9 54
9 52
9 53
94 23
94 52
94 93
17 76
17 77
12 62
14 68
5 40
22 93
22 92
18 81
31 49
49 8
8 51
7 48
48 51
26 55
55 10
58 99
99 24