58 11 66 70 77 2 59 60 13 79 15 95 17 36 51 16 9 31 32 33 74 83 87 73 92 21 14 64 65 18 71 72 23 55 63 5 76 78 3 28 8 47 75 53 54 91 82 42 61 69 19 20 62 22 56 88 89 90 67 68 85 80 81 41 94 96 10 40 27 25 44 7 34 35 1 4 49 50
58 11
58 66
58 70
58 77
11 2
11 59
11 60
66 13
66 79
70 15
70 95
77 17
77 36
77 51
2 16
2 9
2 31
2 32
2 33
59 74
59 83
59 87
59 73
60 92
13 21
13 14
13 64
13 65
79 18
15 71
15 72
95 23
95 55
95 63
17 5
17 76
17 78
36 3
36 28
51 8
51 47
16 75
9 53
9 54
31 91
31 82
32 42
32 61
33 69
83 19
87 20
73 62
92 22
92 56
21 88
21 89
21 90
14 67
14 68
64 85
18 80
18 81
72 41
23 94
23 96
55 10
5 40
76 27
78 25
78 44
3 7
3 34
3 35
28 1
8 4
8 49
8 50