85 84 86 83 87 82 88 81 89 80 90 79 91 78 92 77 93 76 94 75 95 74 96 73 97 72 98 71 99 70 0 69 1 68 2 67 3 66 4 65 5 64 6 63 7 62 8 61 9 60 10 59 11 58 12 57 13 56 14 55 15 54 16 53 17 52 18 51 19 50 20 49 21 48 22 47 23 46 24 45 25 44 26 43 27 42 28 41 29 40 30 39 31 38 32 37 33 36
85 84
85 86
84 83
86 87
83 82
87 88
82 81
88 89
81 80
89 90
80 79
90 91
79 78
91 92
78 77
92 93
77 76
93 94
76 75
94 95
75 74
95 96
74 73
96 97
73 72
97 98
72 71
98 99
71 70
99 0
70 69
0 1
69 68
1 2
68 67
2 3
67 66
3 4
66 65
4 5
65 64
5 6
64 63
6 7
63 62
7 8
62 61
8 9
61 60
9 10
60 59
10 11
59 58
11 12
58 57
12 13
57 56
13 14
56 55
14 15
55 54
15 16
54 53
16 17
53 52
17 18
52 51
18 19
51 50
19 20
50 49
20 21
49 48
21 22
48 47
22 23
47 46
23 24
46 45
24 25
45 44
25 26
44 43
26 27
43 42
27 28
42 41
28 29
41 40
29 30
40 39
30 31
39 38
31 32
38 37
32 33
37 36