1 12 40 69 70 71 72 73 74 75 76 77 78 79 80 81 82 83 84 85 86 87 88 89 90 91 92 93 94 95 96 97 98 99 21 0 2 3 4 5 7 8 11 13 15 18 20 22 24 25 26 28 29 30 31 33 34 35 36 38 41 42 44 45 47
1 12
1 40
1 69
1 70
1 71
1 72
1 73
1 74
1 75
1 76
1 77
1 78
1 79
1 80
1 81
1 82
1 83
1 84
1 85
1 86
1 87
1 88
1 89
1 90
1 91
1 92
1 93
1 94
1 95
1 96
1 97
1 98
1 99
12 21
40 0
69 2
70 3
71 4
72 5
74 7
75 8
77 11
79 13
81 15
82 18
83 20
85 22
86 24
87 25
88 26
90 28
91 29
92 30
93 31
94 33
95 34
96 35
97 36
99 38
0 41
0 42
0 44
0 45
0 47