0 31 43 45 28 36 1 68 5 20 33 2 67 72 73 65 3 18 70 4 16 23 24 14 42 62 90 97 8 41 30 46 9 51 69 21 87 19 12 13 64 74 15 63 17 47 26 29 99 83 98 76 27 94 57 25 80 59 58 53 52 78
0 28
31 5
31 13
43 80
45 20
45 36
28 21
28 87
36 65
1 5
68 72
68 46
68 30
5 14
20 70
20 4
20 41
33 42
33 17
33 16
2 72
2 73
67 69
67 25
73 57
65 58
65 59
3 18
3 70
18 87
18 99
4 23
16 23
16 15
23 94
24 27
24 62
14 12
62 97
90 41
90 74
97 74
8 46
30 74
9 51
51 58
69 47
21 76
87 64
87 53
19 29
19 83
13 64
64 26
15 63
63 52
17 47
26 83
98 80
98 94
76 78