35 76 17 78 67 14 69 40 5 41 42 64 13 66 34 3 15 71 6 43 52 36 9 54 68 18 80 12 63 59 11 60 0 26 96 81 98 24 99 58 20 87 77 7 46 2 33 93 22 92 4 39 38 65 88 62 8 49 56 10 1 28 55 74 89 21 95 23
35 3
35 33
76 17
17 78
17 77
78 89
67 14
14 69
14 68
69 71
69 77
40 5
40 93
5 41
5 42
41 80
42 38
64 13
64 63
13 66
13 65
34 3
34 62
34 95
3 36
15 71
71 46
6 43
43 52
43 81
52 9
9 54
18 80
18 81
12 63
12 62
59 11
11 60
11 58
60 74
0 26
26 96
26 77
96 23
81 28
98 24
24 99
99 39
58 87
58 65
20 87
7 46
2 33
93 22
93 88
22 92
4 39
4 38
88 21
8 49
49 56
56 10
10 55
1 28
55 74
89 21
95 23