91 79 5 2 8 18 3 14 99 32 37 88 61 89 50 10 63 17 29 95 92 20 57 65 33 21 31 82 86 49 9 71 70 4 28 69 54 80 90 96 45 13 47 25 53 94 30 34 76 7 39 26 1 11 23 77 19 12 74 16
91 92
91 9
91 96
91 79
5 88
5 71
2 30
2 20
8 99
8 88
18 86
18 25
3 54
14 69
14 96
99 7
99 80
32 95
32 53
37 82
37 57
37 95
88 61
61 23
89 11
89 31
50 33
50 80
10 76
10 70
63 17
17 82
29 90
29 57
29 28
95 49
95 16
92 19
92 70
57 34
65 30
65 34
65 26
33 45
21 12
31 71
82 54
86 77
71 47
4 26
69 54
45 76
13 47
25 1
25 74
94 11
34 77
76 12
7 39