27 25 70 10 20 26 28 29 69 71 53 9 12 19 21 3 63 33 30 31 32 68 94 84 72 79 4 11 13 18 44 22 62 34 35 66 67 95 83 99 86 92 73 74 75 80 81 82 0 1 8 14 16 17 45 23 24 60 61 49 36 42 85 87 90 91 88 76 77 5 98 6 7 15 38 59 58 37 40 41 43 97 96 47 54 55 56 46 50
27 25
27 70
25 10
25 20
25 26
25 28
25 29
70 69
70 71
70 53
10 9
10 12
20 19
20 21
20 3
20 63
28 33
29 30
29 31
29 32
69 68
69 94
69 84
71 72
71 79
9 4
12 11
12 13
19 18
19 44
21 22
63 62
33 34
33 35
68 66
68 67
94 95
84 83
84 99
84 86
84 92
72 73
72 74
79 75
79 80
79 81
79 82
4 0
4 1
11 8
13 14
18 16
18 17
44 45
22 23
22 24
62 60
62 61
34 49
34 36
34 42
83 85
86 87
92 90
92 91
74 88
75 76
75 77
0 5
1 98
8 6
8 7
14 15
24 38
60 59
61 58
36 37
42 40
42 41
42 43
88 97
98 96
38 47
59 54
58 55
58 56
47 46
54 50