1 93 9 20 35 40 11 63 16 68 5 24 12 34 56 96 87 2 47 98 27 43 77 83 44 25 37 61 76 18 15 84 59 33 71 4 3 88 0 82 49 99 10 65 31 69 91 51 26 52 73 19 46 66 55 50 81 32 21 64 39 17 8 97 54 48
1 93
1 34
1 87
93 9
93 47
93 68
93 97
9 88
20 35
20 59
35 40
40 63
40 68
11 63
11 65
16 68
16 49
68 44
68 27
68 51
5 24
5 69
24 12
12 98
34 56
34 10
56 96
56 61
87 2
87 18
87 4
98 27
98 76
27 84
43 77
43 73
77 83
44 25
44 99
37 61
15 84
59 33
33 71
71 73
3 88
3 54
0 82
0 26
0 32
0 21
0 39
82 49
99 81
65 31
69 91
91 46
26 52
19 46
66 55
55 50
50 81
21 64
39 17
8 97
54 48