49 28 29 30 89 90 91 83 84 85 77 78 79 1 2 63 64 65 86 87 93 94 95 81 82 67 68 69 44 45 46 97 98 36 37 38 92 42 43 96 32 33 34 31 6 7 8 39 40 26 27 10 11 12 71 72 73 53 54 55 88 9 3 4 61 62 59 60 66 75 76 51 52 74 70 20 21 22 14 15 16 50 13 24 25 35 57 58 80 5 56 17 18 23 19 41 47 48
49 50
49 48
28 29
28 27
29 30
30 31
89 90
89 88
90 91
91 92
83 84
83 82
84 85
85 86
77 78
77 76
78 79
79 80
1 2
2 3
63 64
63 62
64 65
65 66
86 87
87 88
93 94
93 92
94 95
95 96
81 82
81 80
67 68
67 66
68 69
69 70
44 45
44 43
45 46
46 47
97 98
97 96
36 37
36 35
37 38
38 39
42 43
42 41
32 33
32 31
33 34
34 35
6 7
6 5
7 8
8 9
39 40
40 41
26 27
26 25
10 11
10 9
11 12
12 13
71 72
71 70
72 73
73 74
53 54
53 52
54 55
55 56
3 4
4 5
61 62
61 60
59 60
59 58
75 76
75 74
51 52
51 50
20 21
20 19
21 22
22 23
14 15
14 13
15 16
16 17
24 25
24 23
57 58
57 56
17 18
18 19
47 48