0 85 1 15 64 2 6 3 7 9 63 93 34 11 71 87 17 48 91 24 43 45 8 69 31 90 62 12 13 30 95 18 56 44 66 78 16 42 60 99 20 21 36 22 28 81 27 46 49 54 76 33 55 84 75 35 40 97 72 96 74 58 94 67
0 85
85 17
85 46
1 64
15 71
15 2
15 78
64 17
6 91
6 48
3 7
7 45
7 24
7 43
9 31
9 90
63 78
63 28
63 84
63 94
93 11
93 87
93 33
34 46
34 55
11 90
87 78
87 95
91 21
24 20
45 78
8 69
69 56
90 21
62 56
62 58
12 13
13 56
30 28
30 56
30 49
95 18
56 60
44 21
44 22
66 96
78 35
78 16
42 72
42 75
99 27
99 74
21 36
36 55
81 40
81 54
81 76
54 35
76 74
84 96
75 96
35 97
72 67