92 34 45 79 49 75 84 26 42 72 16 23 30 3 11 27 4 62 8 37 89 46 22 40 25 99 76 47 31 60 14 15 91 36 0 93 21 10 6 87 41 70 50 19 29 1 5 39 33 24 68 57 35 63 64 48 66 74 2 71 53 80 69 55 28 43 67 88 83 82
92 4
92 57
34 45
34 67
45 79
79 40
49 75
75 84
75 91
84 46
84 76
26 42
26 4
26 29
26 68
42 72
72 62
72 99
16 23
16 76
23 30
23 47
3 11
3 31
11 27
11 88
27 62
4 46
4 36
8 37
8 60
8 83
37 89
37 22
89 74
22 40
22 64
22 53
25 99
31 60
14 15
15 91
91 87
36 80
0 93
93 21
93 33
21 10
6 87
6 33
41 70
41 53
70 50
50 63
19 29
1 5
5 39
39 74
24 68
24 71
35 63
64 48
48 66
2 71
80 69
69 55
28 43
43 67
83 82