88 21 30 43 71 99 0 7 10 19 89 90 1 36 33 40 6 45 15 69 24 95 5 23 25 26 27 46 47 48 18 55 56 57 82 83 84 54 8 28 29 3 2 51 12 44 20 70 72 14 39 73 76 97 98 41 42 94 96 65 91 87 37 49 78 79 80 81 61 58 93 32 74 62 75 66 9 50 34 35 63 85
88 21
88 30
88 43
88 71
88 99
21 0
21 7
21 10
21 19
21 89
21 90
30 1
30 36
30 33
30 40
43 6
43 45
71 15
71 69
99 24
99 95
0 5
0 23
0 25
0 26
0 27
7 46
7 47
7 48
10 18
10 55
10 56
10 57
19 82
19 83
19 84
89 54
1 8
1 28
1 29
36 3
33 2
33 51
6 12
6 44
15 20
15 70
15 72
69 14
69 39
69 73
69 76
24 97
24 98
5 41
5 42
23 94
23 96
25 65
25 91
27 87
27 37
27 49
48 78
18 79
18 80
18 81
55 61
56 58
56 93
57 32
57 74
82 62
83 75
84 66
54 9
8 50
3 34
3 35
12 63
20 85