17 1 13 53 76 2 3 8 16 4 7 12 15 55 56 57 58 61 62 78 79 14 19 18 0 11 20 6 5 50 51 52 54 63 64 59 60 65 66 67 68 69 70 71 72 73 74 75 77 9 10 21 22 23 24 25 26 27 28 29 85 30 99 91 96 31 97 86 94 92 90 95 32 93 98 88 81 83 89 82 84 33 87 80 34 35 36 37 38 39 40
17 1
17 13
17 53
17 76
1 2
1 3
1 8
1 16
13 4
13 7
13 12
13 15
53 55
53 56
53 57
53 58
53 61
53 62
76 78
76 79
2 14
2 19
2 18
3 0
3 11
3 20
16 6
7 5
55 50
55 51
55 52
55 54
55 63
55 64
56 59
57 60
78 65
78 66
78 67
78 68
78 69
78 70
78 71
78 72
78 73
78 74
78 75
78 77
14 9
18 10
20 21
20 22
20 23
20 24
20 25
20 26
20 27
20 28
20 29
69 85
29 30
85 99
85 91
85 96
30 31
99 97
99 86
91 94
91 92
96 90
96 95
31 32
97 93
86 98
94 88
94 81
92 83
92 89
90 82
95 84
32 33
93 87
98 80
33 34
34 35
35 36
36 37
37 38
38 39
39 40