84 31 49 59 48 86 50 70 10 66 63 62 85 67 76 54 25 11 6 72 23 7 36 41 45 27 46 78 51 8 69 80 40 58 74 34 38 16 9 15 2 19 56 1 13 87 24 68 28 5 88 55 35 77 75 64 71 32 65 82 53 20 37 12 17 81 61 18 73 0 3 4 14 26 43 44 47 52 57 60 83
84 9
84 85
84 80
31 32
31 58
31 51
49 50
49 56
59 48
59 60
48 35
48 47
86 85
50 24
50 74
70 54
10 11
10 9
66 65
63 62
63 64
62 8
62 61
67 72
76 77
54 38
54 53
25 11
11 23
11 77
11 75
11 12
6 34
6 5
6 58
72 71
72 23
72 45
72 73
23 24
23 7
7 20
36 41
41 40
45 46
45 44
45 13
27 26
27 46
78 16
78 65
69 68
80 81
40 24
58 71
58 35
38 9
38 37
16 15
15 14
2 1
2 3
19 20
19 18
56 57
1 13
1 0
13 14
87 61
24 68
68 28
5 4
5 88
55 35
82 81
82 83
53 52
17 18
61 60
43 44