9 10 11 2 3 4 97 98 99 31 32 33 0 1 47 48 49 5 6 7 8 23 24 25 95 96 93 94 13 14 15 12 45 46 17 18 19 91 92 29 30 16 89 90 20 21 22 43 44 87 88 85 86 27 28 41 42 83 84 81 82 39 40 79 80 26 77 78 37 38 75 76 50 73 74 35 36 71 72 69 70 34 67 68 65 66 63 64 61 62 59 60 57 58 55 56 53 54
9 10
9 8
10 11
11 12
2 3
2 1
3 4
4 5
97 98
97 96
98 99
99 1
31 32
31 30
32 33
33 34
0 1
47 48
47 46
48 49
49 50
5 6
6 7
7 8
23 24
23 22
24 25
25 26
95 96
95 94
93 94
93 92
13 14
13 12
14 15
15 16
45 46
45 44
17 18
17 16
18 19
19 20
91 92
91 90
29 30
29 28
89 90
89 88
20 21
21 22
43 44
43 42
87 88
87 86
85 86
85 84
27 28
27 26
41 42
41 40
83 84
83 82
81 82
81 80
39 40
39 38
79 80
79 78
77 78
77 76
37 38
37 36
75 76
75 74
73 74
73 72
35 36
35 34
71 72
71 70
69 70
69 68
67 68
67 66
65 66
65 64
63 64
63 62
61 62
61 60
59 60
59 58
57 58
57 56
55 56
55 54
53 54