44 43 45 46 42 47 40 48 39 41 49 51 37 50 52 53 36 35 38 54 34 55 33 56 57 31 58 30 28 32 59 29 27 60 26 24 61 62 25 23 63 65 67 22 64 66 68 69 21 20 70 19 71 16 72 14 18 73 12 15 17 74 10 13 75 76 77 9 8 11 78 79 7 80 6 3 81 82 5 1 4 83 0 2 84 85 86 87 88 89 90 91 92 93 94 95 96 97 98
44 43
44 45
44 46
43 42
45 47
42 40
47 48
40 39
40 41
48 49
48 51
39 37
49 50
51 52
51 53
37 36
37 35
37 38
52 54
36 34
54 55
34 33
55 56
55 57
33 31
56 58
31 30
31 28
31 32
58 59
30 29
28 27
59 60
29 26
27 24
60 61
60 62
26 25
24 23
61 63
62 65
62 67
23 22
63 64
65 66
67 68
67 69
22 21
22 20
69 70
20 19
70 71
19 16
71 72
16 14
16 18
72 73
14 12
14 15
18 17
73 74
12 10
12 13
74 75
74 76
74 77
10 9
10 8
10 11
77 78
77 79
9 7
79 80
7 6
7 3
80 81
80 82
6 5
3 1
3 4
82 83
1 0
1 2
83 84
84 85
85 86
85 87
87 88
88 89
89 90
89 91
89 92
92 93
92 94
94 95
95 96
95 97
95 98