0 30 61 79 80 84 1 28 64 2 55 66 85 3 23 63 4 9 65 6 12 54 22 41 40 69 86 29 39 11 14 25 77 19 71 17 78 15 16 49 18 38 47 20 42 48 56 70 24 26 58 62 57 83 32 34 75 35 51 53 59
0 80
0 79
0 84
30 62
30 6
61 12
61 48
79 86
80 75
84 25
1 64
1 28
28 57
64 11
2 85
2 55
55 39
55 59
66 47
66 56
85 24
3 63
23 41
23 29
63 77
4 9
9 40
65 20
65 34
65 41
6 12
6 54
54 77
22 56
41 71
40 18
69 19
69 53
86 18
29 83
29 24
11 14
14 17
14 78
77 53
77 16
71 57
17 15
78 47
16 49
49 35
18 38
20 42
42 70
48 83
26 58
58 75
83 32
34 75
51 53