0 1 36 67 72 85 91 4 11 53 65 93 2 59 61 38 71 16 63 79 96 25 43 80 90 6 7 27 37 81 52 84 94 8 24 40 10 57 58 75 12 88 13 30 60 62 70 73 89 15 45 49 17 20 95 41 19 48 78 21 28 22 74 42 83 92 99 29 31 55 32 69 50 86 54 77 82 64
0 91
0 85
1 11
36 69
36 13
67 74
67 84
72 8
72 64
85 31
85 50
85 90
91 7
4 96
4 16
4 79
4 11
11 75
53 84
53 55
53 22
65 80
93 38
93 61
2 59
2 61
59 20
61 54
38 12
71 24
63 21
63 37
25 45
43 62
43 58
80 54
90 60
6 27
6 81
7 52
27 89
37 78
37 54
37 52
52 94
52 88
94 70
8 24
24 74
40 75
40 69
10 58
57 70
57 15
57 48
57 74
57 77
58 12
30 31
60 82
73 28
89 29
89 82
45 83
45 95
45 74
49 92
17 95
41 99
41 77
19 78
48 42
28 92
74 86
42 92
31 32
32 69