0 37 49 50 51 52 53 54 55 56 57 58 59 60 61 62 63 64 65 66 67 68 69 70 71 72 73 74 75 76 77 78 79 80 81 82 83 14 2 4 5 7 8 10 11 12 13 15 16 17 19 20 23 24 27 29 30 32 33 35 36 40 41 42 43 44 45 48 18 96 84 86 1 47
0 37
0 49
0 50
0 51
0 52
0 53
0 54
0 55
0 56
0 57
0 58
0 59
0 60
0 61
0 62
0 63
0 64
0 65
0 66
0 67
0 68
0 69
0 70
0 71
0 72
0 73
0 74
0 75
0 76
0 77
0 78
0 79
0 80
0 81
0 82
0 83
37 14
49 2
50 4
51 5
52 7
53 8
54 10
55 11
56 12
57 13
59 15
60 16
61 17
62 19
63 20
65 23
66 24
68 27
70 29
71 30
72 32
73 33
74 35
75 36
77 40
78 41
79 42
80 43
81 44
82 45
83 48
14 18
14 96
2 84
4 86
5 1
5 47