0 1 2 3 4 5 6 7 8 10 11 12 13 14 15 16 17 18 20 22 23 24 25 26 28 29 30 31 32 33 34 35 36 37 38 41 42 43 44 45 46 48 49 50 53 54 56 57 58 60 61 62 63 65 66 67 69 70 73 74 77 78 79 80 81 82 85 86 89 90 92 95 96 97 98
0 34
0 10
1 35
1 29
1 36
2 25
2 38
2 37
3 13
3 8
3 24
3 32
4 20
4 41
4 26
5 43
5 44
5 8
5 31
6 45
6 46
6 23
7 48
7 29
8 50
8 29
8 49
10 53
11 23
11 56
12 58
12 57
13 60
14 62
14 28
15 32
15 63
16 66
16 65
17 67
17 22
17 28
18 70
18 20
18 69
20 74
20 73
22 78
23 79
23 80
24 81
24 82
25 29
26 85
26 86
28 89
29 92
30 32
31 96
31 95
32 97
32 98
33 35
34 36
41 43
42 44
46 48
54 56
58 60
61 63
65 67
77 79
78 80
90 92