55 10 94 92 0 21 56 57 23 69 22 54 62 63 25 26 27 14 88 89 90 28 48 65 95 96 87 2 91 93 78 12 46 49 60 73 79 52 97 67 68 84 31 45 50 1 7 37 42 13 33 44 29 75 86 20 98 32 47 17 15 39 8 11 16 18 24 34 82 19 77 6 83 40 41 4
55 10
55 94
55 92
10 0
10 21
10 56
10 57
94 23
94 69
92 22
92 54
92 62
92 63
0 25
0 26
0 27
21 14
21 88
21 89
21 90
56 28
57 48
57 65
23 95
23 96
69 87
22 2
22 91
22 93
54 78
62 12
62 46
62 49
63 60
25 73
25 79
25 52
27 97
14 67
14 68
88 84
89 31
89 45
89 50
28 1
48 7
48 37
48 42
65 13
65 33
65 44
95 29
95 75
96 86
87 20
87 98
2 32
91 47
78 17
12 15
46 39
49 8
60 11
73 16
79 18
97 24
68 34
68 82
84 19
31 77
45 6
45 83
50 40
50 41
37 4