0 10 21 25 26 27 1 23 28 30 2 6 20 31 3 11 34 35 4 13 38 5 9 40 43 45 7 8 46 49 50 51 18 52 53 54 55 58 59 60 12 62 19 64 65 66 14 67 68 69 17 76 77 79 80 24 83 84 85 87 88 89 90 91 94 95 96 98 99
0 26
0 25
0 27
10 55
21 88
21 89
21 90
27 34
1 28
1 30
23 94
23 96
23 95
28 31
30 94
2 31
6 43
6 45
20 85
20 87
3 34
3 35
11 60
11 59
11 58
34 43
35 40
35 68
4 38
13 66
13 64
13 65
38 45
5 40
9 54
9 53
7 46
8 50
8 49
8 51
46 76
51 98
18 79
18 80
52 91
54 84
54 98
55 89
58 83
12 62
62 89
19 84
19 83
65 91
65 88
14 68
14 69
14 67
67 99
67 90
69 77
17 76
17 77
80 94
24 99
24 98
83 87
83 95