1 0 2 3 4 5 6 7 8 9 10 11 12 13 14 15 16 17 18 19 20 22 23 24 25 26 28 29 30 31 32 33 34 35 36 37 38 39 40 41 44 45 46 47 48 49 51 52 53 54 55 56 57 59 60 61 62 63 64 67 69 70 71 72 73 74 75 76 81 82 83 85 86 87 88 90 91 92 94 95 96 97 98 99
1 6
0 20
0 7
2 39
2 6
2 16
3 17
3 14
4 59
5 30
5 24
5 33
6 88
6 9
7 64
7 69
8 46
8 49
8 62
9 55
9 10
10 37
11 35
11 54
11 26
12 14
13 51
13 63
13 76
13 60
14 55
14 63
14 15
14 18
16 31
17 22
18 87
19 90
20 95
20 36
20 67
23 63
23 94
24 34
24 67
25 82
25 81
28 59
28 41
28 70
29 92
29 88
30 81
30 76
30 85
32 46
33 54
34 40
34 46
34 47
37 75
38 56
40 96
41 99
41 52
44 81
45 69
46 71
47 61
47 53
48 49
51 74
52 83
54 57
56 57
59 91
69 73
71 98
72 73
74 99
86 97
86 90
88 90