66 1 6 26 50 55 34 24 54 84 10 20 33 74 69 7 73 21 25 64 51 30 95 78 0 87 80 88 77 71 62 65 36 56 76 5 11 53 82 86 92 16 48 12 99 57 19 52 89 81 4 3 68 44 15 75 43 59 79 2 9 32 22 18 42 97 41 27 47 17 94 14 49 93 58 98 23 85 40 37 13 70
66 1
66 6
66 26
66 50
66 55
1 34
1 24
1 54
1 84
1 10
6 20
6 33
6 74
6 69
6 7
6 73
26 21
26 25
26 64
26 51
26 30
50 95
50 78
55 0
55 87
55 80
34 88
34 77
34 71
24 62
24 65
54 36
54 56
54 76
84 5
84 11
84 53
84 82
84 86
10 92
10 16
10 48
10 12
20 99
33 57
74 19
74 52
74 89
74 81
69 4
7 3
7 68
7 44
73 15
21 75
21 43
21 59
25 79
30 2
95 9
95 32
78 22
80 18
80 42
80 97
88 41
62 27
62 47
65 17
65 94
56 14
76 49
76 93
5 58
82 98
86 23
16 85
48 40
57 37
19 13
89 70