1 3 99 0 5 97 2 98 7 95 4 96 9 93 6 94 11 91 8 92 13 89 10 90 15 87 12 88 17 85 14 86 19 83 16 84 21 81 18 82 23 79 20 80 25 77 22 78 27 75 24 76 29 73 26 74 31 71 28 72 33 69 30 70 35 67 32 68 37 65 34 66 39 63 36 64 41 61 38 62 43 59 40 60 45 57 42 58 47 55 44 56 53 46 54 48
1 3
1 99
1 0
3 5
99 97
0 2
0 98
5 7
97 95
2 4
98 96
7 9
95 93
4 6
96 94
9 11
93 91
6 8
94 92
11 13
91 89
8 10
92 90
13 15
89 87
10 12
90 88
15 17
87 85
12 14
88 86
17 19
85 83
14 16
86 84
19 21
83 81
16 18
84 82
21 23
81 79
18 20
82 80
23 25
79 77
20 22
80 78
25 27
77 75
22 24
78 76
27 29
75 73
24 26
76 74
29 31
73 71
26 28
74 72
31 33
71 69
28 30
72 70
33 35
69 67
30 32
70 68
35 37
67 65
32 34
68 66
37 39
65 63
34 36
66 64
39 41
63 61
36 38
64 62
41 43
61 59
38 40
62 60
43 45
59 57
40 42
60 58
45 47
57 55
42 44
58 56
55 53
44 46
56 54
46 48