51 83 70 87 45 18 93 68 37 69 20 9 95 1 88 55 22 17 3 7 49 34 64 84 72 61 62 98 35 54 67 57 66 10 26 4 48 12 50 73 13 19 41 52 6 42 47 60 27 33 38 56 53 0 2 11 31 77 24 14 8 32 94 36 59 5 28 30 15 96 21 43
51 10
51 11
83 70
70 87
70 66
87 98
45 18
45 22
45 53
18 93
18 17
18 26
18 27
68 37
37 69
37 35
20 9
20 21
9 95
9 3
1 88
1 4
88 55
55 22
55 19
55 60
17 28
3 7
3 10
3 2
7 49
7 6
49 8
34 64
34 32
64 84
64 33
84 72
72 52
61 62
61 47
61 60
62 98
35 54
35 36
54 67
67 57
66 56
10 14
26 31
4 48
4 11
12 50
12 8
50 73
13 19
19 15
41 52
52 36
6 5
42 47
33 53
38 56
38 24
0 2
31 77
32 94
36 59
28 30
15 96
21 43