0 11 7 42 43 44 45 46 47 48 49 50 51 52 53 54 55 56 57 58 59 60 61 62 63 64 65 66 67 68 69 70 71 72 73 30 1 2 3 4 5 6 13 15 19 20 21 22 23 25 26 27 28 29 34 35 36 37 39 40 93 17 74 75 76 77 78 79 80 82 83 85 86 87 88 89 90 91 92 94
0 11
0 7
0 42
0 43
0 44
0 45
0 46
0 47
0 48
0 49
0 50
0 51
0 52
0 53
0 54
0 55
0 56
0 57
0 58
0 59
0 60
0 61
0 62
0 63
0 64
0 65
0 66
0 67
0 68
0 69
0 70
0 71
0 72
0 73
11 30
7 1
43 2
44 3
45 4
46 5
47 6
52 13
54 15
55 19
56 20
57 21
58 22
59 23
61 25
62 26
63 27
64 28
65 29
68 34
69 35
70 36
71 37
72 39
73 40
30 93
1 17
1 74
1 75
1 76
1 77
1 78
1 79
1 80
1 82
1 83
1 85
1 86
1 87
1 88
1 89
1 90
1 91
1 92
1 94