0 1 2 3 4 5 6 7 8 9 10 11 12 13 14 15 17 18 19 20 21 22 24 25 26 27 28 29 30 31 32 33 34 37 38 40 41 42 43 45 46 47 48 49 50 51 53 54 56 57 58 59 61 62 64 65 66 67 68 69 70 71 73 74 77 78 81 82 83 84 87 88 89 90 91 93 94 95 96 97 98
0 34
0 21
0 3
0 33
1 18
1 12
2 29
2 37
3 40
4 42
4 9
4 19
5 25
5 15
5 43
6 46
6 22
7 19
7 48
7 47
8 9
8 50
9 51
10 54
10 53
11 21
11 56
11 30
12 58
13 59
13 27
14 18
14 61
15 64
17 68
17 24
17 67
18 70
18 69
18 25
19 71
19 20
20 30
20 73
20 74
22 77
22 26
22 78
24 82
25 29
25 84
25 27
25 83
27 88
27 87
28 32
28 90
28 89
29 91
30 93
31 95
31 96
32 98
32 97
38 40
41 43
45 47
46 48
49 51
54 56
57 59
62 64
65 67
66 68
69 71
81 83
82 84
89 91
93 95
94 96