0 2 3 4 5 6 7 8 10 11 12 13 15 16 17 18 19 20 21 22 24 25 26 29 30 31 33 34 35 36 37 38 39 40 41 42 43 44 45 46 48 50 51 52 53 54 55 56 57 58 59 60 62 63 64 65 67 68 69 70 72 73 74 75 77 78 79 80 81 82 83 84 85 86 87 89 90 91 92 93 94 95 96 98 99 1
0 22
0 89
2 89
2 93
2 78
3 56
3 18
4 13
4 70
4 20
5 36
6 25
7 70
7 41
8 67
8 54
8 26
10 29
11 58
12 36
12 17
15 33
15 45
16 51
16 64
16 33
17 39
18 51
19 78
21 45
22 50
24 37
24 72
25 74
26 55
29 31
29 50
29 74
30 68
33 84
34 53
34 70
35 42
36 81
37 91
37 70
37 77
38 56
38 92
40 63
40 91
41 43
41 85
42 69
42 90
43 93
44 77
44 96
46 48
48 89
52 58
54 94
56 91
56 75
57 68
57 82
58 70
59 94
60 86
62 86
65 99
65 86
67 81
70 82
73 87
73 86
77 87
79 95
80 85
83 94
83 1
86 1
89 98
90 94
90 95