98 32 45 51 95 96 31 33 57 77 87 88 99 22 40 44 49 43 10 73 91 50 66 36 38 89 74 92 4 55 75 76 94 97 17 24 64 58 72 69 84 42 37 46 63 2 18 47 52 5 56 48 82 85 62 53 67 14 15 78 27 13 39 3 41 30 21 1 79 0 93 8 71 29
98 32
98 45
98 51
98 95
98 96
32 31
32 33
32 57
32 77
32 87
32 88
32 99
45 22
45 40
45 44
45 49
51 43
95 10
95 73
95 91
96 50
96 66
31 36
31 38
31 89
33 74
33 92
57 4
57 55
57 75
57 76
57 94
57 97
77 17
77 24
77 64
87 58
87 72
88 69
88 84
99 42
22 37
22 46
22 63
40 2
40 18
40 47
44 52
49 5
49 56
43 48
43 82
10 85
91 62
50 53
50 67
66 14
66 15
66 78
38 27
89 13
92 39
4 3
4 41
55 30
24 21
58 1
72 79
69 0
84 93
42 8
52 71
62 29