0 2 18 19 21 29 52 62 98 73 9 53 74 94 3 6 23 65 4 24 31 55 61 5 28 44 7 8 47 68 97 12 72 27 32 85 88 10 42 48 56 86 50 13 20 38 63 58 16 37 45 59 99 22 66 40 25 26 35 75 34 54 41 30 39 90 49 79 83 67 93
0 98
0 18
0 21
2 94
18 61
18 88
19 52
19 59
19 72
19 9
29 26
29 98
29 86
52 75
52 63
52 68
62 56
62 24
98 66
73 39
73 54
9 27
53 3
53 20
74 26
74 75
74 30
94 7
3 23
6 44
6 31
23 99
23 42
65 50
65 97
65 40
4 61
24 44
24 42
31 38
55 79
55 99
5 28
28 8
44 59
7 97
7 8
7 47
8 72
47 49
47 34
47 41
68 93
68 85
97 37
12 50
32 45
85 13
10 48
10 56
48 39
86 67
63 83
58 90
58 25
16 37
45 35
59 35
22 66
54 90