31 2 64 85 75 98 23 32 33 13 20 16 92 24 37 58 63 0 94 95 96 83 99 10 14 65 66 4 21 86 87 1 73 74 22 51 97 11 12 25 26 27 45 77 54 19 53 80 35 82 55 56 57 67 69 38 49 39 9 88 89 90 76 79 28 29
31 2
31 64
31 85
31 75
31 98
2 23
2 32
2 33
64 13
85 20
75 16
75 92
98 24
98 37
98 58
98 63
23 0
23 94
23 95
23 96
32 83
33 99
13 10
13 14
13 65
13 66
20 4
20 21
20 86
20 87
16 1
16 73
16 74
92 22
92 51
24 97
58 11
63 12
0 25
0 26
0 27
94 45
94 77
96 54
83 19
83 53
83 80
99 35
99 82
10 55
10 56
10 57
14 67
14 69
66 38
66 49
4 39
21 9
21 88
21 89
21 90
86 76
87 79
1 28
1 29