28 25 31 22 34 19 37 16 40 13 43 10 46 7 49 4 52 1 55 98 58 95 61 92 64 89 67 86 70 83 73 80 76 77 79 74 82 71 85 68 88 65 91 62 94 59 97 56 0 53 3 50 6 47 9 44 12 41 15 38 18 35 21 32 24 29 27 26 30 23 33 20 36 17 39 14 42 11 45 8 48 5 51 2 54 99 57 96 60 93 63 90 66 87 69 84 72 81
28 25
28 31
25 22
31 34
22 19
34 37
19 16
37 40
16 13
40 43
13 10
43 46
10 7
46 49
7 4
49 52
4 1
52 55
1 98
55 58
98 95
58 61
95 92
61 64
92 89
64 67
89 86
67 70
86 83
70 73
83 80
73 76
80 77
76 79
77 74
79 82
74 71
82 85
71 68
85 88
68 65
88 91
65 62
91 94
62 59
94 97
59 56
97 0
56 53
0 3
53 50
3 6
50 47
6 9
47 44
9 12
44 41
12 15
41 38
15 18
38 35
18 21
35 32
21 24
32 29
24 27
29 26
27 30
26 23
30 33
23 20
33 36
20 17
36 39
17 14
39 42
14 11
42 45
11 8
45 48
8 5
48 51
5 2
51 54
2 99
54 57
99 96
57 60
96 93
60 63
93 90
63 66
90 87
66 69
87 84
69 72
84 81