0 37 38 20 45 46 47 48 49 50 51 52 53 54 55 56 57 58 59 60 61 62 63 64 65 66 67 68 69 70 71 72 73 7 18 99 16 21 1 3 8 9 12 15 17 23 24 27 30 34 35 36 39 40 41 42 43 44 14 86 11 84 74 75 76 77
0 37
0 38
0 20
0 45
0 46
0 47
0 48
0 49
0 50
0 51
0 52
0 53
0 54
0 55
0 56
0 57
0 58
0 59
0 60
0 61
0 62
0 63
0 64
0 65
0 66
0 67
0 68
0 69
0 70
0 71
0 72
0 73
37 7
37 18
37 99
20 16
20 21
45 1
46 3
48 8
49 9
50 12
51 15
53 17
56 23
57 24
60 27
61 30
63 34
64 35
65 36
68 39
69 40
70 41
71 42
72 43
73 44
7 14
18 86
16 11
16 84
1 74
1 75
1 76
1 77