0 8 38 13 40 41 42 43 44 45 46 47 48 49 50 51 52 53 54 55 56 57 58 59 60 61 62 63 64 65 66 67 68 69 14 75 97 4 7 79 2 5 6 9 10 12 15 16 17 19 20 21 22 23 25 26 27 28 29 30 32 33 34 35 36 80 1
0 8
0 38
0 13
0 40
0 41
0 42
0 43
0 44
0 45
0 46
0 47
0 48
0 49
0 50
0 51
0 52
0 53
0 54
0 55
0 56
0 57
0 58
0 59
0 60
0 61
0 62
0 63
0 64
0 65
0 66
0 67
0 68
0 69
8 14
8 75
38 97
13 4
13 7
13 79
40 2
42 5
43 6
46 9
47 10
48 12
50 15
51 16
52 17
53 19
54 20
55 21
56 22
57 23
58 25
59 26
60 27
61 28
62 29
63 30
64 32
65 33
66 34
67 35
68 36
14 80
75 1