17 51 52 53 79 80 81 75 76 77 85 86 87 19 20 21 88 89 49 50 93 94 95 55 56 57 35 36 37 59 60 61 0 1 2 96 97 73 74 99 98 25 26 27 28 29 38 39 40 41 12 13 14 23 24 3 4 18 22 10 11 33 34 31 32 67 68 69 5 6 65 66 62 83 84 30 54 43 44 45 90 91 70 71 15 16 47 48 46 8 9 7 92 82 58 72 78 42
17 18
17 16
51 52
51 50
52 53
53 54
79 80
79 78
80 81
81 82
75 76
75 74
76 77
77 78
85 86
85 84
86 87
87 88
19 20
19 18
20 21
21 22
88 89
89 90
49 50
49 48
93 94
93 92
94 95
95 96
55 56
55 54
56 57
57 58
35 36
35 34
36 37
37 38
59 60
59 58
60 61
61 62
0 1
0 99
1 2
2 3
96 97
97 98
73 74
73 72
99 98
25 26
25 24
26 27
27 28
28 29
29 30
38 39
39 40
40 41
41 42
12 13
12 11
13 14
14 15
23 24
23 22
3 4
4 5
10 11
10 9
33 34
33 32
31 32
31 30
67 68
67 66
68 69
69 70
5 6
6 7
65 66
83 84
83 82
43 44
43 42
44 45
45 46
90 91
91 92
70 71
71 72
15 16
47 48
47 46
8 9
8 7