45 44 46 51 43 47 50 52 42 48 40 60 53 41 49 30 61 70 54 36 39 59 20 31 62 80 55 35 29 38 58 69 10 21 22 32 63 73 81 90 56 65 34 19 28 57 68 79 0 11 23 33 64 82 91 66 9 18 27 67 89 1 12 24 83 92 77 8 17 15 26 88 99 2 13 25 84 93 76 7 16 14 87 86 98 3 85 94 6 5 97
45 44
45 46
45 51
44 43
46 47
51 50
51 52
43 42
47 48
50 40
50 60
52 53
42 41
48 49
40 30
60 61
60 70
53 54
49 36
49 39
49 59
30 20
30 31
61 62
70 80
54 55
36 35
39 29
39 38
59 58
59 69
20 10
20 21
31 22
31 32
62 63
80 73
80 81
80 90
55 56
55 65
35 34
29 19
29 28
58 57
69 68
69 79
10 0
10 11
22 23
32 33
63 64
81 82
90 91
65 66
19 9
19 18
28 27
68 67
79 89
0 1
11 12
23 24
82 83
91 92
66 77
9 8
18 17
27 15
27 26
89 88
89 99
1 2
12 13
24 25
83 84
92 93
77 76
8 7
17 16
15 14
88 87
99 86
99 98
2 3
84 85
93 94
7 6
14 5
98 97