24 15 25 16 14 40 17 39 10 13 11 41 68 18 0 6 9 12 44 64 75 77 19 23 26 1 5 8 7 28 46 55 60 78 20 29 3 2 37 4 27 38 45 48 43 58 21 22 33 31 49 52 66 72 50 62 59 35 30 32 53 80 42 69 79
24 15
24 25
15 16
15 14
25 40
16 17
16 39
14 10
14 13
14 11
40 41
40 68
17 18
39 0
39 6
10 9
13 12
41 44
41 64
68 75
68 77
18 19
18 23
18 26
0 1
6 5
6 8
6 7
9 28
44 46
44 55
75 60
75 78
19 20
26 29
1 3
1 2
1 37
5 4
7 27
28 38
46 45
46 48
55 43
60 58
20 21
20 22
37 33
27 31
45 49
45 52
45 66
45 72
43 50
43 62
58 59
33 35
31 30
31 32
49 53
66 80
50 42
62 69
59 79