30 22 29 31 21 23 32 54 20 25 28 27 33 56 19 55 24 26 34 35 36 65 57 16 37 68 66 58 11 14 38 67 69 76 59 61 12 7 10 15 40 70 73 62 63 64 75 60 8 13 6 17 39 48 41 74 9 4 5 18 71 42 47 49 50 43 3 72 45 46 52 51 44 2 53 1
30 22
30 29
30 31
22 21
22 23
29 32
31 54
21 20
23 25
23 28
32 27
32 33
54 56
20 19
20 55
25 24
25 26
33 34
33 35
33 36
56 65
56 57
19 16
36 37
65 68
65 66
57 58
16 11
16 14
37 38
68 67
68 69
68 76
58 59
58 61
11 12
11 7
14 10
14 15
38 40
67 70
69 73
76 62
76 63
76 64
59 75
59 60
12 8
12 13
7 6
10 17
40 39
40 48
40 41
60 74
8 9
6 4
6 5
17 18
17 71
39 42
48 47
48 49
48 50
41 43
4 3
18 72
42 45
50 46
50 52
50 51
43 44
3 2
51 53
2 1