41 32 33 40 42 50 51 24 25 31 26 34 39 49 43 52 59 60 61 17 18 23 19 30 20 27 35 38 48 58 44 53 62 67 68 69 70 11 12 16 13 14 29 15 21 28 36 47 57 66 45 54 63 71 74 75 76 77 78 7 8 9 10 56 65 73 55 64 79 80 81 82 83 84 4 5 6 86 87 88 89 90 2 91 92 93 94 1 95 96 97 98
41 32
41 33
41 40
41 42
41 50
41 51
32 24
32 25
32 31
33 26
33 34
40 39
40 49
42 43
42 52
50 59
50 60
51 61
24 17
24 18
24 23
25 19
31 30
26 20
26 27
34 35
39 38
39 48
49 58
43 44
43 53
52 62
59 67
59 68
60 69
61 70
17 11
17 12
17 16
18 13
19 14
30 29
20 15
20 21
27 28
35 36
38 47
48 57
58 66
44 45
44 54
53 63
62 71
67 74
67 75
68 76
69 77
70 78
11 7
12 8
13 9
14 10
47 56
57 65
66 73
45 55
54 64
71 79
74 80
74 81
75 82
76 83
77 84
7 4
8 5
9 6
80 86
81 87
82 88
83 89
84 90
4 2
86 91
87 92
88 93
89 94
2 1
91 95
92 96
93 97
95 98