0 37 20 59 60 61 62 63 64 65 66 67 68 69 70 71 72 73 74 75 76 77 78 79 80 81 82 83 84 85 86 87 88 89 90 91 92 93 94 95 96 97 98 99 5 10 25 1 6 8 9 11 13 14 16 17 21 22 23 24 26 27 28 29 30 31 32 33 34 36 38 40 42 46 48 50 51 52 54 55 56 57 43 45 7 47 3 18 4 39 2 15 58
0 37
0 20
0 59
0 60
0 61
0 62
0 63
0 64
0 65
0 66
0 67
0 68
0 69
0 70
0 71
0 72
0 73
0 74
0 75
0 76
0 77
0 78
0 79
0 80
0 81
0 82
0 83
0 84
0 85
0 86
0 87
0 88
0 89
0 90
0 91
0 92
0 93
0 94
0 95
0 96
0 97
0 98
0 99
37 5
20 10
20 25
59 1
61 6
62 8
63 9
65 11
66 13
67 14
68 16
69 17
71 21
72 22
73 23
74 24
75 26
76 27
77 28
78 29
79 30
80 31
81 32
82 33
83 34
84 36
86 38
87 40
89 42
91 46
92 48
93 50
94 51
95 52
96 54
97 55
98 56
99 57
1 43
1 45
9 7
11 47
13 3
14 18
24 4
28 39
30 2
30 15
30 58