48 95 23 96 46 7 85 20 86 37 4 38 89 21 90 47 97 24 99 19 83 88 98 55 10 56 39 3 35 8 49 74 57 6 43 71 15 72 0 25 81 75 16 5 40 93 14 67 50 2 31 44 9 52 58 11 73 13 64 1 29 80 62 12 63 59 66
48 7
48 62
95 23
23 96
96 73
46 7
46 43
46 75
46 40
7 47
85 20
85 35
20 86
86 83
86 43
86 67
86 44
37 4
4 38
4 39
38 50
89 21
89 80
21 90
21 88
90 93
47 81
47 73
97 24
97 25
24 99
24 98
19 83
88 64
98 81
55 10
10 56
10 57
56 81
56 93
3 35
8 49
8 50
49 74
74 16
57 29
6 43
71 15
71 29
15 72
0 25
75 16
5 40
14 67
2 31
31 44
9 52
52 58
58 11
11 59
13 64
13 66
1 29
62 12
12 63
59 66