62 5 42 40 67 14 68 16 75 72 71 15 94 23 95 61 12 82 19 83 11 59 66 4 39 91 22 92 24 97 21 0 26 8 51 50 74 96 1 30 58 6 43 99 90 7 48 25 57 10 3 36 52 56 65 13 2 32 84
62 12
62 97
62 90
62 48
5 42
5 40
40 65
67 14
14 68
68 59
16 75
16 74
75 72
72 15
72 96
71 15
94 23
94 26
23 95
23 96
61 12
61 36
82 19
82 51
19 83
19 84
83 99
11 59
11 58
59 66
59 52
66 50
66 13
4 39
39 91
91 22
22 92
92 74
24 97
24 99
97 32
21 90
0 26
0 25
8 51
8 50
96 43
1 30
30 58
6 43
7 48
25 57
57 10
10 56
3 36
52 56
65 13
2 32