0 8 9 6 7 10 11 12 18 21 22 19 20 23 28 29 24 34 33 30 36 39 37 38 40 41 44 43 42 53 48 58 59 56 54 63 60 61 62 65 67 70 71 66 72 74 75 77 76 73 80 78 82 79 87 84 90 92 93 94 95 96
0 6
8 6
9 11
9 7
6 10
6 7
6 12
12 18
18 19
18 21
18 20
21 29
22 23
23 29
28 33
28 24
29 34
29 24
34 39
33 30
36 41
36 38
36 39
36 40
39 44
37 43
44 42
44 53
43 42
53 56
48 58
58 59
59 54
56 54
54 60
54 61
63 60
60 67
60 65
61 62
67 71
70 77
70 66
71 73
72 73
72 74
72 75
72 76
75 80
77 76
77 82
76 78
80 87
78 79
87 84
84 90
90 92
90 93
90 94
90 95
90 96