0 1 53 36 2 43 8 72 3 63 4 83 5 49 9 25 85 82 79 12 39 64 70 13 92 14 30 15 21 67 59 17 18 37 38 46 48 22 75 24 91 73 76 27 54 34 35 41 55 90 44 93 71 47 66 51 52 99 62 97 80 81 84 96
0 1
1 2
1 72
53 52
53 54
36 37
36 34
36 35
36 55
2 63
43 93
8 72
72 71
72 44
3 4
3 83
63 64
83 9
83 62
83 5
83 84
49 76
49 90
9 82
25 24
85 27
85 84
82 81
79 80
12 92
39 38
64 97
70 92
70 34
70 71
13 14
13 30
92 91
92 80
92 93
14 59
14 15
21 22
21 75
67 22
59 99
17 37
18 46
38 73
46 47
48 47
48 66
75 76
24 73
91 90
73 71
54 55
35 41
71 66
66 99
51 52
97 96
80 81