5 16 17 27 26 28 29 18 47 48 49 66 67 72 78 79 8 9 50 51 76 77 81 24 41 42 45 71 70 74 83 82 75 84 86 11 38 35 23 73 95 92 43 59 63 64 69 2 3 4 14 15 39 52 60 62 36 40 7 58 55 56 57 0 32 19
5 8
5 4
5 60
5 7
16 17
16 15
17 27
27 26
26 28
26 29
26 18
29 43
18 23
18 19
47 48
47 39
48 49
49 50
66 67
67 72
67 74
72 78
72 73
78 79
79 70
79 95
8 9
8 24
50 51
76 77
77 81
81 82
24 23
41 42
42 45
42 43
45 40
71 70
74 83
83 82
75 84
75 69
84 86
84 73
11 38
11 36
38 35
38 52
95 92
59 63
63 64
64 69
64 62
2 3
3 4
14 15
14 39
60 62
36 40
7 58
58 55
55 56
56 57
0 32
32 19