95 23 38 73 1 94 96 4 68 42 82 16 12 28 29 30 46 71 80 31 32 60 91 97 10 37 39 14 5 84 19 34 50 59 83 74 75 18 15 61 62 72 52 89 36 55 77 76 86 2 33 48 58 11 22 53 24 43 0 56 57 47 35 87 40 67 69 41 79 3 8 25 27 93 81 70 64 21 54 17 78 92 98 49 26 90 44 51
95 23
95 38
95 73
23 1
23 94
23 96
38 4
38 68
38 42
38 82
73 16
1 12
1 28
1 29
1 30
94 46
94 71
94 80
96 31
96 32
96 60
96 91
96 97
4 10
4 37
4 39
68 14
42 5
42 84
82 19
82 34
82 50
82 59
82 83
16 74
16 75
12 18
12 15
12 61
12 62
28 72
29 52
29 89
46 36
46 55
71 77
80 76
80 86
31 2
31 33
32 48
32 58
60 11
91 22
91 53
97 24
97 43
10 0
10 56
10 57
37 47
39 35
39 87
39 40
14 67
14 69
5 41
84 79
34 3
50 8
50 25
74 27
75 93
18 81
15 70
72 64
89 21
36 54
77 17
58 78
22 92
24 98
43 49
0 26
56 90
87 44
69 51