0 46 35 42 13 65 66 67 68 69 70 71 72 73 74 75 76 77 78 79 80 81 82 83 84 85 86 87 88 89 90 91 92 93 94 95 96 97 98 99 53 62 50 12 1 2 3 5 6 9 10 14 16 17 18 19 21 22 23 24 25 26 27 28 29 30 31 32 33 36 37 38 40 41 43 64 11 61 4 8 39 47 51 48 58 44 57 63 52 7 45 49
0 46
0 35
0 42
0 13
0 65
0 66
0 67
0 68
0 69
0 70
0 71
0 72
0 73
0 74
0 75
0 76
0 77
0 78
0 79
0 80
0 81
0 82
0 83
0 84
0 85
0 86
0 87
0 88
0 89
0 90
0 91
0 92
0 93
0 94
0 95
0 96
0 97
0 98
0 99
35 53
42 62
42 50
13 12
65 1
66 2
67 3
68 5
69 6
70 9
71 10
73 14
74 16
75 17
76 18
77 19
79 21
80 22
81 23
82 24
83 25
84 26
85 27
86 28
87 29
88 30
89 31
90 32
91 33
93 36
94 37
95 38
96 40
97 41
99 43
12 64
2 11
6 61
9 4
10 8
10 39
14 47
14 51
16 48
16 58
17 44
18 57
25 63
29 52
30 7
31 45
32 49