37 36 38 85 35 39 84 89 34 60 40 83 87 88 56 33 61 41 90 91 86 57 46 47 48 49 50 51 52 53 54 55 59 32 62 80 42 0 31 63 79 43 1 45 30 64 78 44 2 29 65 69 77 3 28 66 70 76 4 27 67 71 81 72 5 26 68 82 73 6 25 12 92 74 7 24 75 11 13 93 94 8 23 10 14 95 9 22 15 96 97 21 16 20 17
37 36
37 38
37 85
36 35
38 39
38 84
85 89
35 34
35 60
39 40
39 83
84 87
84 88
89 56
34 33
60 61
40 41
40 90
83 91
83 86
88 57
56 46
56 47
56 48
56 49
56 50
56 51
56 52
56 53
56 54
56 55
56 59
33 32
61 62
61 80
41 42
91 0
32 31
62 63
80 79
42 43
0 1
0 45
31 30
63 64
79 78
43 44
1 2
30 29
64 65
64 69
78 77
2 3
29 28
65 66
69 70
77 76
3 4
28 27
66 67
70 71
70 81
76 72
4 5
27 26
67 68
81 82
72 73
5 6
26 25
68 12
82 92
73 74
6 7
25 24
25 75
12 11
12 13
92 93
92 94
7 8
24 23
11 10
13 14
93 95
8 9
23 22
14 15
95 96
95 97
22 21
15 16
21 20
16 17