47 95 96 98 52 54 55 70 69 71 57 59 74 75 77 24 25 27 67 58 49 48 50 97 60 62 73 78 80 72 28 30 61 63 64 88 90 92 91 89 76 65 94 18 19 21 53 79 83 84 86 39 40 42 46 45 56 85 36 37 15 16 51 6 7 9 22 31 33 93 68 10 12 13 66 81 34 82 3 4 1 43 87
47 48
47 45
95 96
96 98
96 97
96 94
52 54
52 51
54 55
54 53
55 57
70 69
70 72
69 71
69 67
69 68
57 59
57 58
57 56
74 75
74 72
75 77
75 73
77 78
24 25
24 22
25 27
27 28
58 60
49 48
48 50
50 51
60 62
60 61
78 80
78 76
78 79
28 30
30 31
61 63
63 64
63 65
88 90
88 87
90 92
90 91
90 89
92 93
65 66
94 93
18 19
18 16
19 21
21 22
79 81
83 84
83 81
84 86
84 85
84 82
39 40
39 37
40 42
42 43
46 45
45 43
85 87
36 37
36 34
15 16
15 13
6 7
6 4
7 9
9 10
31 33
33 34
68 66
10 12
12 13
3 4
3 1