1 5 7 9 17 24 0 2 3 4 13 14 22 23 36 28 44 31 48 25 26 27 29 30 32 33 34 35 37 38 39 40 41 42 43 45 46 47 49 51 55 57 59 67 74 50 52 53 54 63 64 65 66 68 69 70 71 72 73 86 78 94 81 98 75 76 77 79 80 82 83 84 85 87 88 89 90 91 92 93 95 96 97 99
1 5
1 7
1 0
1 2
7 9
9 17
9 14
9 4
9 3
9 13
17 24
24 36
24 23
24 22
36 28
36 44
36 34
36 48
36 35
36 46
36 25
36 26
28 27
44 31
44 33
44 32
44 42
44 43
44 47
44 45
31 30
31 40
31 41
48 51
48 49
48 38
48 37
48 39
48 29
51 55
51 57
51 50
51 52
57 59
59 67
59 64
59 54
59 53
59 63
67 68
67 74
67 70
67 66
67 65
67 71
74 86
74 73
74 72
69 78
86 78
86 94
86 84
86 98
86 85
86 96
86 75
86 76
78 77
94 81
94 83
94 82
94 92
94 93
94 97
94 95
81 80
81 90
81 91
98 99
98 88
98 87
98 89
98 79