0 2 3 4 5 6 7 8 9 10 11 12 14 15 16 17 18 19 20 21 22 24 27 28 29 30 31 32 33 34 35 36 37 38 40 42 43 46 47 48 49 51 52 53 54 56 57 58 61 62 63 66 67 69 70 71 72 73 77 78 81 82 86 87 88 89 90 91 94 96 97 98
0 34
0 19
0 4
0 8
0 33
2 37
2 15
3 27
3 40
4 42
4 24
5 43
5 11
6 15
6 46
7 47
7 48
8 49
8 29
8 27
9 51
9 52
10 53
10 54
11 56
11 29
12 58
12 57
12 28
14 61
14 22
14 62
14 18
15 31
15 63
15 21
16 66
16 32
17 67
17 27
18 24
19 72
19 71
20 73
20 28
21 30
22 77
22 32
22 78
24 82
24 81
27 88
27 87
28 89
28 90
29 91
31 96
32 97
32 98
33 35
34 36
38 40
46 48
49 51
54 56
61 63
69 71
70 72
86 88
89 91
94 96