47 7 29 30 76 1 20 46 48 42 45 56 96 17 43 12 14 28 11 23 85 86 87 65 79 75 84 90 99 5 6 66 10 95 15 77 78 31 51 61 62 63 67 68 69 32 60 58 59 94 44 57 73 13 16 19 89 21 49 80 98 24 81 93 40 41 33 9 55 70 71 72 38 36 91 64 92 25 53 34 88 35 74 82 83 97 39 52
47 7
47 29
47 30
47 76
7 1
7 20
7 46
7 48
29 42
30 45
30 56
30 96
76 17
76 43
1 12
1 14
1 28
20 11
20 23
20 85
20 86
20 87
46 65
46 79
46 75
46 84
46 90
48 99
42 5
45 6
45 66
56 10
56 95
17 15
17 77
17 78
43 31
43 51
12 61
12 62
12 63
14 67
14 68
14 69
28 32
28 60
11 58
11 59
23 94
86 44
86 57
86 73
65 13
75 16
84 19
84 89
90 21
90 49
90 80
90 98
99 24
99 81
99 93
5 40
5 41
66 33
10 9
10 55
15 70
15 71
15 72
77 38
31 36
67 91
68 64
69 92
58 25
94 53
44 34
57 88
73 35
16 74
19 82
19 83
24 97
40 39
9 52