0 1 2 3 4 5 7 9 10 12 13 15 16 18 19 20 22 24 26 27 28 29 31 32 35 36 37 38 39 41 42 43 44 45 47 48 49 50 51 52 53 54 57 58 61 62 63 64 65 66 69 70 71 73 74 77 78 81 82 85 86 87 88 89 90 92 93 95 96 97 98
0 12
1 28
1 13
1 35
1 36
2 37
2 19
2 38
3 39
3 32
3 29
3 15
4 32
4 41
4 9
5 44
5 43
5 12
7 48
7 47
7 26
9 51
9 52
10 32
10 53
10 54
12 57
12 58
13 27
13 24
15 63
15 64
16 31
16 66
16 65
18 19
18 70
19 22
19 31
19 71
20 73
20 28
20 74
22 77
22 78
24 81
24 82
26 86
27 88
27 87
28 89
28 90
29 92
31 95
31 96
32 98
32 97
37 39
41 43
42 44
45 47
49 51
50 52
61 63
62 64
69 71
85 87
86 88
90 92
93 95