54 6 32 75 77 43 86 5 42 16 71 34 48 14 85 90 53 96 3 40 83 17 25 51 94 73 36 79 0 27 1 44 10 23 57 2 7 9 35 72 70 15 41 81 55 92 4 30 47 84 58 95 98 68 46 89 12 56 22 26 63 20 64 74 18 65 39 76 33
54 17
54 20
6 32
6 43
32 75
75 41
77 43
77 34
43 86
43 17
5 42
5 48
42 16
42 85
16 53
71 34
34 0
34 68
48 14
14 51
90 53
53 96
53 27
3 40
40 83
40 74
83 57
83 46
25 51
25 68
51 94
73 36
73 30
73 47
36 79
36 2
27 64
1 44
1 35
44 10
44 7
44 70
23 57
7 33
9 35
35 72
72 46
15 41
15 58
81 55
55 92
55 98
55 89
55 18
4 30
47 84
84 58
58 95
98 64
46 89
46 12
56 22
22 65
26 63
63 20
65 39
39 76
76 33