59 72 6 21 20 46 88 1 95 47 54 93 49 3 11 24 40 97 25 43 57 67 87 65 4 33 73 44 23 85 29 48 91 68 39 52 53 31 17 81 19 92 84 78 69 77 74 60 36 94 79 30 0 27 7 8 86 83 26 63 41 13 22 42
59 44
59 43
72 27
6 95
6 87
21 23
20 47
46 40
46 83
46 13
46 29
46 69
88 29
88 52
1 19
95 52
47 53
47 78
54 73
54 93
93 84
93 29
93 33
49 91
3 13
11 39
11 94
24 36
40 30
40 57
97 39
97 25
25 7
43 4
67 53
67 92
67 22
87 48
65 19
65 74
4 36
4 29
4 60
73 0
44 31
23 48
85 26
85 81
29 42
48 91
48 74
68 41
68 79
39 77
39 86
31 27
31 8
17 92
81 83
92 63
84 77
78 69
94 79