0 8 9 10 29 45 1 63 2 32 92 3 68 85 25 53 56 31 5 16 51 6 94 89 7 40 17 74 95 23 18 61 30 47 99 93 19 11 36 66 15 13 72 58 14 84 28 37 80 49 82 43 34 64 38 54 75 52 41 77 83 69
0 8
0 10
8 3
9 85
9 31
10 19
29 38
29 61
45 11
45 95
45 84
1 63
63 43
63 31
63 23
2 92
32 14
32 80
92 51
92 17
3 68
68 83
85 64
25 53
25 58
56 28
56 38
31 58
5 16
16 37
51 47
51 93
6 89
94 19
94 69
89 13
89 54
89 41
7 17
7 40
40 82
17 80
74 14
95 34
18 36
30 72
47 15
99 54
99 75
19 49
36 75
66 64
66 75
66 37
72 34
14 28
14 84
84 52
49 64
82 75
54 77