2 25 7 42 9 26 68 88 27 14 50 10 91 98 24 35 63 31 44 21 49 65 77 47 58 46 75 85 84 97 64 32 72 4 54 95 15 20 45 67 93 19 96 22 28 23 37 1 5 6 34 69 0 17 29 18 39 41 8 71 11 38 3 13 12 36
2 7
2 19
2 32
2 0
2 3
25 7
7 42
7 9
7 15
9 14
9 18
26 68
26 84
26 23
68 88
27 14
14 50
14 31
10 91
10 5
91 98
24 35
24 11
35 63
35 44
35 47
21 49
21 22
21 3
49 65
49 77
65 67
58 46
46 75
46 85
46 45
84 97
64 32
64 69
32 72
4 54
4 23
4 11
4 0
4 12
54 95
15 20
20 45
67 93
19 96
22 28
23 37
1 5
1 6
1 0
1 8
6 34
0 17
17 39
29 18
39 41
8 71
11 38
3 13
3 36