20 19 21 4 18 22 3 5 90 57 17 23 2 6 89 56 58 16 24 96 28 1 7 78 9 84 55 45 93 59 15 25 68 27 29 10 0 72 99 8 79 34 85 54 46 65 60 14 26 69 30 76 11 73 80 33 35 86 53 32 47 61 31 13 42 12 81 36 52 48 62 41 37 49 40
20 19
20 21
20 4
19 18
21 22
4 3
4 5
4 90
4 57
18 17
22 23
3 2
5 6
90 89
57 56
57 58
17 16
23 24
23 96
23 28
2 1
6 7
6 78
6 9
89 84
56 55
56 45
56 93
58 59
16 15
24 25
96 68
28 27
28 29
28 10
1 0
1 72
1 99
7 8
78 79
78 34
9 85
55 54
45 46
45 65
59 60
15 14
25 26
68 69
29 30
29 76
10 11
72 73
79 80
34 33
34 35
85 86
54 53
54 32
46 47
60 61
60 31
14 13
76 42
11 12
80 81
35 36
53 52
47 48
61 62
42 41
36 37
48 49
41 40