0 61 63 65 66 67 68 69 70 71 72 73 74 75 76 77 78 79 80 81 82 83 84 85 86 87 88 89 90 91 92 93 94 95 96 97 98 99 3 26 10 25 2 4 5 6 8 11 12 13 14 15 16 17 18 19 20 22 27 28 29 30 31 32 36 37 40 41 42 44 45 59 33 51 57 62 54 24 64 46 23 49 7 50 21 56 34 48 55 39 60 53 9 43 47 58
0 61
0 63
0 65
0 66
0 67
0 68
0 69
0 70
0 71
0 72
0 73
0 74
0 75
0 76
0 77
0 78
0 79
0 80
0 81
0 82
0 83
0 84
0 85
0 86
0 87
0 88
0 89
0 90
0 91
0 92
0 93
0 94
0 95
0 96
0 97
0 98
0 99
61 3
61 26
63 10
63 25
66 2
68 4
69 5
70 6
71 8
73 11
74 12
75 13
76 14
77 15
78 16
79 17
80 18
81 19
82 20
83 22
86 27
87 28
88 29
89 30
90 31
91 32
93 36
94 37
96 40
97 41
98 42
99 44
26 45
25 59
25 33
2 51
5 57
6 62
6 54
11 24
15 64
16 46
16 23
18 49
27 7
28 50
30 21
41 56
42 34
45 48
59 55
64 39
64 60
7 53
21 9
48 43
9 47
43 58