90 20 71 91 2 4 63 87 53 6 28 16 11 26 54 82 7 17 99 36 48 93 43 98 65 49 25 40 0 56 19 10 86 23 62 21 66 88 96 35 68 73 33 81 59 84 61 60 24 5 39 15 13 18 9 94 52 85 51 74 8 38 47
90 40
90 33
90 13
90 38
20 71
20 99
71 91
71 87
2 4
2 13
4 63
87 53
87 62
53 96
53 47
6 28
28 16
16 11
16 85
11 94
26 54
54 82
54 52
54 8
7 17
17 99
17 73
17 15
36 48
36 96
36 84
36 52
48 93
43 98
98 65
98 40
98 86
65 49
65 9
49 68
25 40
0 56
0 33
56 19
56 18
19 81
10 86
86 23
21 66
66 88
66 8
35 68
68 73
81 59
84 61
61 60
61 24
24 94
5 39
39 15
85 51
51 74