0 28 50 57 81 84 1 26 69 2 3 11 18 40 58 85 5 9 32 43 61 25 73 88 97 98 6 42 90 7 12 8 22 27 86 31 60 10 41 16 19 53 24 94 13 38 63 87 37 59 68 72 17 51 78 96 49 20 52 21 95 23 55 62 83 47 48 91 77 93 70 76 54 89
0 57
0 84
28 41
28 84
28 91
50 76
50 63
57 21
81 40
81 7
81 85
84 90
84 89
1 26
1 69
26 68
69 59
69 87
69 77
2 3
2 11
3 58
11 19
18 49
18 73
40 58
40 16
58 31
58 78
85 32
5 25
5 97
9 31
43 10
43 20
43 96
61 98
61 59
25 27
25 53
25 94
73 12
73 95
88 27
88 72
88 22
97 93
98 54
6 42
42 13
90 96
7 12
8 22
22 55
22 24
27 47
27 38
86 62
86 53
31 41
60 52
60 68
60 37
41 37
13 38
37 70
17 78
51 23
51 76
78 23
78 47
52 83
95 48