11 12 21 13 31 14 41 15 4 25 51 40 52 16 5 24 3 26 35 61 50 42 30 62 53 17 6 23 34 2 27 36 44 71 60 32 20 72 63 18 7 22 33 54 1 37 46 45 81 70 10 73 64 28 8 56 0 47 65 82 80 74 38 9 66 57 58 75 83 90 85 48 19 67 68 59 76 84 91 86 95 49 29 77 78 69 94 92 87 96 39 88 79 93 97 89
11 12
11 21
12 13
21 31
13 14
31 41
14 15
14 4
14 25
41 51
41 40
41 52
15 16
15 5
15 24
4 3
25 26
25 35
51 61
51 50
51 42
40 30
52 62
52 53
16 17
5 6
24 23
24 34
3 2
26 27
35 36
35 44
61 71
50 60
42 32
30 20
62 72
53 63
17 18
6 7
23 22
34 33
34 54
2 1
27 37
36 46
44 45
71 81
60 70
20 10
72 73
63 64
18 28
7 8
54 56
1 0
37 47
45 65
81 82
70 80
73 74
28 38
8 9
56 66
56 57
47 58
65 75
82 83
80 90
74 85
38 48
9 19
57 67
58 68
58 59
75 76
75 84
90 91
85 86
85 95
48 49
19 29
67 77
68 78
59 69
84 94
91 92
86 87
95 96
49 39
78 88
69 79
94 93
96 97
79 89