58 47 50 75 2 60 59 7 19 81 27 94 86 57 12 51 29 74 98 66 22 64 23 97 49 65 52 44 82 80 16 54 25 13 67 26 73 28 3 21 37 31 53 20 8 79 0 9 71 89 14 61 38 77 6 34 15 24 30 4 41 95 93 72 90 48 17 42
58 80
58 3
47 50
50 75
50 53
50 34
50 15
75 74
2 60
60 59
59 89
7 19
19 81
19 30
81 64
27 94
27 65
94 86
94 80
86 57
86 37
12 51
12 30
51 29
51 66
74 98
74 0
98 64
66 77
22 64
22 71
22 61
23 97
97 49
97 37
97 26
49 72
65 52
44 82
82 80
82 54
16 54
54 25
13 67
13 95
13 48
67 26
67 73
28 3
21 37
21 41
37 9
37 31
31 53
20 8
8 79
79 24
71 89
14 61
14 42
38 77
6 34
15 24
4 41
41 17
95 93
72 90