0 31 70 81 83 92 27 52 56 2 34 40 74 3 69 4 96 5 35 6 28 94 7 48 57 9 11 30 68 82 12 36 50 25 38 14 37 15 16 33 17 18 29 20 85 51 65 98 21 22 49 23 24 64 26 42 99 90 95 54 61 43 39 93 45 47 89
0 83
0 81
31 28
31 83
31 64
31 99
70 56
70 61
81 25
81 42
92 3
92 7
27 42
52 20
56 64
2 74
34 30
34 51
34 16
40 15
40 35
74 90
74 7
74 26
74 68
74 23
69 99
69 47
4 96
96 7
5 35
35 43
6 94
28 49
94 20
48 24
48 51
57 36
57 65
9 11
11 30
11 68
11 82
30 20
30 33
68 25
68 95
82 37
12 36
12 50
50 45
38 85
14 37
33 21
17 29
18 85
18 20
29 98
20 98
65 24
22 49
49 93
49 89
54 43
54 39
43 93