0 3 4 6 9 16 20 21 22 23 25 29 30 32 33 35 36 38 43 44 49 51 52 53 59 60 64 65 67 72 73 74 76 80 81 82 84 89 90 93 94 96 99 1 5 7 10 11 12 13 14 18 27 28 31 39 40 41 45 47 50 54 58 61 70 75 79 85 87 88 92 95 98 2 19 24 34 55 62 63 66 78 83 86 15 37 42 56 8 97
0 21
3 90
3 30
3 40
3 23
3 64
4 2
4 60
6 40
9 22
16 73
16 99
20 14
21 11
22 87
23 78
23 87
25 24
29 55
30 58
30 82
32 53
33 52
35 83
35 70
36 94
38 78
43 76
43 13
43 58
43 41
44 55
44 97
44 61
49 41
51 28
52 79
52 8
53 70
59 42
60 28
60 27
60 72
65 5
67 41
72 56
72 83
74 54
76 5
76 95
80 94
80 12
81 27
82 93
82 7
84 96
84 83
89 75
90 94
90 28
99 58
99 14
1 98
1 18
5 50
10 79
10 39
11 47
11 86
18 56
18 62
28 63
28 47
28 54
31 78
39 75
41 42
45 85
75 15
79 56
85 56
88 83
92 98
92 24
95 34
19 56
19 37
66 8
56 97