78 50 7 6 58 73 85 75 69 47 36 32 79 55 60 41 13 31 26 23 19 1 18 42 15 49 25 0 68 9 10 21 72 70 34 67 35 39 54 53 91 66 65 82 52 37 40 64 11 76 90 84 81 45 62 51 77 71 61 88 92 38 43 22 48 20 57 17 30 3 8 2 46 86 89 44 59 5 12 87 27 24 4 80
78 13
78 49
50 51
50 43
7 71
6 10
58 69
58 15
73 15
85 13
75 90
75 10
69 86
47 67
36 43
32 65
79 1
79 59
79 82
55 64
55 68
60 38
60 22
41 82
41 89
41 53
31 61
31 37
31 49
26 39
23 44
19 11
19 86
1 62
1 20
18 84
42 49
42 44
15 61
15 4
49 54
25 87
0 20
0 21
68 5
68 48
68 35
9 70
10 40
10 17
21 91
72 27
70 52
70 30
34 35
34 12
34 84
67 82
67 92
67 3
35 81
35 87
39 88
39 71
54 2
53 66
65 62
82 61
82 8
82 46
52 3
40 77
76 84
81 8
45 17
45 2
51 88
77 57
88 24
43 17
22 27
2 27
44 80