46 0 33 30 49 91 97 17 77 94 38 57 63 65 84 10 42 15 78 75 28 20 51 88 1 34 62 2 11 66 93 3 29 19 83 43 70 52 60 69 59 79 16 26 76 58 50 22 87 31 6 18 54 14 61 27 55 21 96 37 35 24 13 44 12 36 39 48 71 41 4 64 73 74 99 85 7 80 98 40 45 5 23 89 82 56 90 68 8 81 9 53 86 67 32 92 25 95
46 48
46 85
0 33
0 75
33 30
30 42
49 91
49 90
91 97
97 70
17 77
17 29
77 94
94 84
38 57
38 89
57 63
63 36
65 84
65 88
10 42
10 27
15 78
15 74
75 28
28 20
20 45
51 88
51 83
1 34
1 59
34 62
62 2
2 35
11 66
11 85
66 93
93 61
3 29
3 13
19 83
19 98
43 70
43 99
52 60
52 92
60 69
69 90
59 79
79 16
16 44
26 76
26 31
76 58
58 50
50 23
22 87
22 25
87 31
6 18
6 71
18 54
54 74
14 61
14 40
27 55
55 86
21 96
21 81
96 37
37 99
35 24
24 39
13 44
12 36
12 53
39 48
71 41
41 95
4 64
64 73
73 81
7 80
7 68
80 98
40 45
5 23
5 9
89 82
82 56
56 67
68 8
8 32
9 53
86 67
32 92
25 95