0 8 17 24 1 29 50 57 85 96 2 41 49 94 3 18 34 73 4 98 69 72 7 22 19 23 9 60 10 12 40 11 27 36 95 14 15 39 92 61 20 28 88 21 54 79 37 44 62 31 63 56 66 99 35 45 43 51 97 70
0 17
8 23
8 73
17 57
17 23
24 62
24 44
1 85
1 96
1 29
1 50
29 27
29 10
29 66
50 69
57 35
57 4
85 56
96 88
2 94
41 79
41 14
41 56
49 45
49 37
49 88
49 9
94 10
94 43
3 34
18 22
18 92
34 12
73 40
98 69
98 31
72 51
7 22
19 61
23 60
60 95
10 40
12 36
11 27
36 15
36 54
36 45
95 97
95 28
95 21
39 45
92 70
92 20
61 43
28 63
79 99
44 97
63 70
99 51