0 2 3 5 6 7 8 9 10 11 12 13 14 16 17 19 20 21 22 23 24 25 26 28 29 30 31 32 33 34 37 41 42 43 44 45 46 48 49 50 51 53 54 55 57 58 59 61 62 65 66 67 69 70 71 72 73 74 75 76 79 80 81 82 85 86 89 90 93 94 97
0 34
0 33
0 11
2 37
2 16
2 11
3 24
3 28
5 43
5 44
5 11
6 46
6 45
6 29
6 32
7 48
7 12
8 50
8 11
9 51
9 22
10 54
10 19
11 55
11 28
12 26
12 58
12 14
13 19
13 30
13 28
13 59
14 62
14 24
14 61
16 66
17 67
17 20
19 71
19 20
19 72
20 74
21 75
21 76
22 29
23 80
23 31
23 79
24 81
24 82
25 31
25 28
26 86
26 85
28 89
28 90
30 94
30 93
32 97
41 43
42 44
46 48
49 51
53 55
57 59
65 67
69 71
70 72
73 75
74 76