1 0 2 3 4 6 7 9 10 12 14 15 16 17 18 20 21 22 24 25 26 27 28 29 30 31 32 33 34 35 36 37 38 42 43 44 46 50 51 52 53 55 56 59 60 63 65 66 67 68 69 71 73 74 76 77 78 79 82 83 84 85 86 88 90 91 95 97 98 99
1 2
1 0
2 3
3 4
3 56
3 52
6 85
6 7
9 74
9 10
10 20
10 60
12 97
14 18
15 16
15 34
17 25
17 18
20 52
20 21
21 22
22 25
24 25
24 43
26 68
27 68
27 28
29 97
29 95
30 31
31 32
32 33
32 55
33 68
34 46
35 36
35 79
35 85
37 46
37 76
37 95
37 65
38 65
38 86
42 43
43 65
44 53
50 78
50 79
51 52
53 86
55 56
59 66
60 71
63 74
66 99
66 69
67 68
68 69
73 84
76 77
77 78
78 88
82 83
83 84
83 91
90 91
91 95
98 99