83 79 18 80 56 10 57 47 7 48 50 8 51 0 26 82 19 52 9 53 16 75 46 58 11 59 2 31 35 3 27 86 97 24 99 22 91 17 78 90 21 54 25 77 20 87 12 62 14 68 93 42 5 36 39 4 41 67 49 1 30 15 70 74 94 66 13 65 64 6 45 63
83 19
83 49
83 64
79 18
79 26
18 80
56 10
56 91
10 57
57 62
47 7
47 35
7 48
7 46
48 91
48 68
50 8
8 51
8 49
0 26
0 27
0 25
26 42
82 19
82 94
52 9
52 94
9 53
9 54
53 75
16 75
16 74
58 11
58 30
11 59
59 66
2 31
31 35
35 3
3 36
27 86
86 20
97 24
97 77
24 99
99 93
22 91
22 93
17 78
17 77
78 90
90 21
54 25
20 87
12 62
12 63
14 68
14 67
42 5
5 41
36 39
39 4
41 67
1 30
15 70
70 74
66 13
13 65
13 64
6 45
45 63