0 10 65 66 67 68 69 70 71 72 73 74 75 76 77 78 79 80 81 82 83 84 85 86 87 88 89 90 91 92 93 94 95 96 97 98 99 3 1 4 5 6 9 11 13 15 16 18 19 20 27 28 29 31 32 36 39 41 42 44 8 51 40 56 37 24 53 48 60 58 49 47 63 22 59 21
0 10
0 65
0 66
0 67
0 68
0 69
0 70
0 71
0 72
0 73
0 74
0 75
0 76
0 77
0 78
0 79
0 80
0 81
0 82
0 83
0 84
0 85
0 86
0 87
0 88
0 89
0 90
0 91
0 92
0 93
0 94
0 95
0 96
0 97
0 98
0 99
10 3
65 1
67 4
68 5
69 6
71 9
73 11
75 13
76 15
77 16
78 18
79 19
80 20
83 27
84 28
85 29
87 31
88 32
92 36
93 39
94 41
95 42
97 44
1 8
1 51
1 40
4 56
5 37
5 24
6 53
9 48
9 60
9 58
11 49
13 47
13 63
15 22
18 59
19 21