70 6 64 63 61 72 73 15 16 17 91 92 93 41 42 51 67 68 69 71 82 83 4 88 87 84 85 89 43 35 36 37 25 26 27 99 21 22 23 19 20 75 76 77 78 24 28 29 62 55 56 57 13 14 0 8 9 52 53 97 98 39 40 33 45 46 47 11 10 48 60 34 58 59 18 90 50 38 81 80 1 2 31 95 96
70 69
70 71
6 64
64 63
63 62
61 72
61 62
61 60
72 73
72 71
72 99
72 33
15 16
15 14
16 17
17 18
91 92
91 90
92 93
92 10
41 42
41 82
41 40
42 51
42 43
51 52
51 50
67 68
67 77
68 69
82 83
82 81
83 84
4 88
88 87
88 89
84 85
89 90
35 36
35 34
36 37
37 38
25 26
25 24
26 27
27 28
99 98
21 22
21 20
22 23
23 24
23 18
19 20
20 60
75 76
76 77
77 78
28 29
55 56
56 57
57 58
13 14
0 8
0 1
8 9
9 10
52 53
97 98
97 96
39 40
39 38
33 34
45 46
45 90
46 47
47 48
11 10
60 59
58 59
90 50
81 80
1 2
1 31
95 96