0 1 2 4 5 7 9 10 12 13 14 15 16 17 18 21 22 24 27 28 29 30 31 32 33 34 35 36 37 38 41 42 44 45 46 47 48 49 50 51 52 53 54 57 58 61 62 64 65 66 68 69 70 73 74 75 76 77 78 81 82 86 87 88 89 90 91 93 94 96 97 98
0 34
0 33
0 28
1 35
1 32
1 15
2 38
2 27
2 37
2 18
2 13
4 42
4 41
5 44
5 16
5 13
7 47
7 10
7 48
9 52
9 14
9 51
10 53
10 54
10 16
12 16
12 58
12 17
12 57
14 61
14 17
15 64
16 32
16 65
17 68
18 70
18 69
21 32
21 75
21 76
22 30
22 78
22 77
24 81
24 32
24 82
27 87
27 88
28 90
28 29
29 91
29 31
30 93
30 94
31 96
32 98
32 97
33 35
34 36
42 44
45 47
46 48
49 51
50 52
62 64
66 68
73 75
74 76
86 88
89 91
94 96