36 3 29 34 73 47 23 35 1 59 87 38 76 16 57 7 67 2 13 94 95 96 33 41 19 22 4 28 30 11 20 79 98 17 82 6 24 74 75 10 64 71 46 48 14 90 32 65 66 39 27 69 5 83 84 91 92 93 37 26 86 50 72 58 60 85 18 62 77 78 43 45 97 99 52 61 70 15 88 68 80 0
36 3
36 29
36 34
36 73
36 47
3 23
3 35
29 1
29 59
29 87
34 38
34 76
73 16
73 57
47 7
47 67
23 2
23 13
23 94
23 95
23 96
35 33
35 41
1 19
1 22
1 4
1 28
1 30
59 11
87 20
38 79
38 98
76 17
76 82
16 6
16 24
16 74
16 75
57 10
57 64
57 71
7 46
7 48
67 14
67 90
2 32
13 65
13 66
94 39
95 27
33 69
41 5
19 83
19 84
22 91
22 92
22 93
4 37
28 26
28 86
28 50
30 72
11 58
11 60
20 85
79 18
79 62
98 77
17 78
6 43
6 45
24 97
24 99
75 52
75 61
75 70
71 15
46 88
14 68
90 80
27 0