74 73 16 35 3 36 63 12 62 41 5 42 88 21 89 40 58 11 60 86 20 87 85 4 39 49 8 50 23 96 70 6 44 15 72 83 19 84 94 55 10 56 51 90 99 24 98 0 26 7 47 9 53 97 1 28 2 33 22 91 52 82 17 78 45 18 80 32 64 13 75
74 16
74 62
73 16
73 94
73 28
16 75
35 3
35 44
35 82
3 36
63 12
12 62
62 98
41 5
5 42
5 40
42 80
88 21
88 97
21 89
21 90
40 97
58 11
58 75
11 60
86 20
86 90
86 91
20 87
20 85
4 39
39 47
39 52
49 8
8 50
8 51
23 96
23 94
96 70
70 15
6 44
6 45
15 72
83 19
83 99
83 78
19 84
19 82
55 10
55 26
55 53
10 56
51 90
99 24
24 98
24 97
98 26
0 26
7 47
47 33
9 53
9 52
1 28
2 33
2 32
22 91
17 78
18 80
32 64
64 13