0 54 1 87 2 68 3 55 4 40 5 82 7 49 8 85 9 23 10 11 58 12 69 13 78 14 15 16 36 17 64 60 19 81 20 21 27 22 29 24 90 25 79 26 74 83 42 31 39 32 34 37 95 41 45 44 67 46 71 47 48 70 50 51 52 57 59 77 75 63 65 96 73 76 80 92 86 89 91 93
0 70
0 58
0 54
54 23
1 87
1 40
87 46
87 32
2 64
2 68
68 70
3 55
55 31
55 50
55 48
4 40
40 47
5 82
82 91
82 96
82 22
7 49
49 67
49 70
8 85
85 77
9 23
9 14
9 79
23 65
23 29
10 11
11 74
11 58
58 34
58 92
58 20
12 69
69 21
13 78
13 57
78 75
78 22
14 51
14 15
16 36
36 20
36 37
36 90
17 71
17 64
64 22
64 63
64 77
60 75
19 81
81 48
20 52
21 27
27 83
29 42
24 90
25 79
79 76
26 74
74 73
83 52
42 45
31 39
39 37
95 57
41 45
44 67
46 71
46 86
57 93
59 77
77 89
80 92