0 51 55 2 11 4 54 71 5 40 57 6 87 7 79 90 8 32 39 82 12 24 84 13 93 96 14 78 16 27 86 18 26 20 72 58 22 92 95 23 49 81 28 56 36 30 31 99 37 89 33 94 35 60 53 91 41 42 97 45 62 48 65 67 52 59 66 73 85
0 55
51 87
51 52
55 91
2 11
11 84
4 57
4 5
54 90
71 97
5 87
40 41
40 39
57 94
6 7
6 90
87 84
87 85
87 99
7 8
79 16
79 99
90 91
90 99
32 94
32 33
39 91
39 36
82 92
82 78
12 93
12 13
24 81
24 23
13 14
93 62
93 94
96 27
96 18
96 42
78 65
27 26
27 56
27 28
86 81
86 85
20 72
72 22
72 73
58 53
58 97
92 95
92 45
95 94
95 60
95 66
23 49
49 48
36 35
36 37
30 31
31 89
99 89
99 42
94 53
60 59
97 73
67 66