0 4 18 50 51 52 53 54 55 56 57 58 59 60 61 62 63 64 65 66 67 68 69 70 71 72 73 74 75 76 77 78 79 80 81 82 83 84 85 29 86 38 41 49 2 3 7 8 9 11 12 13 15 16 17 22 23 24 25 26 27 28 30 31 32 33 34 35 36 37 39 40 43 44 45 46 47 48 1 5 19 10 6
0 4
0 18
0 50
0 51
0 52
0 53
0 54
0 55
0 56
0 57
0 58
0 59
0 60
0 61
0 62
0 63
0 64
0 65
0 66
0 67
0 68
0 69
0 70
0 71
0 72
0 73
0 74
0 75
0 76
0 77
0 78
0 79
0 80
0 81
0 82
0 83
0 84
0 85
4 29
4 86
18 38
18 41
18 49
50 2
51 3
53 7
54 8
55 9
56 11
57 12
58 13
59 15
60 16
61 17
63 22
64 23
65 24
66 25
67 26
68 27
69 28
70 30
71 31
72 32
73 33
74 34
75 35
76 36
77 37
78 39
79 40
80 43
81 44
82 45
83 46
84 47
85 48
86 1
49 5
2 19
2 10
3 6