25 87 56 88 40 42 61 98 89 57 90 93 59 94 60 95 91 58 92 54 39 55 43 62 99 96 52 38 53 30 37 51 50 48 36 49 0 1 3 4 2 5 6 28 26 29 7 15 16 8 17 18 9 19 20 10 21 22 11 23 33 34 45 24 31 44 32 27 46 35 47 41
25 37
25 26
25 24
25 27
87 56
56 88
56 40
40 32
40 57
42 61
42 60
42 33
61 98
89 57
57 90
93 59
59 94
59 41
60 95
60 96
91 58
58 92
58 41
54 39
39 55
39 31
43 62
43 33
62 99
52 38
38 53
38 31
30 37
30 36
37 51
37 50
48 36
36 49
0 1
0 2
1 3
1 4
3 7
3 8
4 9
4 10
2 5
2 6
5 11
28 26
28 33
28 32
26 29
29 34
29 35
7 15
7 16
8 17
8 18
9 19
9 20
10 21
10 22
11 23
11 24
34 45
34 44
31 27
32 41
46 35
35 47