15 14 16 45 46 47 48 49 50 13 17 44 51 12 18 43 52 11 19 42 53 10 20 41 54 9 21 40 55 8 22 39 56 7 23 38 57 6 24 37 58 5 25 36 59 4 26 35 60 3 27 34 61 2 28 33 62 1 29 32 63 0 30 31 64 69 65 68
15 14
15 16
15 45
15 46
15 47
15 48
15 49
15 50
14 13
16 17
45 44
50 51
13 12
17 18
44 43
51 52
12 11
18 19
43 42
52 53
11 10
19 20
42 41
53 54
10 9
20 21
41 40
54 55
9 8
21 22
40 39
55 56
8 7
22 23
39 38
56 57
7 6
23 24
38 37
57 58
6 5
24 25
37 36
58 59
5 4
25 26
36 35
59 60
4 3
26 27
35 34
60 61
3 2
27 28
34 33
61 62
2 1
28 29
33 32
62 63
1 0
29 30
32 31
63 64
0 69
64 65
69 68