59 6 11 10 12 29 82 83 18 19 33 32 92 2 3 4 14 13 96 22 23 24 78 79 80 43 44 57 58 26 27 20 16 15 38 37 66 68 69 70 0 1 31 48 63 62 60 93 85 86 87 89 90 50 56 88 5 61 81 52 53 54 64 67 77 49 25 74 71 7 35 47
59 58
59 37
59 60
6 11
6 7
11 10
11 12
10 26
12 13
29 82
82 83
82 81
83 19
18 19
18 61
19 20
33 32
32 92
32 31
92 93
2 3
2 1
3 4
4 5
14 13
14 43
14 15
13 96
22 23
22 77
23 24
23 53
24 25
78 79
78 88
78 77
79 80
79 66
80 81
43 44
57 58
57 15
57 56
26 27
16 15
38 37
38 5
66 67
68 69
68 67
69 70
70 71
0 1
0 89
48 63
48 49
48 47
63 62
63 64
60 93
60 61
85 86
86 87
87 88
89 90
50 56
50 49
52 53
53 54
25 74
35 47