5 65 56 6 52 75 17 60 48 27 74 86 95 99 72 66 57 12 15 22 69 89 41 64 20 94 24 55 43 50 54 92 62 88 33 38 49 31 32 36 14 44 59 71 83 3 96 61 93 23 87 18 19 77 34 53 98 68 30 73 37 85 7 45 25 13 70 11 78 1 97 42 81 46 39 28 47 51 0 8 26 84 63 67
5 48
65 78
65 36
65 34
56 87
56 13
6 62
52 14
52 87
52 94
75 50
75 13
17 95
17 53
60 45
60 1
60 43
48 28
27 78
27 55
74 96
74 92
86 19
95 97
95 33
99 36
72 88
72 77
72 32
66 12
66 33
57 67
57 44
57 1
15 51
22 43
69 88
69 7
89 70
89 71
41 81
64 37
64 51
64 73
20 28
24 36
55 19
55 39
43 81
54 46
54 98
92 51
62 47
62 18
88 59
33 61
33 19
33 11
38 49
38 0
49 93
31 32
32 23
32 25
36 0
44 61
71 47
83 42
3 96
61 68
61 84
93 26
93 28
87 28
53 42
98 42
30 84
73 25
85 7
25 8
25 28
70 39
8 63