0 10 12 54 75 1 25 38 44 92 2 14 28 61 64 88 3 32 46 23 5 6 65 66 81 7 74 79 99 8 41 9 77 26 30 60 69 84 11 16 27 89 93 15 56 73 51 33 49 59 29 58 45 52 37 53 36 71 67
0 12
10 23
10 84
10 60
12 56
12 15
12 81
12 88
54 56
54 46
54 26
75 8
75 71
1 38
25 88
25 51
38 92
38 29
44 73
44 56
92 67
2 88
14 77
14 6
28 15
28 5
61 30
61 8
61 65
64 77
64 66
3 46
32 37
32 89
46 52
23 45
6 65
66 81
7 74
7 99
74 89
79 99
79 45
99 9
41 53
41 73
26 16
69 67
69 84
11 93
11 27
16 49
27 53
73 33
73 36
73 58
33 59
29 53