0 68 35 73 74 75 76 77 78 79 80 81 82 83 84 85 86 87 88 89 90 91 92 93 94 95 96 97 98 99 13 42 61 63 54 1 3 6 7 8 9 10 15 16 17 18 19 21 22 27 28 29 36 38 39 40 44 45 51 55 50 11 67 59 32 23 64 60 47 70 66 71 5 43 56 41 26 37 52 53 57 58 20 65 2 25 30 62 48 14 72 69 49 46 12 4 34
0 68
0 35
0 73
0 74
0 75
0 76
0 77
0 78
0 79
0 80
0 81
0 82
0 83
0 84
0 85
0 86
0 87
0 88
0 89
0 90
0 91
0 92
0 93
0 94
0 95
0 96
0 97
0 98
0 99
68 13
68 42
68 61
68 63
35 54
73 1
74 3
75 6
76 7
77 8
78 9
79 10
81 15
82 16
83 17
84 18
85 19
86 21
87 22
89 27
90 28
91 29
94 36
95 38
96 39
97 40
99 44
13 45
61 51
54 55
3 50
3 11
6 67
6 59
8 32
8 23
9 64
16 60
17 47
18 70
19 66
19 71
21 5
28 43
28 56
36 41
38 26
38 37
39 52
11 53
59 57
59 58
64 20
47 65
70 2
70 25
70 30
41 62
37 48
58 14
58 72
65 69
2 49
30 46
72 12
46 4
4 34