20 19 21 18 22 17 23 16 12 24 15 11 13 25 14 10 26 9 27 8 28 7 29 6 30 5 31 4 32 3 33 2 49 34 1 0 48 50 35 47 51 36 46 52 37 45 53 38 44 54 39 43 55 40 42 56 41 57 58 59 60 61 62 63 64 65 66 67 68 69 70 71 72 73 74 75 76 77 78 79 80 81 82 83 84 85 86 87 88 89 90 91 92 93 94 95 96 97 98
20 19
20 21
19 18
21 22
18 17
22 23
17 16
17 12
23 24
16 15
12 11
12 13
24 25
15 14
11 10
25 26
10 9
26 27
9 8
27 28
8 7
28 29
7 6
29 30
6 5
30 31
5 4
31 32
4 3
32 33
3 2
3 49
33 34
2 1
2 0
49 48
49 50
34 35
48 47
50 51
35 36
47 46
51 52
36 37
46 45
52 53
37 38
45 44
53 54
38 39
44 43
54 55
39 40
43 42
55 56
40 41
56 57
57 58
58 59
59 60
60 61
61 62
62 63
63 64
64 65
65 66
66 67
67 68
68 69
69 70
70 71
71 72
72 73
73 74
74 75
75 76
76 77
77 78
78 79
79 80
80 81
81 82
82 83
83 84
84 85
85 86
86 87
87 88
88 89
89 90
90 91
91 92
92 93
93 94
94 95
95 96
96 97
97 98