0 32 71 61 1 7 11 22 2 51 3 59 34 96 4 92 49 41 52 48 85 5 40 42 70 33 66 15 9 8 12 69 10 82 29 87 39 99 23 73 13 84 14 46 16 81 17 80 18 98 19 20 68 24 30 47 58 31 35 43 28 26 72 55 79 38 64 50 36 60 57 75 67 77
0 61
0 32
32 85
71 35
71 19
71 72
61 80
1 22
1 7
7 42
7 11
7 3
11 39
11 99
11 34
11 48
22 58
22 30
22 47
22 12
2 51
51 64
51 67
3 96
59 99
59 36
34 24
34 50
96 14
96 66
4 92
4 52
92 29
49 40
49 35
41 23
41 52
48 81
48 17
85 69
5 40
40 64
40 58
70 12
70 20
70 46
70 75
33 26
33 38
15 82
9 69
8 12
12 23
12 73
10 29
82 14
87 98
13 84
84 55
46 98
16 81
80 26
18 98
20 68
68 26
24 43
31 28
31 79
43 28
55 77
36 60
36 57
60 77