81 68 14 69 52 9 53 70 15 72 74 16 75 94 23 95 76 17 77 34 3 36 31 2 32 71 73 19 84 35 56 10 57 6 44 7 48 0 27 4 37 33 45 55 86 20 87 5 42 99 24 97 39 63 50 98 80 18 13 64 79 1 28 88 21 12 41 58 11 8 51 62 82
81 71
81 99
81 50
81 18
68 14
68 86
14 69
69 42
69 79
52 9
52 27
9 53
53 42
70 15
15 72
15 71
74 16
74 37
16 75
16 73
75 82
94 23
23 95
95 39
76 17
17 77
77 62
34 3
34 48
34 28
3 36
3 35
36 45
36 64
31 2
31 39
2 32
2 33
73 44
73 50
19 84
19 82
35 51
56 10
56 80
10 57
10 55
57 62
6 44
6 45
7 48
0 27
4 37
4 39
86 20
20 87
5 42
5 41
99 24
24 97
24 98
39 63
63 12
80 18
18 79
13 64
1 28
28 88
88 21
41 58
58 11
8 51