55 52 56 59 50 61 53 58 65 49 63 64 67 66 68 51 62 73 70 45 69 72 77 71 76 44 46 48 88 79 74 81 41 43 54 47 85 86 87 89 82 80 84 35 40 38 42 91 99 33 37 39 36 90 97 98 19 34 93 92 94 96 18 22 20 95 12 30 32 24 21 4 16 13 31 25 17 3 10 14 15 26 1 2 6 9 11 27 0 5 7
55 52
55 56
55 59
52 50
52 61
52 53
59 58
59 65
50 49
61 63
65 64
65 67
65 66
65 68
49 51
63 62
67 73
67 70
51 45
73 69
73 72
73 77
70 71
70 76
45 44
45 46
45 48
77 88
77 79
76 74
76 81
44 41
44 43
44 54
46 47
88 85
88 86
88 87
88 89
79 82
81 80
81 84
41 35
41 40
43 38
43 42
86 91
89 99
35 33
38 37
38 39
42 36
91 90
99 97
99 98
33 19
33 34
90 93
90 92
90 94
97 96
19 18
19 22
19 20
94 95
18 12
18 30
18 32
22 24
20 21
12 4
12 16
12 13
32 31
24 25
21 17
4 3
13 10
13 14
25 15
25 26
3 1
3 2
10 6
10 9
10 11
15 27
1 0
2 5
6 7