0 86 81 35 24 1 67 89 72 2 34 14 99 3 78 39 4 77 17 94 43 27 61 6 28 9 58 68 20 8 51 21 38 11 32 90 98 53 66 31 40 75 15 29 44 47 74 19 97 46 33 87 63 41 82 25 60 73 79 50 48 59 96 64
0 81
86 38
86 96
81 9
81 99
81 39
81 87
35 48
35 50
24 77
24 43
1 72
67 11
67 78
67 59
89 64
89 94
72 74
72 51
2 99
34 58
34 43
14 27
14 61
99 21
3 39
78 82
78 38
78 15
78 29
4 17
4 94
77 90
77 27
17 31
17 47
94 20
43 21
43 6
43 40
61 46
61 60
28 63
68 38
20 97
20 98
8 51
21 75
21 33
38 97
32 97
90 63
90 50
98 53
98 41
98 19
53 74
66 64
75 44
74 63
33 79
33 73
87 25