67 16 17 64 65 66 68 69 15 18 62 63 70 71 14 19 60 61 72 73 13 20 58 59 74 75 12 21 56 57 76 77 11 22 54 55 78 79 10 23 52 53 80 81 9 24 50 51 82 83 8 25 48 49 84 85 7 26 46 47 86 87 6 27 44 45 88 89 5 28 42 43 90 91 4 29 40 41 92 93 3 30 38 39 94 95 2 31 36 37 96 97 1 32 35 98
67 16
67 17
16 64
16 65
16 66
17 68
17 69
64 15
68 18
15 62
15 63
18 70
18 71
62 14
70 19
14 60
14 61
19 72
19 73
60 13
72 20
13 58
13 59
20 74
20 75
58 12
74 21
12 56
12 57
21 76
21 77
56 11
76 22
11 54
11 55
22 78
22 79
54 10
78 23
10 52
10 53
23 80
23 81
52 9
80 24
9 50
9 51
24 82
24 83
50 8
82 25
8 48
8 49
25 84
25 85
48 7
84 26
7 46
7 47
26 86
26 87
46 6
86 27
6 44
6 45
27 88
27 89
44 5
88 28
5 42
5 43
28 90
28 91
42 4
90 29
4 40
4 41
29 92
29 93
40 3
92 30
3 38
3 39
30 94
30 95
38 2
94 31
2 36
2 37
31 96
31 97
36 1
96 32
1 35
32 98