55 30 31 32 22 23 24 28 29 12 13 14 56 57 36 37 38 34 35 18 19 20 44 45 46 47 48 93 94 95 42 43 40 41 71 72 73 1 2 6 7 8 63 64 65 74 75 83 84 85 21 50 51 52 15 16 17 39 58 59 60 61 26 27 25 49 4 5 62 91 92 66 67 10 11 89 90 53 54 33 3 69 70 9 68 81 82 76 77 86 87 96 97 99 98 78 88
55 56
55 54
30 31
30 29
31 32
32 33
22 23
22 21
23 24
24 25
28 29
28 27
12 13
12 11
13 14
14 15
56 57
57 58
36 37
36 35
37 38
38 39
34 35
34 33
18 19
18 17
19 20
20 21
44 45
44 43
45 46
46 47
47 48
48 49
93 94
93 92
94 95
95 96
42 43
42 41
40 41
40 39
71 72
71 70
72 73
73 74
1 2
2 3
6 7
6 5
7 8
8 9
63 64
63 62
64 65
65 66
74 75
75 76
83 84
83 82
84 85
85 86
50 51
50 49
50 99
51 52
52 53
15 16
16 17
58 59
59 60
60 61
61 62
26 27
26 25
4 5
4 3
91 92
91 90
66 67
67 68
10 11
10 9
89 90
89 88
53 54
69 70
69 68
81 82
76 77
77 78
86 87
87 88
96 97
97 98
99 98