0 93 52 24 37 89 74 63 6 53 56 10 58 67 72 98 71 59 15 12 41 81 17 64 30 46 33 1 4 7 36 85 19 8 42 57 66 40 87 80 68 34 79 75 96 97 39 47 43 3 13 73 14 44 70 62 51 38 77 95 26 48 86 91 55 29 5 18 54 60 27 32 9 21 88 61 99 94 65 69 11 22 82 23 20 25
0 59
93 18
52 6
24 43
24 95
37 86
37 27
37 79
89 4
89 81
74 5
74 55
63 86
6 81
6 82
53 3
56 4
56 10
56 32
56 11
58 67
58 8
58 12
72 95
72 88
72 1
72 62
72 85
98 61
98 15
98 7
71 59
59 46
41 60
17 79
17 43
64 69
64 23
30 23
30 65
30 47
46 38
46 48
33 60
36 20
36 26
85 13
19 80
19 9
19 42
8 61
8 70
57 27
66 25
40 68
87 62
80 61
68 34
68 26
34 18
75 82
96 20
97 38
97 70
39 95
3 91
3 26
73 22
14 23
14 9
44 61
70 18
51 91
38 86
77 99
95 11
29 22
5 27
18 25
54 82
60 65
32 21
32 22
61 99
94 23