2 1 10 17 58 79 80 81 82 83 84 86 87 88 89 90 91 92 93 94 95 96 97 98 99 21 34 59 60 61 62 63 65 67 68 70 71 73 74 75 76 77 78 41 11 29 45 3 4 5 7 8 9 12 13 14 15 19 22 24 25 26 27 48 0
2 1
2 10
2 17
2 58
2 79
2 80
2 81
2 82
2 83
2 84
2 86
2 87
2 88
2 89
2 90
2 91
2 92
2 93
2 94
2 95
2 96
2 97
2 98
2 99
1 21
1 34
1 59
1 60
1 61
1 62
1 63
1 65
1 67
1 68
1 70
1 71
1 73
1 74
1 75
1 76
1 77
1 78
10 41
17 11
17 29
17 45
79 3
80 4
81 5
82 7
83 8
84 9
86 12
87 13
88 14
89 15
92 19
94 22
95 24
96 25
97 26
98 27
21 48
34 0