0 14 22 62 63 64 65 66 67 68 69 70 71 72 73 74 75 76 77 78 79 80 81 82 83 84 85 86 87 88 89 90 91 92 93 94 95 96 97 98 99 38 54 34 53 1 2 3 4 5 7 8 9 10 12 13 16 17 18 20 21 23 24 28 29 33 35 36 37 40 41 42 43 44 45 46 47 59 25 48 15 39 52 61 50 51 57 6 27 58 11 60
0 14
0 22
0 62
0 63
0 64
0 65
0 66
0 67
0 68
0 69
0 70
0 71
0 72
0 73
0 74
0 75
0 76
0 77
0 78
0 79
0 80
0 81
0 82
0 83
0 84
0 85
0 86
0 87
0 88
0 89
0 90
0 91
0 92
0 93
0 94
0 95
0 96
0 97
0 98
0 99
14 38
14 54
14 34
22 53
62 1
63 2
64 3
65 4
66 5
67 7
68 8
69 9
70 10
71 12
72 13
74 16
75 17
76 18
77 20
78 21
80 23
81 24
82 28
83 29
87 33
89 35
90 36
91 37
92 40
93 41
94 42
95 43
96 44
97 45
98 46
99 47
34 59
1 25
3 48
5 15
5 39
5 52
7 61
20 50
24 51
24 57
28 6
29 27
33 58
40 11
45 60