0 14 7 25 1 22 29 30 2 4 31 33 3 20 34 35 36 6 5 37 38 13 24 40 12 43 44 46 47 48 8 16 50 9 15 23 52 53 54 10 18 57 11 58 59 60 61 62 63 64 65 66 67 68 69 70 72 73 75 17 77 78 79 80 81 85 88 92 93 95 97 98 99
0 25
14 67
14 69
14 68
7 48
7 47
7 46
25 35
1 29
1 30
22 93
22 92
29 93
29 73
30 47
2 31
2 33
4 38
4 37
31 78
31 50
33 69
3 34
3 35
3 36
20 85
34 61
36 95
6 44
6 43
5 40
38 52
38 98
13 64
13 65
13 66
24 99
24 97
24 98
40 47
12 62
12 61
12 63
43 65
44 59
46 78
47 57
8 50
16 75
16 73
9 54
9 53
9 52
15 70
15 72
23 95
53 75
10 57
18 81
18 79
18 80
11 58
11 60
11 59
58 95
60 81
64 85
65 67
70 77
17 77
17 78
77 88