0 32 72 1 30 77 2 15 50 59 84 88 3 39 49 76 91 56 94 5 19 20 60 90 6 18 52 7 28 73 31 75 23 67 12 25 36 53 93 13 14 47 96 64 21 46 70 57 78 22 29 69 40 87 55 92 37 33 79 42 44 81 83
0 32
32 73
72 59
72 67
72 40
72 46
1 77
30 23
30 37
77 60
2 88
15 64
15 49
50 91
50 87
50 88
50 42
59 53
59 81
84 73
84 39
84 47
84 75
84 79
3 39
3 91
39 19
49 92
76 7
76 29
56 69
94 90
94 13
5 19
19 21
19 70
20 78
20 64
20 57
60 29
90 92
90 23
6 52
6 18
18 96
52 44
7 28
28 73
73 36
31 25
67 55
12 36
12 25
12 93
53 33
93 83
14 47
96 87
64 29
64 46
57 69
22 29