47 7 25 32 81 84 54 97 6 46 48 0 56 2 44 64 18 19 9 78 24 3 11 43 45 52 62 40 16 15 26 27 10 53 22 31 33 49 85 13 42 21 79 80 82 83 50 98 99 34 35 36 58 59 60 95 72 65 73 5 74 75 8 70 71 87 55 57 91 92 93 38 63 90 66 77 88 89 51 41 76 30
47 7
47 25
47 32
47 81
47 84
47 54
47 97
7 6
7 46
7 48
25 0
25 56
32 2
32 44
32 64
81 18
84 19
54 9
54 78
97 24
6 3
6 11
6 43
6 45
46 52
46 62
48 40
0 16
0 15
0 26
0 27
56 10
56 53
2 22
2 31
2 33
44 49
44 85
64 13
64 42
18 21
18 79
18 80
19 82
19 83
78 50
24 98
24 99
3 34
3 35
3 36
11 58
11 59
11 60
43 95
45 72
62 65
62 73
40 5
16 74
16 75
15 8
15 70
15 71
26 87
10 55
10 57
22 91
22 92
22 93
33 38
33 63
33 90
13 66
42 77
21 88
21 89
79 51
80 41
82 76
83 30