82 16 28 14 94 46 11 31 55 2 47 73 48 12 34 99 61 54 60 84 15 32 1 18 6 27 21 62 8 29 44 90 39 37 69 7 41 17 71 45 97 72 51 70 96 66 20 13 0 49 85 5 22 75 65 23 91 67 42 19 52 9 59 79 93
82 28
82 44
82 41
16 28
28 54
14 94
14 90
94 46
11 31
11 48
11 60
11 59
31 55
55 62
2 47
2 66
47 73
73 54
73 62
48 12
48 69
12 70
12 22
34 99
34 18
99 61
60 84
60 18
84 32
84 27
15 32
15 39
15 67
1 18
1 65
18 8
18 19
6 27
6 93
27 21
21 71
29 44
90 39
90 85
39 37
7 41
7 79
17 71
45 97
97 72
72 51
51 91
70 96
66 20
20 13
0 49
49 91
5 22
22 75
75 91
65 23
67 42
19 52
9 59