51 50 59 52 53 58 54 55 56 40 60 62 63 64 39 61 67 66 68 69 65 30 31 70 71 72 73 74 99 76 27 29 38 32 94 95 75 84 77 78 26 37 41 43 44 88 92 83 79 80 81 85 87 15 25 34 28 36 46 47 48 49 91 93 86 89 14 35 42 45 96 97 98 90 5 6 2 4 13 7 1 12 16 18 19 0 9 3 11 21 22 23 24
51 50
51 59
51 52
51 53
50 58
52 54
52 55
52 56
53 40
53 60
53 62
55 63
55 64
40 39
60 61
60 67
63 66
63 68
63 69
64 65
39 30
39 31
67 70
66 71
66 72
68 73
69 74
65 99
65 76
30 27
30 29
30 38
31 32
99 94
99 95
76 75
76 84
76 77
76 78
27 26
29 37
38 41
38 43
38 44
94 88
95 92
75 83
77 79
77 80
77 81
78 85
78 87
26 15
26 25
26 34
26 28
37 36
41 46
41 47
43 48
44 49
88 91
88 93
92 86
80 89
15 14
28 35
36 42
49 45
91 96
91 97
93 98
89 90
14 5
14 6
5 2
5 4
5 13
6 7
2 1
4 12
13 16
13 18
13 19
1 0
1 9
1 3
12 11
16 21
16 22
18 23
19 24