0 57 74 75 76 77 78 79 80 81 82 83 84 85 86 87 88 89 90 91 92 93 94 95 96 97 98 99 26 31 1 2 3 4 6 7 8 9 10 11 13 14 15 16 17 18 19 20 21 22 23 25 27 29 40 52 41 62 58 36 61 45 46 71 72 35 48 66 42 43 32 34 70 51 37 60 12 56 38 69 64 28 39 47 44 54 49 68 5 50 59 67 30 33 65 73 53
0 57
0 74
0 75
0 76
0 77
0 78
0 79
0 80
0 81
0 82
0 83
0 84
0 85
0 86
0 87
0 88
0 89
0 90
0 91
0 92
0 93
0 94
0 95
0 96
0 97
0 98
0 99
57 26
57 31
74 1
75 2
76 3
77 4
78 6
79 7
80 8
81 9
82 10
83 11
84 13
85 14
86 15
87 16
88 17
89 18
90 19
91 20
92 21
93 22
94 23
96 25
97 27
98 29
31 40
1 52
1 41
1 62
2 58
4 36
4 61
4 45
4 46
6 71
7 72
8 35
8 48
8 66
10 42
11 43
13 32
13 34
13 70
16 51
16 37
16 60
19 12
23 56
29 38
29 69
40 64
58 28
58 39
58 47
61 44
45 54
71 49
71 68
72 5
43 50
32 59
34 67
37 30
44 33
54 65
5 73
67 53