35 30 34 36 39 50 28 29 31 32 33 38 42 49 72 8 37 40 41 46 48 57 71 74 6 7 9 14 15 43 47 56 58 70 76 5 19 13 16 45 51 60 69 73 75 87 4 10 2 52 61 66 68 77 82 86 88 3 0 54 62 63 65 67 78 81 83 89 11 1 79 80 84 85 18 20 21 12 22 17 23 24
35 30
35 34
35 36
35 39
35 50
30 28
30 29
30 31
30 32
30 33
39 38
39 42
50 49
50 72
28 8
31 37
38 40
38 41
42 46
49 48
49 57
72 71
72 74
8 6
8 7
8 9
8 14
8 15
37 43
46 47
57 56
57 58
71 70
74 76
6 5
7 19
14 13
15 16
43 45
47 51
56 60
70 69
70 73
76 75
76 87
5 4
5 10
13 2
51 52
60 61
69 66
69 68
73 77
75 82
87 86
87 88
4 3
10 0
52 54
61 62
61 63
66 65
66 67
77 78
82 81
82 83
88 89
3 11
0 1
78 79
81 80
83 84
89 85
11 18
11 20
11 21
1 12
20 22
12 17
22 23
23 24