49 73 74 75 50 51 83 84 85 77 78 79 8 9 10 86 87 46 47 48 55 56 57 81 82 28 29 30 34 35 36 67 68 69 59 60 61 11 12 62 63 53 54 32 33 71 72 38 39 40 91 92 93 65 66 2 3 4 88 89 80 94 95 6 7 18 19 20 97 98 76 70 44 45 1 96 52 5 22 23 24 25 26 27 14 15 16 90 37 64 13 58 31 42 43 21 17 41
49 50
49 48
73 74
73 72
74 75
75 76
50 51
51 52
83 84
83 82
84 85
85 86
77 78
77 76
78 79
79 80
8 9
8 7
9 10
10 11
86 87
87 88
46 47
46 45
47 48
55 56
55 54
56 57
57 58
81 82
81 80
28 29
28 27
29 30
30 31
34 35
34 33
35 36
36 37
67 68
67 66
68 69
69 70
59 60
59 58
60 61
61 62
11 12
12 13
62 63
63 64
53 54
53 52
32 33
32 31
71 72
71 70
38 39
38 37
39 40
40 41
91 92
91 90
92 93
93 94
65 66
65 64
2 3
2 1
3 4
4 5
88 89
89 90
94 95
95 96
6 7
6 5
18 19
18 17
19 20
20 21
97 98
97 96
44 45
44 43
22 23
22 21
23 24
24 25
25 26
26 27
14 15
14 13
15 16
16 17
42 43
42 41