47 4 50 86 48 23 76 32 30 82 19 22 45 57 88 28 1 80 95 78 96 97 75 12 37 49 9 41 77 36 15 69 2 60 98 61 16 56 27 42 46 54 8 44 17 53 81 67 64 10 5 52 38 90 99 83 14 6 87 29 3 93 91 20 72 70
47 42
47 48
47 17
4 53
50 10
86 67
48 15
23 22
23 20
76 8
76 16
32 87
32 8
30 36
82 90
19 12
22 88
22 81
45 37
57 78
57 72
28 52
1 81
80 29
80 10
95 98
95 20
78 53
78 2
96 70
96 90
97 54
97 69
75 70
12 70
37 56
49 77
49 61
9 14
9 77
41 8
77 27
36 91
15 81
69 67
2 6
2 46
60 38
61 10
16 44
56 99
54 20
8 53
8 83
44 99
53 81
81 3
64 29
5 83
52 83
38 91
90 87
6 93
29 3
91 72