0 1 2 3 4 6 7 8 9 10 12 13 14 15 16 17 18 20 21 22 23 24 25 26 27 29 30 32 33 34 36 37 38 41 42 45 46 47 48 49 50 51 53 54 57 58 62 63 64 65 66 67 69 70 73 74 75 76 77 78 79 81 82 85 86 89 90 91 92 93 94 97 98
0 34
0 33
1 36
1 32
1 23
2 37
2 12
2 14
2 38
3 13
3 9
4 41
4 42
4 18
6 45
6 21
7 47
7 48
7 27
7 29
8 49
8 50
9 51
10 20
10 54
10 53
12 57
12 58
12 18
13 25
13 24
14 62
15 64
15 63
16 32
16 66
17 67
17 22
18 70
18 25
18 69
20 74
20 26
21 75
21 76
22 77
22 78
23 79
23 30
23 27
24 81
24 32
24 82
26 86
26 85
29 91
29 92
30 94
30 93
32 98
32 97
34 36
45 47
46 48
49 51
62 64
65 67
73 75
74 76
77 79
89 91
90 92