85 61 23 72 51 31 95 89 1 12 42 76 30 11 57 99 71 87 40 68 47 73 9 28 44 4 39 45 92 82 86 35 7 97 56 20 46 36 67 75 43 60 27 8 59 98 81 69 5 94 10 0 15 34 26 83 80 49 84 64 62 16 96 91 53 19 93 37 48 41 88 54 33 3 58 65 77 70 79 22 13 24 90 78 38 32 18 17 29 63 6 2 25 55 52 21
85 61
85 23
85 72
85 51
61 31
61 95
61 89
23 1
23 12
23 42
23 76
23 30
72 11
72 57
72 99
51 71
51 87
31 40
31 68
31 47
31 73
95 9
95 28
1 44
1 4
1 39
1 45
12 92
12 82
42 86
11 35
57 7
71 97
71 56
40 20
40 46
40 36
68 67
68 75
68 43
47 60
73 27
9 8
9 59
44 98
44 81
39 69
39 5
39 94
92 10
92 0
82 15
82 34
35 26
20 83
20 80
20 49
46 84
67 64
43 62
27 16
8 96
8 91
59 53
98 19
81 93
81 37
69 48
94 41
10 88
10 54
10 33
0 3
15 58
83 65
83 77
83 70
49 79
84 22
62 13
96 24
48 90
48 78
88 38
88 32
88 18
3 17
3 29
65 63
77 6
70 2
22 25
38 55
32 52
32 21