44 43 45 34 54 42 33 53 46 35 55 24 64 41 32 52 23 63 47 36 56 25 65 74 40 31 51 22 62 13 73 48 37 57 26 66 15 75 84 30 50 21 61 12 72 3 83 49 38 58 27 67 16 76 5 85 94 20 60 11 71 2 82 93 39 59 28 68 17 77 6 86 95 10 70 1 81 92 29 69 18 78 7 87 96 0 80 91 19 79 8 88 97 90 9 89
44 43
44 45
44 34
44 54
43 42
43 33
43 53
45 46
45 35
45 55
34 24
54 64
42 41
42 32
42 52
33 23
53 63
46 47
46 36
46 56
35 25
55 65
64 74
41 40
41 31
41 51
32 22
52 62
23 13
63 73
47 48
47 37
47 57
36 26
56 66
25 15
65 75
74 84
40 30
40 50
31 21
51 61
22 12
62 72
13 3
73 83
48 49
48 38
48 58
37 27
57 67
26 16
66 76
15 5
75 85
84 94
30 20
50 60
21 11
61 71
12 2
72 82
83 93
49 39
49 59
38 28
58 68
27 17
67 77
16 6
76 86
85 95
20 10
60 70
11 1
71 81
82 92
39 29
59 69
28 18
68 78
17 7
77 87
86 96
10 0
70 80
81 91
29 19
69 79
18 8
78 88
87 97
80 90
19 9
79 89