0 85 1 90 67 3 33 6 10 98 2 18 99 34 46 87 53 52 48 72 56 69 35 4 32 26 63 95 82 43 76 78 19 20 14 41 24 5 73 40 37 13 62 55 94 11 9 36 81 74 45 84 96 77 60 27 47 57 25 54 42 88
0 85
85 55
1 6
1 3
90 99
67 26
67 53
67 94
3 20
3 95
3 19
3 41
33 37
33 10
33 56
33 9
33 2
10 34
10 84
10 74
10 96
98 56
18 87
99 55
34 19
46 13
87 11
87 69
53 78
53 14
53 72
52 20
52 54
48 73
69 43
69 25
35 37
4 19
32 37
32 11
32 5
32 27
32 42
32 73
32 13
32 47
32 60
26 19
63 55
82 9
82 45
76 73
14 55
24 94
24 40
37 88
62 54
55 77
55 36
9 81
96 57