52 6 63 12 16 22 27 76 15 30 62 96 14 7 87 39 46 45 86 44 60 94 23 72 38 68 81 18 28 5 67 41 10 59 85 11 21 34 65 25 3 36 95 93 35 82 97 58 1 0 70 32 51 33 40 80 78 50 64 56 84 88 29 98 77 73 49
52 49
52 94
6 95
63 68
63 12
16 36
16 73
22 15
22 5
27 76
27 35
76 28
76 45
15 88
15 68
30 67
30 39
62 96
96 14
96 86
96 44
14 21
7 70
7 40
87 0
87 78
39 84
39 34
46 84
45 1
44 60
94 21
23 98
23 28
23 72
38 56
38 41
38 51
68 81
18 28
10 1
10 0
10 77
10 97
59 1
59 29
59 85
11 40
21 78
34 65
65 25
3 36
36 95
93 51
93 70
82 97
58 98
1 51
32 51
51 33
80 84
50 64
64 56
56 84
88 29
77 73