0 16 77 80 82 84 86 87 89 90 91 92 93 94 96 98 1 31 2 17 54 3 11 4 44 5 6 41 7 19 57 28 8 25 34 52 9 39 10 29 30 12 46 13 27 51 14 15 35 18 32 21 59 66 22 37 23 24 63 60 26 64 40 67 53 61 43 42 38 58 56 62 49 45 50 47 48
0 16
0 91
0 98
0 84
0 89
0 82
0 92
16 15
16 35
77 11
80 17
86 27
87 28
90 32
93 37
94 39
96 41
98 47
1 31
31 14
31 5
31 26
2 54
2 17
54 32
54 4
3 11
11 19
11 30
44 19
44 49
6 41
41 62
41 63
41 34
7 28
7 19
7 57
57 66
28 67
28 29
8 52
8 25
8 34
25 60
34 61
52 37
52 35
9 39
39 56
39 40
10 29
12 46
46 42
13 27
13 51
27 40
51 32
51 48
18 32
32 23
32 53
21 66
21 59
59 58
22 37
22 23
37 43
37 42
24 63
26 64
64 38
67 50
38 58
49 47
45 50