71 33 46 59 96 85 73 74 54 6 23 38 95 16 26 42 49 52 66 78 80 84 88 89 93 63 92 36 68 98 2 39 82 76 81 45 83 90 91 11 8 13 48 72 56 24 14 32 75 15 77 60 64 43 86 4 41 50 30 58
71 33
71 46
71 59
71 96
71 85
71 73
71 74
33 54
46 6
46 23
46 38
46 95
59 16
59 26
96 42
96 49
96 52
96 66
96 78
96 80
96 84
96 88
96 89
96 93
85 63
85 92
73 36
73 68
73 98
74 2
74 39
74 82
74 76
74 81
54 45
54 83
54 90
54 91
6 11
23 8
23 13
38 48
95 72
16 56
16 24
26 14
42 32
42 75
49 15
49 77
52 60
78 64
80 43
84 86
63 4
63 41
92 50
36 30
98 58