49 48 50 47 51 59 52 46 56 60 55 53 45 61 62 57 54 44 63 64 58 43 67 65 42 68 66 41 69 40 72 70 39 71 73 38 74 37 75 76 36 77 78 35 79 34 80 33 81 32 82 31 83 30 84 29 85 27 86 25 87 24 26 88 23 28 89 22 90 19 21 91 18 20 92 17 93 13 94 12 95 10 14 96 9 11 15 97 0 16 98 1 2 99 6 5 3 7
49 48
49 50
48 47
50 51
50 59
50 52
47 46
51 56
59 60
52 55
52 53
46 45
60 61
60 62
55 57
53 54
45 44
62 63
62 64
57 58
44 43
63 67
64 65
43 42
67 68
65 66
42 41
68 69
41 40
69 72
69 70
40 39
72 71
72 73
39 38
73 74
38 37
74 75
74 76
37 36
75 77
76 78
36 35
77 79
35 34
79 80
34 33
80 81
33 32
81 82
32 31
82 83
31 30
83 84
30 29
84 85
29 27
85 86
27 25
86 87
25 24
25 26
87 88
24 23
26 28
88 89
23 22
89 90
22 19
22 21
90 91
19 18
19 20
91 92
18 17
92 93
17 13
93 94
13 12
94 95
12 10
12 14
95 96
10 9
10 11
14 15
96 97
9 0
15 16
97 98
0 1
0 2
98 99
1 6
2 5
2 3
5 7