0 30 40 4 66 67 68 69 70 71 72 73 74 75 76 77 78 79 80 81 82 83 84 85 86 87 88 89 90 91 92 93 94 95 96 97 98 99 32 29 48 3 5 7 8 9 12 13 17 19 20 21 23 24 25 26 27 28 33 34 35 36 37 38 39 41 42 44 46 47 56 63 65 16 58 55 43 49 18 50 10 2 11 15 62 57 60 22 45 54 59 14 61 53 1 51 31 64 6
0 30
0 40
0 4
0 66
0 67
0 68
0 69
0 70
0 71
0 72
0 73
0 74
0 75
0 76
0 77
0 78
0 79
0 80
0 81
0 82
0 83
0 84
0 85
0 86
0 87
0 88
0 89
0 90
0 91
0 92
0 93
0 94
0 95
0 96
0 97
0 98
0 99
30 32
4 29
4 48
66 3
67 5
68 7
69 8
70 9
71 12
72 13
73 17
74 19
75 20
76 21
77 23
78 24
79 25
80 26
81 27
82 28
86 33
87 34
88 35
89 36
90 37
91 38
92 39
94 41
95 42
96 44
97 46
98 47
48 56
48 63
7 65
8 16
8 58
9 55
12 43
12 49
17 18
25 50
27 10
28 2
28 11
33 15
36 62
39 57
42 60
46 22
49 45
2 54
11 59
15 14
57 61
60 53
22 1
59 51
61 31
61 64
31 6