0 43 21 40 18 41 2 1 64 70 13 57 3 45 4 5 31 6 32 7 22 8 52 65 9 72 71 11 28 12 30 14 15 17 24 19 39 53 33 66 23 42 74 62 26 67 27 69 51 29 34 38 58 68 44 49 55 59 63 61 73
0 2
0 18
0 21
0 41
0 43
0 40
43 68
43 6
21 66
21 31
21 39
21 53
21 22
21 33
40 58
18 4
18 3
41 52
41 72
41 15
2 13
2 57
1 64
64 28
64 57
64 61
64 26
70 63
45 49
45 68
5 31
6 32
32 19
7 22
8 65
8 52
52 55
52 27
52 29
52 14
52 34
65 71
65 63
9 72
72 24
11 28
28 69
28 51
12 30
30 69
17 24
24 62
24 74
23 42
42 67
26 67
69 38
68 44
59 63
63 73