77 35 3 36 76 17 49 8 51 59 11 60 50 34 24 99 80 12 63 74 16 75 58 18 81 85 20 86 92 22 93 21 90 19 84 95 23 7 48 2 33 62 82 0 27 96 32 37 94 4 39 10 57 25 88 78 72 15 14 69 5 40 6 45 1 28 13 64
77 17
77 69
77 45
35 3
35 88
3 36
3 34
36 62
36 78
76 17
76 57
17 78
49 8
49 94
8 51
8 50
59 11
59 90
11 60
11 58
60 82
24 99
99 80
80 63
80 18
80 48
12 63
12 62
63 72
74 16
16 75
75 33
58 28
18 81
81 40
85 20
20 86
86 62
92 22
92 88
22 93
21 90
21 88
19 84
19 82
84 95
95 23
23 96
23 94
7 48
2 33
2 32
0 27
0 25
27 96
32 37
37 4
4 39
39 25
10 57
88 64
72 15
14 69
5 40
6 45
1 28
13 64