90 41 27 54 48 14 11 69 40 36 35 1 23 78 20 52 61 64 31 96 57 2 67 91 55 50 15 34 86 43 9 18 6 89 10 68 83 21 95 97 65 49 45 72 98 17 85 60 42 76 19 0 84 79 92 75 74 87 25 24 28 7 66 38 44 26 82 99 81 93 33 80 58 77 94 22 62 37 3 29 39 53 5 30 4 13 47 73 88 8 51 46
90 41
90 27
90 54
90 48
90 14
90 11
90 69
90 40
90 36
90 35
90 1
90 23
90 78
90 20
90 52
90 61
41 64
41 31
41 96
27 57
27 2
27 67
27 91
54 55
54 50
54 15
54 34
54 86
48 43
48 9
48 18
48 6
48 89
14 10
14 68
11 83
11 21
69 95
69 97
69 65
69 49
36 45
36 72
36 98
35 17
1 85
23 60
23 42
23 76
23 19
78 0
78 84
52 79
52 92
61 75
61 74
61 87
64 25
31 24
57 28
2 7
91 66
86 38
43 44
10 26
68 82
97 99
97 81
65 93
98 33
17 80
85 58
42 77
0 94
84 22
75 62
75 37
75 3
75 29
87 39
28 53
66 5
66 30
44 4
80 13
58 47
37 73
37 88
3 8
39 51
4 46