0 1 2 3 4 5 6 7 8 9 10 11 12 14 15 16 17 18 19 20 21 22 23 24 25 26 27 29 30 31 32 33 34 37 38 39 40 41 42 44 45 46 48 49 50 52 53 54 57 58 61 62 63 64 65 66 67 69 70 71 72 75 76 77 78 80 81 82 84 85 86 87 89 90 91 92 93 94 96 97 98
0 33
0 11
0 34
1 18
1 22
2 31
2 12
2 29
3 39
3 40
3 27
3 17
3 32
3 15
3 8
4 32
4 41
5 44
5 30
6 45
6 21
6 14
7 27
7 48
8 49
9 12
9 23
9 11
9 52
10 16
10 32
10 12
10 54
10 53
12 57
12 58
12 18
14 62
14 25
15 63
15 64
16 66
17 67
18 69
19 71
19 72
20 27
21 75
21 76
22 77
23 80
24 81
24 82
25 84
26 85
26 86
27 87
29 91
29 92
30 93
30 94
31 96
32 98
32 97
37 39
38 40
42 44
46 48
50 52
61 63
62 64
65 67
69 71
70 72
78 80
82 84
85 87
89 91
90 92
94 96