50 60 62 63 15 17 18 9 11 12 90 92 93 65 66 95 96 69 71 72 84 86 87 20 21 14 24 26 27 74 75 30 32 33 36 38 39 78 80 81 51 52 53 54 56 57 59 89 0 2 3 35 29 68 6 8 98 99 83 41 42 5 77 44 45 23 47 48
50 51
50 48
60 62
60 59
62 63
63 65
15 17
15 14
17 18
18 20
9 11
9 8
11 12
12 14
90 92
90 89
92 93
93 95
65 66
66 68
95 96
96 98
69 71
69 68
71 72
72 74
84 86
84 83
86 87
87 89
20 21
21 23
24 26
24 23
26 27
27 29
74 75
75 77
30 32
30 29
32 33
33 35
36 38
36 35
38 39
39 41
78 80
78 77
80 81
81 83
51 52
51 53
53 54
54 56
56 57
57 59
0 2
2 3
3 5
6 8
6 5
98 99
41 42
42 44
44 45
45 47
47 48