1 0 2 33 53 54 55 56 57 58 59 60 61 62 63 64 65 66 67 68 69 70 71 7 34 35 36 37 39 40 41 42 43 44 45 46 47 48 49 50 51 52 29 8 72 73 76 77 79 80 81 82 83 84 85 86 87 88 89 90 3 4 5 6 9 10 13 14 18 22 23 24 25 28 31 17 11 20 21 26 27 32 12 15 30
1 0
1 2
1 33
1 53
1 54
1 55
1 56
1 57
1 58
1 59
1 60
1 61
1 62
1 63
1 64
1 65
1 66
1 67
1 68
1 69
1 70
1 71
0 7
0 34
0 35
0 36
0 37
0 39
0 40
0 41
0 42
0 43
0 44
0 45
0 46
0 47
0 48
0 49
0 50
0 51
0 52
2 29
2 8
2 72
2 73
2 76
2 77
2 79
2 80
2 81
2 82
2 83
2 84
2 85
2 86
2 87
2 88
2 89
2 90
54 3
55 4
56 5
57 6
59 9
60 10
61 13
62 14
63 18
65 22
66 23
67 24
68 25
69 28
71 31
7 17
39 11
44 20
45 21
48 26
49 27
52 32
79 12
81 15
89 30