1 0 3 4 5 6 7 8 9 10 11 12 13 15 16 19 20 22 23 24 25 26 27 28 30 31 32 33 35 37 38 39 40 41 42 43 45 47 48 49 50 51 52 53 54 55 56 57 58 59 60 61 62 63 64 65 67 68 70 71 72 73 74 75 76 77 78 79 80 81 85 86 87 88 89 90 91 92 93 94 95 96 97 98 99
1 6
0 75
0 89
3 67
4 16
5 9
5 13
6 55
6 45
6 38
7 41
8 27
8 15
9 62
10 40
10 96
11 94
11 78
12 58
12 30
12 99
15 81
16 85
16 26
16 71
16 37
16 62
19 20
19 92
22 98
23 47
24 61
24 41
25 32
26 97
26 60
26 57
26 28
27 76
27 55
28 43
30 39
31 81
32 59
32 90
33 65
33 54
35 79
39 42
40 53
40 92
41 80
42 71
47 67
47 53
48 91
49 92
50 53
51 97
52 99
52 70
52 93
53 70
55 61
56 99
58 74
58 68
58 72
60 64
61 98
61 68
62 87
62 77
63 95
65 97
67 79
71 95
73 75
75 86
77 88
80 90
85 91
86 97
86 94