0 13 40 50 37 4 58 5 38 22 8 49 17 2 66 10 36 25 61 29 72 34 18 11 14 53 24 55 41 47 64 59 12 70 28 56 43 1 3 21 65 62 9 15 19 54 27 73 32 23 63 31 57 7 42 6 20 94 30 89 97
0 4
0 7
0 94
0 89
0 97
13 40
40 50
40 36
50 53
50 3
37 4
4 58
4 30
5 38
38 22
38 62
22 72
8 49
8 18
49 17
17 70
17 32
17 89
2 66
66 10
10 61
10 62
36 32
25 61
25 65
61 29
29 32
72 34
18 11
14 53
14 73
24 55
24 57
24 94
55 41
47 64
64 59
64 57
64 15
12 70
70 20
28 56
28 97
56 43
1 3
3 63
21 65
9 15
19 54
54 27
27 30
23 63
63 31
7 42
6 20