0 1 2 3 5 6 7 8 10 12 13 14 15 16 18 20 21 22 23 24 26 27 28 31 32 33 34 35 38 39 40 41 42 43 44 45 46 49 50 53 54 57 58 59 61 62 64 65 66 69 70 73 74 75 77 78 81 82 85 86 87 88 89 90 93 94 95 96 97 98
0 18
0 13
0 34
1 15
1 8
1 35
2 27
2 38
3 40
3 10
3 39
5 44
5 43
5 14
6 45
6 46
6 26
6 23
7 26
7 8
8 49
8 22
8 28
8 21
8 50
10 53
10 54
12 57
12 58
13 59
13 16
14 62
14 61
15 64
16 65
16 66
18 70
18 69
18 21
20 73
20 74
20 24
21 75
22 77
22 78
23 31
24 81
24 82
26 85
27 87
27 88
28 89
28 90
31 95
31 32
31 96
32 97
32 98
33 35
38 40
41 43
42 44
57 59
62 64
73 75
85 87
86 88
93 95
94 96