0 6 5 10 16 15 20 26 25 28 30 31 34 36 35 38 40 41 44 46 45 48 50 51 54 56 55 58 60 61 64 66 65 68 70 71 74 76 75 78 80 81 84 86 85 88 90 91 94 96 95 98 3 13 23 33 43 53 63 73 83
0 3
0 95
6 5
6 3
5 10
10 13
16 15
16 13
15 20
20 23
26 25
26 23
25 28
25 30
30 31
30 33
31 34
36 35
36 33
35 38
35 40
40 41
40 43
41 44
46 45
46 43
45 48
45 50
50 51
50 53
51 54
56 55
56 53
55 58
55 60
60 61
60 63
61 64
66 65
66 63
65 68
65 70
70 71
70 73
71 74
76 75
76 73
75 78
75 80
80 81
80 83
81 84
86 85
86 83
85 88
85 90
90 91
91 94
96 95
95 98