25 15 24 35 14 16 26 33 46 4 5 23 27 32 45 56 3 6 8 28 36 37 41 42 44 47 67 2 13 7 17 9 19 29 38 30 31 40 50 51 52 53 57 66 68 98 1 12 60 43 63 48 55 65 76 79 88 0 71 34 58 54 75 86 89 10 11 62 70 72 80 69 73 64 96 78 20 22 61 84 81 90 59 74 21 82 49 83 39 92 93 91 94 85
25 15
25 24
25 35
15 14
15 16
15 26
24 33
35 46
14 4
14 5
14 23
16 27
33 32
46 45
46 56
4 3
5 6
27 8
27 28
27 36
27 37
32 41
32 42
45 44
56 47
56 67
3 2
3 13
6 7
8 17
28 9
28 19
28 29
28 38
41 30
41 31
41 40
41 50
41 51
41 52
44 53
67 57
67 66
67 68
67 98
2 1
2 12
50 60
52 43
53 63
57 48
66 55
66 65
66 76
68 79
98 88
1 0
60 71
43 34
48 58
55 54
76 75
76 86
88 89
0 10
0 11
71 62
71 70
71 72
71 80
58 69
54 73
54 64
86 96
89 78
10 20
11 22
62 61
72 84
80 81
80 90
69 59
64 74
20 21
81 82
59 49
82 83
49 39
83 92
83 93
92 91
93 94
94 85