24 19 25 31 30 13 12 18 26 36 20 6 33 32 37 42 43 14 15 0 1 7 27 39 38 44 8 9 21 2 28 46 95 4 22 35 34 29 41 47 40 48 45 96 3 5 10 11 23 17 16 51 50 52 91 49 54 56 87 92 53 58 63 84 97 75 60 83 61 64 80 62 66 68 67 79 88 98 65 72 71 74 86 94 73 82 90 93 76
24 19
24 25
24 31
24 30
19 13
19 12
19 18
31 26
30 36
13 20
12 6
26 33
26 32
36 37
36 42
36 43
20 14
20 15
6 0
6 1
6 7
33 27
32 39
32 38
37 44
14 8
14 9
15 21
7 2
27 28
39 46
44 95
9 4
21 22
28 35
28 34
28 29
46 41
46 47
46 40
46 48
46 45
95 96
4 3
4 5
4 10
4 11
22 23
22 17
22 16
29 51
29 50
41 52
96 91
11 49
51 54
50 56
91 87
91 92
49 53
54 58
56 63
87 84
92 97
58 75
63 60
84 83
60 61
60 64
83 80
61 62
61 66
64 68
64 67
80 79
80 88
62 98
66 65
67 72
67 71
98 74
98 86
98 94
72 73
86 82
86 90
94 93
73 76