0 57 61 55 70 71 72 73 74 75 76 77 78 79 80 81 82 83 84 85 86 87 88 89 90 91 92 93 94 95 96 97 98 99 21 36 8 42 1 3 5 6 7 9 10 11 14 15 16 17 18 20 23 24 26 27 28 30 31 32 35 38 41 12 50 49 29 39 45 66 47 54 68 2 46 25 67 56 44 64 53 65 19 58 13 59 63 4 52 34 62 60 40 69 48 51
0 57
0 61
0 55
0 70
0 71
0 72
0 73
0 74
0 75
0 76
0 77
0 78
0 79
0 80
0 81
0 82
0 83
0 84
0 85
0 86
0 87
0 88
0 89
0 90
0 91
0 92
0 93
0 94
0 95
0 96
0 97
0 98
0 99
57 21
61 36
55 8
55 42
70 1
71 3
72 5
73 6
74 7
76 9
77 10
78 11
79 14
80 15
81 16
82 17
83 18
84 20
86 23
87 24
88 26
89 27
90 28
91 30
92 31
93 32
95 35
98 38
99 41
21 12
21 50
36 49
1 29
1 39
1 45
3 66
3 47
6 54
6 68
7 2
7 46
9 25
11 67
14 56
15 44
17 64
23 53
26 65
27 19
31 58
41 13
41 59
47 63
46 4
46 52
67 34
56 62
65 60
19 40
19 69
60 48
69 51