1 2 4 6 13 14 15 16 17 18 19 20 24 25 26 30 31 32 33 35 37 38 39 40 41 43 44 46 48 49 52 53 55 56 57 58 62 63 65 66 67 68 69 70 73 75 76 77 79 80 83 84 85 87 88 90 91 92 93 94 95 96 97 98
1 2
1 25
2 19
4 68
6 30
13 63
13 14
14 15
15 16
16 68
16 57
16 17
17 18
18 19
20 70
24 87
25 33
25 26
30 31
31 32
32 33
35 93
37 38
38 39
38 79
38 98
39 70
39 40
40 41
43 84
43 44
46 94
48 49
49 84
52 77
53 67
55 56
56 57
57 79
58 67
62 63
65 87
65 66
66 67
67 68
69 73
69 96
75 76
75 80
76 77
79 80
80 93
83 84
84 85
85 97
87 88
90 91
91 92
92 93
93 94
94 95
95 96
96 97