76 17 42 52 82 12 77 78 5 34 9 53 58 86 19 61 62 63 28 50 56 92 32 0 40 41 3 33 88 10 54 11 20 94 83 84 67 69 70 31 71 99 1 57 8 27 72 22 45 16 25 26 39 93 7 35 36 21 55 59 60 85 87 23 37 14 97 46 30 98 49 91
76 17
76 42
76 52
76 82
17 12
17 77
17 78
42 5
42 34
52 9
52 53
52 58
52 86
82 19
12 61
12 62
12 63
77 28
77 50
77 56
77 92
78 32
5 0
5 40
5 41
34 3
34 33
34 88
9 10
9 54
58 11
86 20
86 94
19 83
19 84
61 67
61 69
62 70
63 31
63 71
63 99
28 1
28 57
50 8
56 27
56 72
92 22
92 45
0 16
0 25
0 26
40 39
41 93
3 7
3 35
3 36
88 21
10 55
11 59
11 60
20 85
20 87
94 23
84 37
67 14
69 97
70 46
31 30
31 98
8 49
22 91