50 52 53 54 56 57 96 98 30 32 33 60 62 63 90 92 93 9 11 12 39 41 42 24 26 27 69 71 72 15 17 18 51 75 77 78 36 38 29 81 83 84 87 89 3 5 6 95 21 23 14 2 86 44 45 74 65 66 8 80 35 68 59 20 47 48
50 51
50 48
52 53
52 51
53 54
54 56
56 57
57 59
96 98
96 95
30 32
30 29
32 33
33 35
60 62
60 59
62 63
63 65
90 92
90 89
92 93
93 95
9 11
9 8
11 12
12 14
39 41
39 38
41 42
42 44
24 26
24 23
26 27
27 29
69 71
69 68
71 72
72 74
15 17
15 14
17 18
18 20
75 77
75 74
77 78
78 80
36 38
36 35
81 83
81 80
83 84
84 86
87 89
87 86
3 5
3 2
5 6
6 8
21 23
21 20
44 45
45 47
65 66
66 68
47 48