0 2 3 5 8 9 10 11 12 13 14 15 17 18 19 20 21 22 24 25 28 31 32 33 34 35 36 37 38 39 40 41 42 43 44 45 49 50 51 52 53 54 55 56 58 59 60 61 62 63 64 66 67 68 69 70 71 72 73 74 75 76 78 79 80 81 83 84 85 87 88 89 90 91 92 93 94 95 96 97 98
0 3
0 10
2 87
5 18
8 63
8 98
8 60
8 12
9 70
9 37
10 38
11 13
11 73
12 38
12 88
12 17
12 68
13 62
14 67
14 51
15 51
15 93
17 49
18 44
19 24
19 71
20 34
20 55
20 43
21 33
21 53
21 67
22 85
25 51
25 96
25 94
28 90
31 62
32 69
33 69
33 95
34 96
35 79
35 69
36 72
36 56
36 42
36 64
36 74
38 85
39 81
39 51
40 69
40 63
40 80
40 54
41 42
44 92
45 90
49 66
50 87
52 66
52 91
55 76
56 60
58 61
58 63
58 90
59 67
62 90
62 84
64 75
70 78
70 88
71 89
83 87
83 96
85 97
88 89
92 95