0 41 40 52 53 54 55 56 57 58 59 60 61 62 63 64 65 66 67 68 69 70 71 72 73 74 75 76 77 78 79 80 81 82 83 84 85 20 31 1 6 7 8 10 11 13 14 21 23 24 25 26 27 28 29 32 33 36 37 38 39 43 44 45 46 47 48 51 86 87 89 90 91 92 93 94 95 96 97
0 41
0 40
0 52
0 53
0 54
0 55
0 56
0 57
0 58
0 59
0 60
0 61
0 62
0 63
0 64
0 65
0 66
0 67
0 68
0 69
0 70
0 71
0 72
0 73
0 74
0 75
0 76
0 77
0 78
0 79
0 80
0 81
0 82
0 83
0 84
0 85
40 20
40 31
52 1
54 6
55 7
56 8
57 10
58 11
60 13
61 14
63 21
64 23
65 24
66 25
67 26
68 27
69 28
70 29
71 32
72 33
74 36
75 37
76 38
77 39
79 43
80 44
81 45
82 46
83 47
84 48
85 51
1 86
1 87
1 89
1 90
1 91
1 92
1 93
1 94
1 95
1 96
1 97