0 2 3 4 5 6 7 8 9 10 12 13 14 15 16 17 18 19 20 21 22 24 25 26 27 28 29 30 31 32 33 34 37 38 41 42 44 46 48 49 50 52 53 54 57 58 59 61 62 63 65 66 68 69 70 72 73 74 76 77 78 81 82 83 85 86 87 88 90 93 95 97 98
0 33
0 3
0 34
2 38
2 37
2 30
2 5
3 14
4 41
4 16
4 25
4 42
5 44
5 13
6 46
6 21
7 48
7 22
8 49
8 50
9 52
9 14
10 53
10 54
10 25
12 17
12 58
12 57
12 19
12 27
13 59
14 61
14 16
14 62
15 63
15 29
16 65
17 24
17 68
18 69
18 70
19 72
20 73
20 74
20 28
21 76
21 26
22 78
22 31
22 77
24 82
25 26
25 83
27 87
27 88
27 32
28 90
30 93
32 97
32 98
42 44
46 48
50 52
57 59
61 63
66 68
70 72
74 76
81 83
85 87
86 88
93 95