0 1 2 3 4 5 6 7 10 11 12 13 15 16 17 22 23 24 25 26 27 29 30 31 32 33 35 36 37 38 39 40 41 42 43 44 45 46 47 48 49 50 51 52 53 54 55 56 57 58 59 61 62 63 65 66 67 68 69 70 71 72 73 74 75 76 78 80 81 82 83 84 85 86 87 88 90 91 92 93 94 95 96 97 98 19
0 41
0 70
0 47
0 16
1 47
2 26
3 90
4 96
4 94
4 82
5 10
6 7
6 69
7 62
10 52
10 53
11 98
11 47
12 92
13 23
15 35
15 43
16 66
17 55
22 19
22 97
23 40
24 39
25 81
26 57
27 75
27 54
29 95
29 90
30 53
31 98
32 86
32 96
33 36
36 95
37 92
37 68
38 95
39 43
40 50
42 93
43 47
43 97
44 66
45 52
45 92
46 49
46 92
47 76
48 90
49 62
49 85
50 62
51 59
51 70
55 76
56 69
57 86
58 87
58 66
61 65
61 74
63 85
65 83
67 72
67 90
70 86
71 86
73 83
74 84
75 98
78 82
80 84
81 85
81 84
83 88
88 96
88 90
90 91
90 93