40 39 41 74 38 30 42 73 37 29 25 31 43 72 56 36 28 26 32 48 44 71 55 57 35 27 33 47 49 45 70 58 50 64 51 34 46 18 69 59 54 63 65 52 17 19 68 60 53 62 66 99 16 12 10 20 67 61 98 15 11 13 9 21 97 81 14 24 3 4 8 2 22 96 80 82 5 23 0 7 1 95 83 75 89 76 6 94 84 79 88 90 77 93 85
40 39
40 41
40 74
39 38
39 30
41 42
74 73
38 37
38 29
30 25
30 31
42 43
73 72
73 56
37 36
29 28
25 26
31 32
31 48
43 44
72 71
56 55
56 57
36 35
28 27
32 33
48 47
48 49
44 45
71 70
71 58
55 50
55 64
57 51
35 34
33 46
49 18
70 69
58 59
50 54
64 63
64 65
51 52
18 17
18 19
69 68
69 60
54 53
63 62
65 66
65 99
17 16
17 12
19 10
19 20
68 67
60 61
99 98
16 15
12 11
12 13
10 9
20 21
98 97
98 81
15 14
15 24
11 3
13 4
9 8
9 2
21 22
97 96
81 80
81 82
14 5
24 23
4 0
8 7
2 1
96 95
96 83
80 75
80 89
82 76
5 6
95 94
83 84
75 79
89 88
89 90
76 77
94 93
94 85