1 2 4 5 7 8 9 10 11 12 13 14 15 16 17 18 19 20 21 22 23 24 25 27 28 29 30 32 35 36 37 38 42 45 46 47 48 49 50 51 53 56 57 58 59 60 61 62 63 66 68 69 70 71 73 74 75 76 77 79 80 81 82 85 86 87 88 89 90 92 93 94 98
1 36
1 35
1 24
1 18
1 13
1 27
2 12
2 38
2 37
4 42
4 21
5 9
5 32
7 17
7 18
7 48
7 47
8 49
8 19
8 50
9 51
9 29
9 18
10 17
10 53
11 20
11 22
11 56
12 57
13 59
13 60
13 14
14 62
14 25
15 63
15 25
16 66
17 68
18 70
18 20
19 71
20 30
21 22
21 75
21 76
22 77
23 79
23 28
23 80
24 81
24 82
27 88
27 87
28 89
29 92
30 94
30 93
32 98
45 47
46 48
49 51
57 59
58 60
61 63
66 68
69 71
73 75
74 76
77 79
85 87
86 88
90 92