0 49 84 1 15 86 2 76 3 44 10 5 6 53 7 13 46 9 81 11 65 12 37 16 54 83 18 19 79 20 21 31 22 45 62 23 24 25 42 61 33 90 67 92 39 68 50 89 51 55 56 72 57 66 60 77 64 73 82
0 31
0 49
49 46
49 50
84 56
84 82
1 15
1 62
15 72
86 83
86 64
2 76
76 62
3 10
44 77
44 65
10 81
5 18
5 67
6 53
53 25
7 9
13 45
46 23
46 20
9 67
81 72
11 65
65 56
65 25
12 37
37 89
16 83
16 54
54 68
83 90
18 73
19 21
19 79
79 33
79 24
21 68
21 31
22 45
22 62
42 92
61 92
61 77
90 66
92 39
68 73
50 89
51 55
51 56
56 72
72 64
57 73
60 77