51 53 55 56 57 58 59 64 65 66 70 72 74 76 79 81 82 85 86 87 89 91 95 99 1 61 68 69 75 77 83 90 92 93 97 2 62 63 71 88 98 73 4 5 94 7 96 8 84 9 10 12 14 15 19 21 22 29 32 34 35 36 37 39 40 42 43 44 45 46 47
51 12
51 35
51 96
51 44
51 77
53 61
53 90
53 94
53 65
55 72
56 74
57 19
57 66
57 36
58 5
58 34
59 29
64 84
64 87
64 98
65 45
65 32
65 93
66 69
70 2
70 22
70 29
72 82
72 83
72 90
72 1
74 68
74 82
76 35
76 42
79 14
81 5
81 9
82 95
85 7
85 15
85 21
85 84
85 44
86 4
87 22
89 71
91 90
99 8
99 37
68 69
68 84
69 62
75 4
75 88
75 73
77 14
83 34
92 15
97 62
62 43
62 47
63 22
63 46
63 39
71 35
73 34
94 40
96 10
96 37