1 23 30 29 28 49 48 6 67 17 7 32 11 74 96 39 63 54 20 3 22 52 2 24 86 57 75 44 43 8 10 36 68 34 92 71 70 46 77 61 55 56 35 21 13 45 72 0 4 19 25 37 85 16 53 50 58 83 66 82 41 60 98 97 69 93 47 81 80
1 7
1 39
1 4
1 16
23 30
23 24
30 29
29 32
28 49
28 74
49 48
48 46
6 67
6 2
67 17
67 57
17 44
17 24
7 32
7 96
32 52
32 10
11 74
74 75
74 36
39 63
63 54
54 55
20 3
20 82
3 22
3 2
3 19
24 86
24 85
57 58
44 43
44 61
8 10
8 35
36 72
68 34
34 92
92 71
92 70
71 35
71 72
71 37
70 93
46 77
61 60
55 56
21 13
21 19
13 45
0 4
25 37
16 53
53 50
58 83
83 66
82 41
41 47
60 98
98 97
69 93
47 81
81 80