77 17 97 94 13 14 76 78 24 42 58 23 36 84 88 64 65 66 21 67 68 69 48 25 43 79 18 20 98 99 5 27 73 11 3 95 96 81 19 44 30 56 57 34 59 89 90 93 70 7 62 0 85 87 6 80 86 91 4 40 41 31 16 60 22 35 28 38 52 83 15 82 47 1 51 10 75 61 55 46 12 26 2
77 17
77 97
77 94
17 13
17 14
17 76
17 78
97 24
97 42
97 58
94 23
94 36
94 84
94 88
13 64
13 65
13 66
14 21
14 67
14 68
14 69
76 48
78 25
78 43
78 79
24 18
24 20
24 98
24 99
42 5
42 27
42 73
58 11
23 3
23 95
23 96
36 81
84 19
84 44
88 30
88 56
88 57
64 34
66 59
21 89
21 90
67 93
68 70
48 7
48 62
25 0
25 85
25 87
43 6
18 80
20 86
99 91
5 4
5 40
5 41
27 31
73 16
11 60
3 22
3 35
95 28
95 38
96 52
81 83
19 15
19 82
44 47
30 1
30 51
56 10
59 75
93 61
70 55
7 46
62 12
62 26
6 2