47 7 33 40 68 0 1 46 48 2 64 5 14 79 4 25 26 27 28 29 30 69 88 53 44 59 63 92 70 17 23 22 31 32 13 81 12 41 42 67 83 37 38 39 51 75 84 35 45 58 62 36 93 21 9 73 66 6 11 15 52 19 76 77 78 94 95 96 91 97 87 60 99 3
47 7
47 33
47 40
47 68
7 0
7 1
7 46
7 48
33 2
33 64
40 5
68 14
68 79
0 4
0 25
0 26
0 27
1 28
1 29
1 30
46 69
46 88
46 53
48 44
48 59
48 63
48 92
48 70
2 17
2 23
2 22
2 31
2 32
64 13
64 81
5 12
5 41
5 42
14 67
79 83
4 37
4 38
4 39
25 51
25 75
25 84
25 35
27 45
27 58
27 62
28 36
30 93
88 21
53 9
53 73
53 66
44 6
59 11
70 15
70 52
17 19
17 76
17 77
17 78
23 94
23 95
23 96
22 91
31 97
32 87
32 60
32 99
13 3