2 49 1 62 59 60 61 5 70 77 75 13 91 29 3 21 94 30 10 11 39 23 4 12 24 26 52 67 9 28 22 71 74 16 17 18 32 63 19 86 20 36 83 84 58 6 93 54 53 15 92 64 88 82 8 7 31 57 87 25 0 35 34 33 85 80 79 51 78
2 3
2 94
2 4
2 12
49 1
1 62
1 5
1 4
1 29
1 0
1 80
59 60
60 61
61 19
5 9
70 77
77 75
75 85
13 91
91 29
91 26
3 21
94 30
94 23
94 92
10 11
10 31
11 39
11 12
11 52
23 32
12 8
24 26
24 71
24 25
52 67
52 22
9 28
9 54
9 88
71 74
74 6
16 17
16 78
17 18
18 19
32 63
19 86
19 20
86 93
20 35
36 83
36 64
83 84
84 58
6 93
54 53
15 92
15 85
92 51
64 88
64 79
88 82
8 7
31 57
87 25
35 34
34 33