71 70 72 33 79 69 59 40 73 42 95 32 34 45 78 80 85 68 10 41 58 60 92 62 74 37 43 94 96 6 31 57 11 44 46 1 77 27 54 81 16 86 17 38 7 8 61 55 25 21 90 29 89 97 5 15 66 56 12 47 0 83 76 53
71 70
71 72
71 33
71 79
70 69
70 59
70 40
72 73
72 42
72 95
33 32
33 34
33 45
79 78
79 80
79 85
69 68
69 10
69 41
59 58
59 60
59 92
40 62
73 74
73 37
42 43
95 94
95 96
95 6
32 31
32 57
34 11
45 44
45 46
45 1
78 77
78 27
78 54
80 81
80 16
85 86
85 17
68 38
68 7
41 8
60 61
60 55
92 25
62 21
74 90
37 29
94 89
96 97
6 5
6 15
31 66
57 56
11 12
46 47
1 0
1 83
77 76
54 53