0 1 2 4 7 8 9 10 12 14 15 16 17 18 19 20 22 23 25 26 27 28 29 30 31 32 33 34 35 36 39 41 42 43 44 45 46 48 50 51 52 53 54 56 57 59 62 63 64 65 66 67 70 71 75 76 78 80 81 83 85 93 94 99
0 1
1 2
2 42
4 80
7 17
8 93
8 9
8 71
8 39
9 20
9 36
10 99
12 31
12 64
14 62
14 15
15 56
16 17
16 27
18 19
18 48
18 33
19 94
22 66
22 25
23 70
23 85
25 26
27 50
27 28
27 99
28 29
29 67
29 32
30 31
31 35
33 42
34 35
34 45
35 52
35 36
41 42
43 44
44 45
45 57
46 80
48 50
48 76
51 52
51 70
53 54
53 83
53 94
56 80
57 76
59 94
62 63
64 65
65 66
67 81
71 80
75 76
78 83