92 66 81 67 68 82 69 64 80 65 89 78 87 91 88 73 84 90 52 74 79 28 56 76 86 54 75 60 31 62 58 77 25 50 70 83 71 85 22 44 48 72 21 42 46 40 36 32 38 17 34 93 6 12 4 8 1 3 2
92 89
92 88
66 81
66 36
81 67
81 88
67 38
68 82
68 40
82 69
82 89
69 42
64 80
64 32
80 65
80 88
65 34
89 83
78 87
78 60
87 91
87 79
91 86
91 93
73 84
73 50
84 90
84 72
90 85
90 93
52 74
74 85
79 62
28 56
56 76
76 86
86 77
54 75
75 85
31 62
58 77
25 50
25 12
70 83
70 44
83 71
71 46
22 44
48 72
21 42
17 34
17 8
6 12
6 3
4 8
4 2
1 3
1 2