55 11 59 88 10 56 57 7 47 43 70 15 72 71 80 18 81 2 31 45 34 3 35 22 92 1 29 77 90 21 36 6 44 49 8 51 41 69 23 96 84 16 73 9 53 0 27 28 48 46 24 98 12 62 99 61 95 68 14 52 66 13
55 10
55 53
11 59
59 88
88 21
10 56
10 57
57 90
57 73
57 48
7 47
7 48
7 46
47 43
43 6
43 28
43 95
70 15
15 72
15 71
71 92
71 96
80 18
80 46
18 81
2 31
31 45
45 6
34 3
34 99
3 35
3 36
35 68
22 92
1 29
1 28
29 77
77 27
90 21
6 44
49 8
49 96
8 51
41 69
69 14
23 96
23 95
96 84
16 73
9 53
9 52
0 27
27 61
24 98
24 99
12 62
12 61
62 99
68 14
52 66
66 13