0 1 2 4 7 8 9 10 11 12 13 14 15 17 18 20 21 22 23 24 25 26 27 28 29 30 31 32 33 34 35 37 38 41 42 45 46 47 48 49 50 52 53 54 55 57 58 59 61 62 64 65 66 67 68 69 70 73 74 75 76 77 78 79 81 82 83 84 85 86 91 92 93 94 95 97 98
0 34
0 33
0 24
0 30
1 35
1 21
1 15
1 18
1 28
2 38
2 37
2 9
4 41
4 42
4 20
4 14
7 47
7 17
7 29
7 48
8 49
8 50
8 15
9 52
10 53
10 54
11 55
11 21
12 58
12 32
12 27
13 59
13 23
14 61
15 64
17 67
17 31
17 26
17 68
18 70
18 69
18 23
20 73
21 75
21 27
21 76
22 78
22 77
23 79
24 82
25 83
25 84
26 85
26 86
29 91
29 92
30 93
30 94
31 95
32 97
32 98
33 35
45 47
46 48
50 52
53 55
57 59
62 64
65 67
66 68
73 75
74 76
77 79
81 83
82 84
93 95