49 14 15 16 73 74 75 17 18 81 82 83 24 25 26 2 3 4 71 72 91 92 93 34 35 36 85 86 87 67 68 69 77 78 79 59 60 61 65 66 94 95 22 23 51 52 53 6 7 8 63 64 80 30 31 32 97 98 9 10 40 41 42 88 89 37 38 62 57 58 11 12 55 56 5 28 29 76 90 84 39 50 33 27 13 96 43 44 70 54 1 45 46 47 48 19 20 21
49 50
49 48
14 15
14 13
15 16
16 17
73 74
73 72
74 75
75 76
17 18
18 19
81 82
81 80
82 83
83 84
24 25
24 23
25 26
26 27
2 3
2 1
3 4
4 5
71 72
71 70
91 92
91 90
92 93
93 94
34 35
34 33
35 36
36 37
85 86
85 84
86 87
87 88
67 68
67 66
68 69
69 70
77 78
77 76
78 79
79 80
59 60
59 58
60 61
61 62
65 66
65 64
94 95
95 96
22 23
22 21
51 52
51 50
52 53
53 54
6 7
6 5
7 8
8 9
63 64
63 62
30 31
30 29
31 32
32 33
97 98
97 96
9 10
10 11
40 41
40 39
41 42
42 43
88 89
89 90
37 38
38 39
57 58
57 56
11 12
12 13
55 56
55 54
28 29
28 27
43 44
44 45
45 46
46 47
47 48
19 20
20 21