66 13 28 44 90 76 0 2 7 18 19 64 65 1 26 6 25 51 21 30 46 61 17 93 10 27 9 31 32 33 4 20 47 48 79 80 81 82 83 84 62 69 29 43 45 89 56 8 88 12 50 77 78 22 63 55 57 42 70 52 53 54 40 85 97 86 37 38 39 87 41 98 96 94 34 36 14
66 13
66 28
66 44
66 90
66 76
13 0
13 2
13 7
13 18
13 19
13 64
13 65
28 1
28 26
44 6
44 25
44 51
90 21
90 30
90 46
90 61
76 17
76 93
0 10
0 27
2 9
2 31
2 32
2 33
7 4
7 20
7 47
7 48
18 79
18 80
18 81
19 82
19 83
19 84
64 62
64 69
1 29
6 43
6 45
25 89
25 56
51 8
21 88
61 12
61 50
17 77
17 78
93 22
93 63
10 55
10 57
27 42
27 70
9 52
9 53
9 54
31 40
33 85
33 97
33 86
4 37
4 38
4 39
20 87
47 41
48 98
79 96
81 94
62 34
62 36
69 14