0 14 8 38 39 40 41 42 43 44 45 46 47 48 49 50 51 52 53 54 55 56 57 58 59 60 61 62 63 64 65 66 67 4 22 27 75 37 96 1 5 6 7 9 10 11 12 16 17 20 21 23 24 25 26 28 29 30 31 32 33 34 35 36 15 70 94 79 84 2
0 14
0 8
0 38
0 39
0 40
0 41
0 42
0 43
0 44
0 45
0 46
0 47
0 48
0 49
0 50
0 51
0 52
0 53
0 54
0 55
0 56
0 57
0 58
0 59
0 60
0 61
0 62
0 63
0 64
0 65
0 66
0 67
14 4
14 22
14 27
14 75
8 37
8 96
38 1
40 5
41 6
42 7
44 9
45 10
46 11
47 12
49 16
50 17
51 20
52 21
54 23
55 24
56 25
57 26
58 28
59 29
60 30
61 31
62 32
63 33
64 34
65 35
66 36
4 15
4 70
4 94
22 79
27 84
96 2