57 55 56 64 58 5 59 90 61 63 62 6 8 9 91 94 19 60 11 42 74 34 96 89 66 92 18 48 1 12 53 43 41 75 72 31 85 88 28 69 16 47 45 4 0 52 37 40 84 76 26 73 86 87 27 67 49 36 83 82 23
57 55
57 56
57 64
55 58
55 5
56 59
56 90
64 61
64 63
64 62
5 6
5 8
5 9
90 91
90 94
90 19
61 60
63 11
62 42
62 74
6 34
8 96
9 89
91 66
94 92
19 18
19 48
60 1
11 12
11 53
42 43
42 41
42 75
74 72
34 31
89 85
89 88
89 28
66 69
18 16
48 47
48 45
48 4
1 0
53 52
43 37
41 40
41 84
75 76
75 26
72 73
85 86
88 87
28 27
69 67
45 49
37 36
84 83
84 82
73 23