0 30 36 37 34 44 45 46 47 48 49 50 51 52 53 54 55 56 57 58 59 60 61 62 63 64 65 66 67 68 69 70 71 72 73 74 97 17 43 1 2 4 5 6 7 8 9 10 11 12 14 15 16 18 19 21 24 25 27 29 35 38 39 40 88 75 76 77 78 79 81 82 83 84 85 86 87 89 90 91 93 94 95 96 98 99 31 23 26 22 41 28 42
0 30
0 36
0 37
0 34
0 44
0 45
0 46
0 47
0 48
0 49
0 50
0 51
0 52
0 53
0 54
0 55
0 56
0 57
0 58
0 59
0 60
0 61
0 62
0 63
0 64
0 65
0 66
0 67
0 68
0 69
0 70
0 71
0 72
0 73
0 74
30 97
34 17
34 43
44 1
45 2
46 4
47 5
48 6
49 7
50 8
51 9
52 10
53 11
54 12
55 14
56 15
57 16
58 18
59 19
60 21
61 24
62 25
63 27
64 29
68 35
71 38
72 39
73 40
17 88
1 75
1 76
1 77
1 78
1 79
1 81
1 82
1 83
1 84
1 85
1 86
1 87
1 89
1 90
1 91
1 93
1 94
1 95
1 96
1 98
1 99
2 31
4 23
8 26
8 22
18 41
24 28
24 42