0 7 8 13 15 16 19 21 23 26 34 35 39 40 42 43 44 46 47 53 54 55 61 64 65 66 68 72 74 76 77 79 80 82 83 85 88 90 97 1 3 9 14 17 20 22 27 30 31 36 41 51 59 70 86 89 96 18 32 56 62 78 87 92 93 25 37 45 49 94 63 67 71 73 99 5 29 6
0 82
7 77
7 53
7 40
7 55
8 90
8 47
8 26
13 64
15 49
16 86
19 20
19 86
21 44
21 5
21 83
23 5
26 45
26 86
34 44
34 61
35 67
35 63
35 37
39 73
39 29
42 55
43 6
43 56
44 80
46 73
46 99
47 68
53 1
54 97
54 30
54 96
64 9
65 59
65 30
66 36
72 41
74 49
74 25
76 88
77 9
77 94
79 71
82 92
85 67
88 31
90 14
97 67
1 17
3 9
14 78
22 32
22 36
22 93
27 41
30 31
31 70
36 25
41 51
51 94
51 5
86 62
86 18
89 63
89 73
96 92
96 71
32 56
78 25
87 25
49 67
94 63