79 12 29 74 37 60 38 91 6 39 52 15 65 42 97 8 88 17 7 98 77 99 3 21 48 83 68 41 24 19 28 64 46 18 1 43 75 66 9 20 44 59 27 72 25 0 90 61 2 47 34 35 86 32 13 4 69 70 5 63
79 29
79 24
79 65
79 37
12 77
12 15
12 32
29 8
74 48
74 35
37 90
60 43
60 21
38 98
38 91
91 47
91 52
91 3
91 6
6 64
39 5
39 13
52 59
52 83
15 99
65 97
42 99
42 2
97 41
97 68
8 34
88 70
17 27
17 61
7 98
77 86
21 2
48 86
48 63
48 46
83 75
68 25
24 1
24 66
19 9
28 18
64 69
18 72
18 0
1 61
43 72
75 44
75 35
66 70
9 90
20 25
59 4
27 5
34 86