35 3 89 97 81 83 10 34 36 21 25 24 18 44 63 91 19 74 88 99 12 55 56 57 41 39 0 5 90 26 14 98 15 79 80 6 82 22 45 84 16 30 87 47 11 61 62 75 93 73 4 28 27 40 42 2 67 68 69 51 71 72 52 64 50 43 92 96 94 20 66 7
35 3
35 89
35 97
35 81
35 83
3 10
3 34
3 36
89 21
89 25
97 24
81 18
81 44
81 63
81 91
83 19
83 74
83 88
83 99
10 12
10 55
10 56
10 57
34 41
36 39
21 0
21 5
21 90
25 26
24 14
24 98
18 15
18 79
18 80
44 6
44 82
91 22
91 45
19 84
74 16
74 30
74 87
99 47
12 11
12 61
12 62
55 75
55 93
57 73
39 4
39 28
0 27
5 40
5 42
14 2
14 67
14 68
14 69
98 51
15 71
15 72
79 52
79 64
80 50
6 43
22 92
45 96
30 94
87 20
87 66
47 7