0 1 2 4 5 6 8 10 11 12 14 15 16 17 18 19 20 23 24 26 27 29 30 31 32 35 36 37 38 41 42 43 45 46 49 50 53 54 55 56 57 58 61 62 64 65 66 67 69 70 71 72 73 74 77 78 79 80 81 82 85 86 88 90 91 92 93 94 97 98
0 17
1 35
1 6
1 17
1 36
2 37
2 4
2 30
2 38
4 14
4 27
4 42
4 10
4 8
5 20
5 18
5 43
6 10
6 45
6 11
6 46
8 49
8 50
8 24
11 55
11 32
11 56
12 31
12 58
12 57
12 20
14 61
14 19
15 64
15 26
16 66
16 17
17 67
18 29
19 72
19 71
20 73
20 74
23 31
23 80
23 79
24 82
24 81
26 86
26 85
27 88
27 31
29 91
29 92
30 93
30 94
32 98
32 97
41 43
53 55
54 56
62 64
65 67
69 71
70 72
77 79
78 80
86 88
90 92