0 20 10 56 57 58 59 60 61 62 63 64 65 66 67 68 69 70 71 72 73 74 75 76 77 78 79 80 81 82 83 84 85 86 87 88 89 90 91 3 11 24 17 99 2 4 5 6 8 9 13 14 16 19 23 25 27 30 31 35 39 41 42 43 44 45 46 47 48 49 50 52 12 33 1 92 7 93 94 97 36 98 21 22 38 18 26 29 28 37
0 20
0 10
0 56
0 57
0 58
0 59
0 60
0 61
0 62
0 63
0 64
0 65
0 66
0 67
0 68
0 69
0 70
0 71
0 72
0 73
0 74
0 75
0 76
0 77
0 78
0 79
0 80
0 81
0 82
0 83
0 84
0 85
0 86
0 87
0 88
0 89
0 90
0 91
20 3
20 11
20 24
10 17
10 99
56 2
57 4
58 5
59 6
60 8
61 9
64 13
65 14
66 16
68 19
70 23
71 25
72 27
73 30
74 31
76 35
77 39
78 41
79 42
80 43
81 44
82 45
83 46
84 47
85 48
86 49
87 50
89 52
17 12
17 33
99 1
2 92
4 7
4 93
5 94
8 97
9 36
9 98
13 21
19 22
23 38
35 18
35 26
41 29
46 28
48 37