0 1 2 4 32 5 9 17 33 65 6 18 66 11 12 20 36 68 21 37 69 14 22 70 23 39 71 24 40 25 73 26 27 76 29 77 30 46 31 48 80 50 82 51 83 52 53 54 55 87 56 88 57 89 58 59 60 92 93 62 95 96 97 98 99
0 1
1 9
2 6
2 66
4 5
4 20
32 33
32 36
32 40
9 73
17 25
17 21
33 97
65 97
6 22
6 70
18 82
18 50
66 98
66 82
11 27
12 14
20 21
36 52
68 76
68 69
21 53
21 23
37 39
69 71
14 30
14 46
22 30
22 54
23 31
23 55
23 87
39 55
24 25
24 88
25 89
73 89
26 27
26 30
27 31
76 92
29 31
77 93
31 95
48 52
80 88
51 59
51 55
83 87
52 60
52 53
54 62
56 57
56 58
57 59
89 93
92 93
96 98
97 99