51 10 87 8 89 11 97 4 67 77 81 68 88 34 35 45 65 28 38 41 47 79 2 44 86 7 82 25 70 73 20 63 94 64 36 61 0 95 14 99 29 48 55 52 1 91 60 85 37 21 59 6 62 83 76 98 53 13 71 74 80 93 58 69 24 42 56 17 40 32 3 30 27 19 72 5 9 66 92 39 78 12 18 23 49 46 50 16 96 15 90 43 33
51 10
51 87
10 8
10 89
87 11
87 97
8 4
8 67
89 77
89 81
11 68
11 88
97 34
97 35
4 45
4 65
67 28
67 38
77 41
77 47
81 79
68 2
68 44
88 86
34 7
45 82
65 25
28 70
38 73
41 20
41 63
47 94
79 64
2 36
2 61
44 0
44 95
86 14
86 99
7 29
7 48
25 55
70 52
73 1
73 91
20 60
20 85
63 37
94 21
94 59
64 6
64 62
36 83
61 76
61 98
0 53
95 13
95 71
14 74
14 80
99 93
29 58
29 69
48 24
55 42
55 56
52 17
1 40
85 32
37 3
37 30
21 27
59 19
59 72
83 5
76 9
53 66
13 92
93 39
93 78
69 12
24 18
56 23
56 49
17 46
72 50
9 16
66 96
39 15
78 90
12 43
23 33