3 29 26 36 74 40 50 85 11 2 62 93 63 33 4 13 80 82 75 38 61 78 69 98 92 77 95 48 65 99 10 91 22 17 23 1 32 34 90 7 41 83 35 89 37 21 60 64 39 76 24 12 31 15 96 54 79 6 94 59 55 18 20 68 5 70 19 52 66 67 45 14 28 8 46 73 58 87 9 53 16 71 47 43 0 97
3 29
3 26
3 36
3 74
3 40
29 50
29 85
29 11
26 2
26 62
26 93
36 63
36 33
36 4
36 13
36 80
74 82
40 75
40 38
85 61
85 78
85 69
2 98
2 92
2 77
2 95
2 48
93 65
93 99
93 10
93 91
63 22
33 17
4 23
13 1
13 32
80 34
80 90
82 7
82 41
82 83
82 35
82 89
75 37
38 21
38 60
61 64
61 39
77 76
77 24
77 12
77 31
95 15
95 96
95 54
95 79
48 6
48 94
48 59
99 55
99 18
10 20
10 68
10 5
91 70
91 19
22 52
17 66
17 67
23 45
90 14
41 28
89 8
89 46
21 73
39 58
39 87
24 9
24 53
12 16
12 71
15 47
96 43
96 0
54 97