0 32 34 38 36 68 69 70 71 72 73 74 75 76 77 78 79 80 81 82 83 84 85 86 87 88 89 90 91 92 93 94 95 96 97 98 99 53 7 25 64 65 6 18 31 42 51 1 2 5 8 9 10 11 13 14 16 17 19 20 21 22 23 26 30 35 39 40 41 43 24 58 60 67 48 66 55 45 4 29 46 57 12 63 44 37 3 62 59 50 52 47 28 61 15 49 54
0 32
0 34
0 38
0 36
0 68
0 69
0 70
0 71
0 72
0 73
0 74
0 75
0 76
0 77
0 78
0 79
0 80
0 81
0 82
0 83
0 84
0 85
0 86
0 87
0 88
0 89
0 90
0 91
0 92
0 93
0 94
0 95
0 96
0 97
0 98
0 99
34 53
38 7
38 25
38 64
38 65
36 6
36 18
36 31
36 42
36 51
68 1
69 2
70 5
73 8
74 9
75 10
76 11
77 13
78 14
79 16
80 17
81 19
82 20
83 21
84 22
85 23
86 26
87 30
92 35
95 39
96 40
97 41
99 43
25 24
64 58
51 60
2 67
8 48
9 66
11 55
11 45
19 4
20 29
20 46
22 57
23 12
26 63
30 44
40 37
43 3
48 62
66 59
4 50
57 52
12 47
12 28
44 61
59 15
52 49
28 54